Index              : 485307
EntryType          : Error
InstanceId         : 3221487623
Message            : デバイス \Device\Harddisk0\DR0 に不良ブロックがあります。
Category           : (0)
CategoryNumber     : 0
ReplacementStrings : {\Device\Harddisk0\DR0}
Source             : Disk
TimeGenerated      : 2020/08/25 10:51:24
TimeWritten        : 2020/08/25 10:51:24
UserName           : 

Index              : 485306
EntryType          : Error
InstanceId         : 3221487623
Message            : デバイス \Device\Harddisk0\DR0 に不良ブロックがあります。
Category           : (0)
CategoryNumber     : 0
ReplacementStrings : {\Device\Harddisk0\DR0}
Source             : Disk
TimeGenerated      : 2020/08/25 10:51:24
TimeWritten        : 2020/08/25 10:51:24
UserName           : 

Index              : 485305
EntryType          : Error
InstanceId         : 3221487623
Message            : デバイス \Device\Harddisk0\DR0 に不良ブロックがあります。
Category           : (0)
CategoryNumber     : 0
ReplacementStrings : {\Device\Harddisk0\DR0}
Source             : Disk
TimeGenerated      : 2020/08/25 10:51:24
TimeWritten        : 2020/08/25 10:51:24
UserName           : 

Index              : 485295
EntryType          : Error
InstanceId         : 3221487623
Message            : デバイス \Device\Harddisk0\DR0 に不良ブロックがあります。
Category           : (0)
CategoryNumber     : 0
ReplacementStrings : {\Device\Harddisk0\DR0}
Source             : Disk
TimeGenerated      : 2020/08/25 10:35:32
TimeWritten        : 2020/08/25 10:35:32
UserName           : 

Index              : 485294
EntryType          : Error
InstanceId         : 3221487623
Message            : デバイス \Device\Harddisk0\DR0 に不良ブロックがあります。
Category           : (0)
CategoryNumber     : 0
ReplacementStrings : {\Device\Harddisk0\DR0}
Source             : Disk
TimeGenerated      : 2020/08/25 10:35:32
TimeWritten        : 2020/08/25 10:35:32
UserName           : 

Index              : 485293
EntryType          : Error
InstanceId         : 3221487623
Message            : デバイス \Device\Harddisk0\DR0 に不良ブロックがあります。
Category           : (0)
CategoryNumber     : 0
ReplacementStrings : {\Device\Harddisk0\DR0}
Source             : Disk
TimeGenerated      : 2020/08/25 10:35:32
TimeWritten        : 2020/08/25 10:35:32
UserName           : 

Index              : 485292
EntryType          : Error
InstanceId         : 3221487623
Message            : デバイス \Device\Harddisk0\DR0 に不良ブロックがあります。
Category           : (0)
CategoryNumber     : 0
ReplacementStrings : {\Device\Harddisk0\DR0}
Source             : Disk
TimeGenerated      : 2020/08/25 10:35:32
TimeWritten        : 2020/08/25 10:35:32
UserName           : 

Index              : 485291
EntryType          : Error
InstanceId         : 3221487623
Message            : デバイス \Device\Harddisk0\DR0 に不良ブロックがあります。
Category           : (0)
CategoryNumber     : 0
ReplacementStrings : {\Device\Harddisk0\DR0}
Source             : Disk
TimeGenerated      : 2020/08/25 10:35:32
TimeWritten        : 2020/08/25 10:35:32
UserName           : 

Index              : 485290
EntryType          : Error
InstanceId         : 3221487623
Message            : デバイス \Device\Harddisk0\DR0 に不良ブロックがあります。
Category           : (0)
CategoryNumber     : 0
ReplacementStrings : {\Device\Harddisk0\DR0}
Source             : Disk
TimeGenerated      : 2020/08/25 10:35:31
TimeWritten        : 2020/08/25 10:35:31
UserName           : 

Index              : 485289
EntryType          : Error
InstanceId         : 3221487623
Message            : デバイス \Device\Harddisk0\DR0 に不良ブロックがあります。
Category           : (0)
CategoryNumber     : 0
ReplacementStrings : {\Device\Harddisk0\DR0}
Source             : Disk
TimeGenerated      : 2020/08/25 10:35:31
TimeWritten        : 2020/08/25 10:35:31
UserName           : 

Index              : 485288
EntryType          : Error
InstanceId         : 3221487623
Message            : デバイス \Device\Harddisk0\DR0 に不良ブロックがあります。
Category           : (0)
CategoryNumber     : 0
ReplacementStrings : {\Device\Harddisk0\DR0}
Source             : Disk
TimeGenerated      : 2020/08/25 10:35:31
TimeWritten        : 2020/08/25 10:35:31
UserName           : 

Index              : 485287
EntryType          : Error
InstanceId         : 3221487623
Message            : デバイス \Device\Harddisk0\DR0 に不良ブロックがあります。
Category           : (0)
CategoryNumber     : 0
ReplacementStrings : {\Device\Harddisk0\DR0}
Source             : Disk
TimeGenerated      : 2020/08/25 10:35:31
TimeWritten        : 2020/08/25 10:35:31
UserName           : 

Index              : 485286
EntryType          : Error
InstanceId         : 3221487623
Message            : デバイス \Device\Harddisk0\DR0 に不良ブロックがあります。
Category           : (0)
CategoryNumber     : 0
ReplacementStrings : {\Device\Harddisk0\DR0}
Source             : Disk
TimeGenerated      : 2020/08/25 10:34:54
TimeWritten        : 2020/08/25 10:34:54
UserName           : 

Index              : 485285
EntryType          : Error
InstanceId         : 3221487623
Message            : デバイス \Device\Harddisk0\DR0 に不良ブロックがあります。
Category           : (0)
CategoryNumber     : 0
ReplacementStrings : {\Device\Harddisk0\DR0}
Source             : Disk
TimeGenerated      : 2020/08/25 10:34:54
TimeWritten        : 2020/08/25 10:34:54
UserName           : 

Index              : 485284
EntryType          : Error
InstanceId         : 3221487623
Message            : デバイス \Device\Harddisk0\DR0 に不良ブロックがあります。
Category           : (0)
CategoryNumber     : 0
ReplacementStrings : {\Device\Harddisk0\DR0}
Source             : Disk
TimeGenerated      : 2020/08/25 10:34:54
TimeWritten        : 2020/08/25 10:34:54
UserName           : 

Index              : 485283
EntryType          : Error
InstanceId         : 3221487623
Message            : デバイス \Device\Harddisk0\DR0 に不良ブロックがあります。
Category           : (0)
CategoryNumber     : 0
ReplacementStrings : {\Device\Harddisk0\DR0}
Source             : Disk
TimeGenerated      : 2020/08/25 10:34:54
TimeWritten        : 2020/08/25 10:34:54
UserName           : 

Index              : 485282
EntryType          : Error
InstanceId         : 3221487623
Message            : デバイス \Device\Harddisk0\DR0 に不良ブロックがあります。
Category           : (0)
CategoryNumber     : 0
ReplacementStrings : {\Device\Harddisk0\DR0}
Source             : Disk
TimeGenerated      : 2020/08/25 10:34:54
TimeWritten        : 2020/08/25 10:34:54
UserName           : 

Index              : 485281
EntryType          : Error
InstanceId         : 3221487623
Message            : デバイス \Device\Harddisk0\DR0 に不良ブロックがあります。
Category           : (0)
CategoryNumber     : 0
ReplacementStrings : {\Device\Harddisk0\DR0}
Source             : Disk
TimeGenerated      : 2020/08/25 10:34:54
TimeWritten        : 2020/08/25 10:34:54
UserName           : 

Index              : 485280
EntryType          : Error
InstanceId         : 3221487623
Message            : デバイス \Device\Harddisk0\DR0 に不良ブロックがあります。
Category           : (0)
CategoryNumber     : 0
ReplacementStrings : {\Device\Harddisk0\DR0}
Source             : Disk
TimeGenerated      : 2020/08/25 10:34:54
TimeWritten        : 2020/08/25 10:34:54
UserName           : 

Index              : 485279
EntryType          : Error
InstanceId         : 3221487623
Message            : デバイス \Device\Harddisk0\DR0 に不良ブロックがあります。
Category           : (0)
CategoryNumber     : 0
ReplacementStrings : {\Device\Harddisk0\DR0}
Source             : Disk
TimeGenerated      : 2020/08/25 10:34:53
TimeWritten        : 2020/08/25 10:34:53
UserName           : 

Index              : 485278
EntryType          : Error
InstanceId         : 3221487623
Message            : デバイス \Device\Harddisk0\DR0 に不良ブロックがあります。
Category           : (0)
CategoryNumber     : 0
ReplacementStrings : {\Device\Harddisk0\DR0}
Source             : Disk
TimeGenerated      : 2020/08/25 10:34:53
TimeWritten        : 2020/08/25 10:34:53
UserName           : 

Index              : 485271
EntryType          : Error
InstanceId         : 3221487623
Message            : デバイス \Device\Harddisk0\DR0 に不良ブロックがあります。
Category           : (0)
CategoryNumber     : 0
ReplacementStrings : {\Device\Harddisk0\DR0}
Source             : Disk
TimeGenerated      : 2020/08/25 10:23:30
TimeWritten        : 2020/08/25 10:23:30
UserName           : 

Index              : 485270
EntryType          : Error
InstanceId         : 3221487623
Message            : デバイス \Device\Harddisk0\DR0 に不良ブロックがあります。
Category           : (0)
CategoryNumber     : 0
ReplacementStrings : {\Device\Harddisk0\DR0}
Source             : Disk
TimeGenerated      : 2020/08/25 10:23:30
TimeWritten        : 2020/08/25 10:23:30
UserName           : 

Index              : 485269
EntryType          : Error
InstanceId         : 3221487623
Message            : デバイス \Device\Harddisk0\DR0 に不良ブロックがあります。
Category           : (0)
CategoryNumber     : 0
ReplacementStrings : {\Device\Harddisk0\DR0}
Source             : Disk
TimeGenerated      : 2020/08/25 10:23:30
TimeWritten        : 2020/08/25 10:23:30
UserName           : 

Index              : 485268
EntryType          : Error
InstanceId         : 3221487623
Message            : デバイス \Device\Harddisk0\DR0 に不良ブロックがあります。
Category           : (0)
CategoryNumber     : 0
ReplacementStrings : {\Device\Harddisk0\DR0}
Source             : Disk
TimeGenerated      : 2020/08/25 10:23:30
TimeWritten        : 2020/08/25 10:23:30
UserName           : 

Index              : 485267
EntryType          : Error
InstanceId         : 3221487623
Message            : デバイス \Device\Harddisk0\DR0 に不良ブロックがあります。
Category           : (0)
CategoryNumber     : 0
ReplacementStrings : {\Device\Harddisk0\DR0}
Source             : Disk
TimeGenerated      : 2020/08/25 10:23:30
TimeWritten        : 2020/08/25 10:23:30
UserName           : 

Index              : 485266
EntryType          : Error
InstanceId         : 3221487623
Message            : デバイス \Device\Harddisk0\DR0 に不良ブロックがあります。
Category           : (0)
CategoryNumber     : 0
ReplacementStrings : {\Device\Harddisk0\DR0}
Source             : Disk
TimeGenerated      : 2020/08/25 10:23:30
TimeWritten        : 2020/08/25 10:23:30
UserName           : 

Index              : 485265
EntryType          : Error
InstanceId         : 3221487623
Message            : デバイス \Device\Harddisk0\DR0 に不良ブロックがあります。
Category           : (0)
CategoryNumber     : 0
ReplacementStrings : {\Device\Harddisk0\DR0}
Source             : Disk
TimeGenerated      : 2020/08/25 10:23:29
TimeWritten        : 2020/08/25 10:23:29
UserName           : 

Index              : 485264
EntryType          : Error
InstanceId         : 3221487623
Message            : デバイス \Device\Harddisk0\DR0 に不良ブロックがあります。
Category           : (0)
CategoryNumber     : 0
ReplacementStrings : {\Device\Harddisk0\DR0}
Source             : Disk
TimeGenerated      : 2020/08/25 10:23:29
TimeWritten        : 2020/08/25 10:23:29
UserName           : 

Index              : 485263
EntryType          : Error
InstanceId         : 3221487623
Message            : デバイス \Device\Harddisk0\DR0 に不良ブロックがあります。
Category           : (0)
CategoryNumber     : 0
ReplacementStrings : {\Device\Harddisk0\DR0}
Source             : Disk
TimeGenerated      : 2020/08/25 10:23:29
TimeWritten        : 2020/08/25 10:23:29
UserName           : 

Index              : 485260
EntryType          : Error
InstanceId         : 3221487623
Message            : デバイス \Device\Harddisk0\DR0 に不良ブロックがあります。
Category           : (0)
CategoryNumber     : 0
ReplacementStrings : {\Device\Harddisk0\DR0}
Source             : Disk
TimeGenerated      : 2020/08/25 10:21:40
TimeWritten        : 2020/08/25 10:21:40
UserName           : 

Index              : 485259
EntryType          : Error
InstanceId         : 3221487623
Message            : デバイス \Device\Harddisk0\DR0 に不良ブロックがあります。
Category           : (0)
CategoryNumber     : 0
ReplacementStrings : {\Device\Harddisk0\DR0}
Source             : Disk
TimeGenerated      : 2020/08/25 10:21:40
TimeWritten        : 2020/08/25 10:21:40
UserName           : 

Index              : 485258
EntryType          : Error
InstanceId         : 3221487623
Message            : デバイス \Device\Harddisk0\DR0 に不良ブロックがあります。
Category           : (0)
CategoryNumber     : 0
ReplacementStrings : {\Device\Harddisk0\DR0}
Source             : Disk
TimeGenerated      : 2020/08/25 10:21:40
TimeWritten        : 2020/08/25 10:21:40
UserName           : 

Index              : 485257
EntryType          : Error
InstanceId         : 3221487623
Message            : デバイス \Device\Harddisk0\DR0 に不良ブロックがあります。
Category           : (0)
CategoryNumber     : 0
ReplacementStrings : {\Device\Harddisk0\DR0}
Source             : Disk
TimeGenerated      : 2020/08/25 10:21:39
TimeWritten        : 2020/08/25 10:21:39
UserName           : 

Index              : 485256
EntryType          : Error
InstanceId         : 3221487623
Message            : デバイス \Device\Harddisk0\DR0 に不良ブロックがあります。
Category           : (0)
CategoryNumber     : 0
ReplacementStrings : {\Device\Harddisk0\DR0}
Source             : Disk
TimeGenerated      : 2020/08/25 10:21:39
TimeWritten        : 2020/08/25 10:21:39
UserName           : 

Index              : 485255
EntryType          : Error
InstanceId         : 3221487623
Message            : デバイス \Device\Harddisk0\DR0 に不良ブロックがあります。
Category           : (0)
CategoryNumber     : 0
ReplacementStrings : {\Device\Harddisk0\DR0}
Source             : Disk
TimeGenerated      : 2020/08/25 10:21:39
TimeWritten        : 2020/08/25 10:21:39
UserName           : 

Index              : 485254
EntryType          : Error
InstanceId         : 3221487623
Message            : デバイス \Device\Harddisk0\DR0 に不良ブロックがあります。
Category           : (0)
CategoryNumber     : 0
ReplacementStrings : {\Device\Harddisk0\DR0}
Source             : Disk
TimeGenerated      : 2020/08/25 10:21:39
TimeWritten        : 2020/08/25 10:21:39
UserName           : 

Index              : 485253
EntryType          : Error
InstanceId         : 3221487623
Message            : デバイス \Device\Harddisk0\DR0 に不良ブロックがあります。
Category           : (0)
CategoryNumber     : 0
ReplacementStrings : {\Device\Harddisk0\DR0}
Source             : Disk
TimeGenerated      : 2020/08/25 10:21:39
TimeWritten        : 2020/08/25 10:21:39
UserName           : 

Index              : 485252
EntryType          : Error
InstanceId         : 3221487623
Message            : デバイス \Device\Harddisk0\DR0 に不良ブロックがあります。
Category           : (0)
CategoryNumber     : 0
ReplacementStrings : {\Device\Harddisk0\DR0}
Source             : Disk
TimeGenerated      : 2020/08/25 10:21:39
TimeWritten        : 2020/08/25 10:21:39
UserName           : 

Index              : 485244
EntryType          : Error
InstanceId         : 3221487623
Message            : デバイス \Device\Harddisk0\DR0 に不良ブロックがあります。
Category           : (0)
CategoryNumber     : 0
ReplacementStrings : {\Device\Harddisk0\DR0}
Source             : Disk
TimeGenerated      : 2020/08/25 10:15:18
TimeWritten        : 2020/08/25 10:15:18
UserName           : 

Index              : 485243
EntryType          : Error
InstanceId         : 3221487623
Message            : デバイス \Device\Harddisk0\DR0 に不良ブロックがあります。
Category           : (0)
CategoryNumber     : 0
ReplacementStrings : {\Device\Harddisk0\DR0}
Source             : Disk
TimeGenerated      : 2020/08/25 10:15:17
TimeWritten        : 2020/08/25 10:15:17
UserName           : 

Index              : 485242
EntryType          : Error
InstanceId         : 3221487623
Message            : デバイス \Device\Harddisk0\DR0 に不良ブロックがあります。
Category           : (0)
CategoryNumber     : 0
ReplacementStrings : {\Device\Harddisk0\DR0}
Source             : Disk
TimeGenerated      : 2020/08/25 10:15:17
TimeWritten        : 2020/08/25 10:15:17
UserName           : 

Index              : 485241
EntryType          : Error
InstanceId         : 3221487623
Message            : デバイス \Device\Harddisk0\DR0 に不良ブロックがあります。
Category           : (0)
CategoryNumber     : 0
ReplacementStrings : {\Device\Harddisk0\DR0}
Source             : Disk
TimeGenerated      : 2020/08/25 10:15:17
TimeWritten        : 2020/08/25 10:15:17
UserName           : 

Index              : 485240
EntryType          : Error
InstanceId         : 3221487623
Message            : デバイス \Device\Harddisk0\DR0 に不良ブロックがあります。
Category           : (0)
CategoryNumber     : 0
ReplacementStrings : {\Device\Harddisk0\DR0}
Source             : Disk
TimeGenerated      : 2020/08/25 10:15:17
TimeWritten        : 2020/08/25 10:15:17
UserName           : 

Index              : 485239
EntryType          : Error
InstanceId         : 3221487623
Message            : デバイス \Device\Harddisk0\DR0 に不良ブロックがあります。
Category           : (0)
CategoryNumber     : 0
ReplacementStrings : {\Device\Harddisk0\DR0}
Source             : Disk
TimeGenerated      : 2020/08/25 10:15:17
TimeWritten        : 2020/08/25 10:15:17
UserName           : 

Index              : 485238
EntryType          : Error
InstanceId         : 3221487623
Message            : デバイス \Device\Harddisk0\DR0 に不良ブロックがあります。
Category           : (0)
CategoryNumber     : 0
ReplacementStrings : {\Device\Harddisk0\DR0}
Source             : Disk
TimeGenerated      : 2020/08/25 10:15:17
TimeWritten        : 2020/08/25 10:15:17
UserName           : 

Index              : 485237
EntryType          : Error
InstanceId         : 3221487631
Message            : デバイス \Device\Harddisk0\DR0 はまだアクセスできる状態ではありません。
Category           : (0)
CategoryNumber     : 0
ReplacementStrings : {\Device\Harddisk0\DR0}
Source             : Disk
TimeGenerated      : 2020/08/25 10:15:17
TimeWritten        : 2020/08/25 10:15:17
UserName           : 

Index              : 485236
EntryType          : Error
InstanceId         : 3221487631
Message            : デバイス \Device\Harddisk0\DR0 はまだアクセスできる状態ではありません。
Category           : (0)
CategoryNumber     : 0
ReplacementStrings : {\Device\Harddisk0\DR0}
Source             : Disk
TimeGenerated      : 2020/08/25 10:15:17
TimeWritten        : 2020/08/25 10:15:17
UserName           : 

Index              : 485235
EntryType          : Error
InstanceId         : 3221487631
Message            : デバイス \Device\Harddisk0\DR0 はまだアクセスできる状態ではありません。
Category           : (0)
CategoryNumber     : 0
ReplacementStrings : {\Device\Harddisk0\DR0}
Source             : Disk
TimeGenerated      : 2020/08/25 10:15:17
TimeWritten        : 2020/08/25 10:15:17
UserName           : 

Index              : 485234
EntryType          : Error
InstanceId         : 3221487631
Message            : デバイス \Device\Harddisk0\DR0 はまだアクセスできる状態ではありません。
Category           : (0)
CategoryNumber     : 0
ReplacementStrings : {\Device\Harddisk0\DR0}
Source             : Disk
TimeGenerated      : 2020/08/25 10:15:17
TimeWritten        : 2020/08/25 10:15:17
UserName           : 

Index              : 485233
EntryType          : Error
InstanceId         : 3221487631
Message            : デバイス \Device\Harddisk0\DR0 はまだアクセスできる状態ではありません。
Category           : (0)
CategoryNumber     : 0
ReplacementStrings : {\Device\Harddisk0\DR0}
Source             : Disk
TimeGenerated      : 2020/08/25 10:15:17
TimeWritten        : 2020/08/25 10:15:17
UserName           : 

Index              : 485232
EntryType          : Error
InstanceId         : 3221487631
Message            : デバイス \Device\Harddisk0\DR0 はまだアクセスできる状態ではありません。
Category           : (0)
CategoryNumber     : 0
ReplacementStrings : {\Device\Harddisk0\DR0}
Source             : Disk
TimeGenerated      : 2020/08/25 10:15:17
TimeWritten        : 2020/08/25 10:15:17
UserName           : 

Index              : 485231
EntryType          : Error
InstanceId         : 3221487631
Message            : デバイス \Device\Harddisk0\DR0 はまだアクセスできる状態ではありません。
Category           : (0)
CategoryNumber     : 0
ReplacementStrings : {\Device\Harddisk0\DR0}
Source             : Disk
TimeGenerated      : 2020/08/25 10:15:17
TimeWritten        : 2020/08/25 10:15:17
UserName           : 

Index              : 485230
EntryType          : Error
InstanceId         : 3221487623
Message            : デバイス \Device\Harddisk0\DR0 に不良ブロックがあります。
Category           : (0)
CategoryNumber     : 0
ReplacementStrings : {\Device\Harddisk0\DR0}
Source             : Disk
TimeGenerated      : 2020/08/25 10:15:17
TimeWritten        : 2020/08/25 10:15:17
UserName           : 

Index              : 485228
EntryType          : Error
InstanceId         : 3221487631
Message            : デバイス \Device\Harddisk0\DR0 はまだアクセスできる状態ではありません。
Category           : (0)
CategoryNumber     : 0
ReplacementStrings : {\Device\Harddisk0\DR0}
Source             : Disk
TimeGenerated      : 2020/08/25 10:15:17
TimeWritten        : 2020/08/25 10:15:17
UserName           : 

Index              : 485226
EntryType          : Error
InstanceId         : 3221487631
Message            : デバイス \Device\Harddisk0\DR0 はまだアクセスできる状態ではありません。
Category           : (0)
CategoryNumber     : 0
ReplacementStrings : {\Device\Harddisk0\DR0}
Source             : Disk
TimeGenerated      : 2020/08/25 10:15:17
TimeWritten        : 2020/08/25 10:15:17
UserName           : 

Index              : 485225
EntryType          : Error
InstanceId         : 3221487623
Message            : デバイス \Device\Harddisk0\DR0 に不良ブロックがあります。
Category           : (0)
CategoryNumber     : 0
ReplacementStrings : {\Device\Harddisk0\DR0}
Source             : Disk
TimeGenerated      : 2020/08/25 10:15:17
TimeWritten        : 2020/08/25 10:15:17
UserName           : 

Index              : 483417
EntryType          : Error
InstanceId         : 3221487623
Message            : デバイス \Device\Harddisk0\DR0 に不良ブロックがあります。
Category           : (0)
CategoryNumber     : 0
ReplacementStrings : {\Device\Harddisk0\DR0}
Source             : Disk
TimeGenerated      : 2020/08/23 9:47:41
TimeWritten        : 2020/08/23 9:47:41
UserName           : 

Index              : 483416
EntryType          : Error
InstanceId         : 3221487623
Message            : デバイス \Device\Harddisk0\DR0 に不良ブロックがあります。
Category           : (0)
CategoryNumber     : 0
ReplacementStrings : {\Device\Harddisk0\DR0}
Source             : Disk
TimeGenerated      : 2020/08/23 9:47:41
TimeWritten        : 2020/08/23 9:47:41
UserName           : 

Index              : 483415
EntryType          : Error
InstanceId         : 3221487623
Message            : デバイス \Device\Harddisk0\DR0 に不良ブロックがあります。
Category           : (0)
CategoryNumber     : 0
ReplacementStrings : {\Device\Harddisk0\DR0}
Source             : Disk
TimeGenerated      : 2020/08/23 9:47:41
TimeWritten        : 2020/08/23 9:47:41
UserName           : 

Index              : 483414
EntryType          : Error
InstanceId         : 3221487623
Message            : デバイス \Device\Harddisk0\DR0 に不良ブロックがあります。
Category           : (0)
CategoryNumber     : 0
ReplacementStrings : {\Device\Harddisk0\DR0}
Source             : Disk
TimeGenerated      : 2020/08/23 9:47:41
TimeWritten        : 2020/08/23 9:47:41
UserName           : 

Index              : 483413
EntryType          : Error
InstanceId         : 3221487623
Message            : デバイス \Device\Harddisk0\DR0 に不良ブロックがあります。
Category           : (0)
CategoryNumber     : 0
ReplacementStrings : {\Device\Harddisk0\DR0}
Source             : Disk
TimeGenerated      : 2020/08/23 9:47:41
TimeWritten        : 2020/08/23 9:47:41
UserName           : 

Index              : 483412
EntryType          : Error
InstanceId         : 3221487623
Message            : デバイス \Device\Harddisk0\DR0 に不良ブロックがあります。
Category           : (0)
CategoryNumber     : 0
ReplacementStrings : {\Device\Harddisk0\DR0}
Source             : Disk
TimeGenerated      : 2020/08/23 9:47:41
TimeWritten        : 2020/08/23 9:47:41
UserName           : 

Index              : 483411
EntryType          : Error
InstanceId         : 3221487623
Message            : デバイス \Device\Harddisk0\DR0 に不良ブロックがあります。
Category           : (0)
CategoryNumber     : 0
ReplacementStrings : {\Device\Harddisk0\DR0}
Source             : Disk
TimeGenerated      : 2020/08/23 9:47:41
TimeWritten        : 2020/08/23 9:47:41
UserName           : 

Index              : 483410
EntryType          : Error
InstanceId         : 3221487623
Message            : デバイス \Device\Harddisk0\DR0 に不良ブロックがあります。
Category           : (0)
CategoryNumber     : 0
ReplacementStrings : {\Device\Harddisk0\DR0}
Source             : Disk
TimeGenerated      : 2020/08/23 9:47:41
TimeWritten        : 2020/08/23 9:47:41
UserName           : 

Index              : 483409
EntryType          : Error
InstanceId         : 3221487623
Message            : デバイス \Device\Harddisk0\DR0 に不良ブロックがあります。
Category           : (0)
CategoryNumber     : 0
ReplacementStrings : {\Device\Harddisk0\DR0}
Source             : Disk
TimeGenerated      : 2020/08/23 9:47:40
TimeWritten        : 2020/08/23 9:47:40
UserName           : 

Index              : 483408
EntryType          : Error
InstanceId         : 3221487623
Message            : デバイス \Device\Harddisk0\DR0 に不良ブロックがあります。
Category           : (0)
CategoryNumber     : 0
ReplacementStrings : {\Device\Harddisk0\DR0}
Source             : Disk
TimeGenerated      : 2020/08/23 9:47:40
TimeWritten        : 2020/08/23 9:47:40
UserName           : 

Index              : 483407
EntryType          : Error
InstanceId         : 3221487623
Message            : デバイス \Device\Harddisk0\DR0 に不良ブロックがあります。
Category           : (0)
CategoryNumber     : 0
ReplacementStrings : {\Device\Harddisk0\DR0}
Source             : Disk
TimeGenerated      : 2020/08/23 9:47:40
TimeWritten        : 2020/08/23 9:47:40
UserName           : 

Index              : 483406
EntryType          : Error
InstanceId         : 3221487623
Message            : デバイス \Device\Harddisk0\DR0 に不良ブロックがあります。
Category           : (0)
CategoryNumber     : 0
ReplacementStrings : {\Device\Harddisk0\DR0}
Source             : Disk
TimeGenerated      : 2020/08/23 9:47:40
TimeWritten        : 2020/08/23 9:47:40
UserName           : 

Index              : 483405
EntryType          : Error
InstanceId         : 3221487623
Message            : デバイス \Device\Harddisk0\DR0 に不良ブロックがあります。
Category           : (0)
CategoryNumber     : 0
ReplacementStrings : {\Device\Harddisk0\DR0}
Source             : Disk
TimeGenerated      : 2020/08/23 9:47:40
TimeWritten        : 2020/08/23 9:47:40
UserName           : 

Index              : 483404
EntryType          : Error
InstanceId         : 3221487623
Message            : デバイス \Device\Harddisk0\DR0 に不良ブロックがあります。
Category           : (0)
CategoryNumber     : 0
ReplacementStrings : {\Device\Harddisk0\DR0}
Source             : Disk
TimeGenerated      : 2020/08/23 9:47:40
TimeWritten        : 2020/08/23 9:47:40
UserName           : 

Index              : 483403
EntryType          : Error
InstanceId         : 3221487623
Message            : デバイス \Device\Harddisk0\DR0 に不良ブロックがあります。
Category           : (0)
CategoryNumber     : 0
ReplacementStrings : {\Device\Harddisk0\DR0}
Source             : Disk
TimeGenerated      : 2020/08/23 9:47:40
TimeWritten        : 2020/08/23 9:47:40
UserName           : 

Index              : 483379
EntryType          : Error
InstanceId         : 10016
Message            : The description for Event ID '10016' in Source 'DCOM' cannot be found.  The local computer may not
                      have the necessary registry information or message DLL files to display the message, or you may n
                     ot have permission to access them.  The following information is part of the event:'アプリケーション固有', '
                     ローカル', 'アクティブ化', '{8D8F4F83-3594-4F07-8369-FC3C3CAE4919}', '{F72671A9-012C-4725-9D2F-2A4D32D65169}
                     ', 'NT AUTHORITY', 'SYSTEM', 'S-1-5-18', 'LocalHost (LRPC 使用)', '利用不可', '利用不可'
Category           : (0)
CategoryNumber     : 0
ReplacementStrings : {アプリケーション固有, ローカル, アクティブ化, {8D8F4F83-3594-4F07-8369-FC3C3CAE4919}...}
Source             : DCOM
TimeGenerated      : 2020/08/23 9:43:23
TimeWritten        : 2020/08/23 9:43:23
UserName           : NT AUTHORITY\SYSTEM

Index              : 475966
EntryType          : Error
InstanceId         : 3221232506
Message            : Consul サービスは予期せぬ原因により終了しました。このサービスの強制終了は 1 回目です。
Category           : (0)
CategoryNumber     : 0
ReplacementStrings : {Consul, 1}
Source             : Service Control Manager
TimeGenerated      : 2020/08/14 14:49:23
TimeWritten        : 2020/08/14 14:49:23
UserName           : 

Index              : 475938
EntryType          : Error
InstanceId         : 3221232472
Message            : SQLWriter サービスを、次のエラーが原因で開始できませんでした: 
                     %%1053
Category           : (0)
CategoryNumber     : 0
ReplacementStrings : {SQLWriter, %%1053}
Source             : Service Control Manager
TimeGenerated      : 2020/08/14 14:49:06
TimeWritten        : 2020/08/14 14:49:06
UserName           : 

Index              : 475937
EntryType          : Error
InstanceId         : 3221232481
Message            : SQLWriter サービスの接続を待機中にタイムアウト (30000 ミリ秒) になりました。
Category           : (0)
CategoryNumber     : 0
ReplacementStrings : {30000, SQLWriter}
Source             : Service Control Manager
TimeGenerated      : 2020/08/14 14:49:06
TimeWritten        : 2020/08/14 14:49:06
UserName           : 

Index              : 475792
EntryType          : Error
InstanceId         : 3221232515
Message            : Update Orchestrator Service for Windows Update サービスは、プレシャットダウン コントロールを受け取った後に正しくシャットダウンされませんでした。
Category           : (0)
CategoryNumber     : 0
ReplacementStrings : {Update Orchestrator Service for Windows Update}
Source             : Service Control Manager
TimeGenerated      : 2020/08/14 14:42:49
TimeWritten        : 2020/08/14 14:42:49
UserName           : 

Index              : 475785
EntryType          : Error
InstanceId         : 10016
Message            : The description for Event ID '10016' in Source 'DCOM' cannot be found.  The local computer may not
                      have the necessary registry information or message DLL files to display the message, or you may n
                     ot have permission to access them.  The following information is part of the event:'アプリケーション固有', '
                     ローカル', 'アクティブ化', '{D63B10C5-BB46-4990-A94F-E40B9D520160}', '{9CA88EE3-ACB7-47C8-AFC4-AB702511C276}
                     ', 'NT AUTHORITY', 'SYSTEM', 'S-1-5-18', 'LocalHost (LRPC 使用)', '利用不可', '利用不可'
Category           : (0)
CategoryNumber     : 0
ReplacementStrings : {アプリケーション固有, ローカル, アクティブ化, {D63B10C5-BB46-4990-A94F-E40B9D520160}...}
Source             : DCOM
TimeGenerated      : 2020/08/14 14:41:50
TimeWritten        : 2020/08/14 14:41:50
UserName           : NT AUTHORITY\SYSTEM

Index              : 475647
EntryType          : Error
InstanceId         : 3221232472
Message            : SQL Server VSS Writer サービスを、次のエラーが原因で開始できませんでした: 
                     %%1053
Category           : (0)
CategoryNumber     : 0
ReplacementStrings : {SQL Server VSS Writer, %%1053}
Source             : Service Control Manager
TimeGenerated      : 2020/08/14 11:05:32
TimeWritten        : 2020/08/14 11:05:32
UserName           : 

Index              : 475646
EntryType          : Error
InstanceId         : 3221232481
Message            : SQL Server VSS Writer サービスの接続を待機中にタイムアウト (30000 ミリ秒) になりました。
Category           : (0)
CategoryNumber     : 0
ReplacementStrings : {30000, SQL Server VSS Writer}
Source             : Service Control Manager
TimeGenerated      : 2020/08/14 11:05:32
TimeWritten        : 2020/08/14 11:05:32
UserName           : 

Index              : 475582
EntryType          : Error
InstanceId         : 3221487623
Message            : デバイス \Device\Harddisk0\DR0 に不良ブロックがあります。
Category           : (0)
CategoryNumber     : 0
ReplacementStrings : {\Device\Harddisk0\DR0}
Source             : Disk
TimeGenerated      : 2020/08/14 10:24:44
TimeWritten        : 2020/08/14 10:24:44
UserName           : 

Index              : 475581
EntryType          : Error
InstanceId         : 3221487623
Message            : デバイス \Device\Harddisk0\DR0 に不良ブロックがあります。
Category           : (0)
CategoryNumber     : 0
ReplacementStrings : {\Device\Harddisk0\DR0}
Source             : Disk
TimeGenerated      : 2020/08/14 10:24:44
TimeWritten        : 2020/08/14 10:24:44
UserName           : 

Index              : 475580
EntryType          : Error
InstanceId         : 3221487623
Message            : デバイス \Device\Harddisk0\DR0 に不良ブロックがあります。
Category           : (0)
CategoryNumber     : 0
ReplacementStrings : {\Device\Harddisk0\DR0}
Source             : Disk
TimeGenerated      : 2020/08/14 10:24:44
TimeWritten        : 2020/08/14 10:24:44
UserName           : 

Index              : 475579
EntryType          : Error
InstanceId         : 3221487623
Message            : デバイス \Device\Harddisk0\DR0 に不良ブロックがあります。
Category           : (0)
CategoryNumber     : 0
ReplacementStrings : {\Device\Harddisk0\DR0}
Source             : Disk
TimeGenerated      : 2020/08/14 10:24:44
TimeWritten        : 2020/08/14 10:24:44
UserName           : 

Index              : 475578
EntryType          : Error
InstanceId         : 3221487623
Message            : デバイス \Device\Harddisk0\DR0 に不良ブロックがあります。
Category           : (0)
CategoryNumber     : 0
ReplacementStrings : {\Device\Harddisk0\DR0}
Source             : Disk
TimeGenerated      : 2020/08/14 10:24:44
TimeWritten        : 2020/08/14 10:24:44
UserName           : 

Index              : 475577
EntryType          : Error
InstanceId         : 3221487623
Message            : デバイス \Device\Harddisk0\DR0 に不良ブロックがあります。
Category           : (0)
CategoryNumber     : 0
ReplacementStrings : {\Device\Harddisk0\DR0}
Source             : Disk
TimeGenerated      : 2020/08/14 10:24:44
TimeWritten        : 2020/08/14 10:24:44
UserName           : 

Index              : 475576
EntryType          : Error
InstanceId         : 3221487623
Message            : デバイス \Device\Harddisk0\DR0 に不良ブロックがあります。
Category           : (0)
CategoryNumber     : 0
ReplacementStrings : {\Device\Harddisk0\DR0}
Source             : Disk
TimeGenerated      : 2020/08/14 10:24:44
TimeWritten        : 2020/08/14 10:24:44
UserName           : 

Index              : 475575
EntryType          : Error
InstanceId         : 3221487623
Message            : デバイス \Device\Harddisk0\DR0 に不良ブロックがあります。
Category           : (0)
CategoryNumber     : 0
ReplacementStrings : {\Device\Harddisk0\DR0}
Source             : Disk
TimeGenerated      : 2020/08/14 10:24:44
TimeWritten        : 2020/08/14 10:24:44
UserName           : 

Index              : 475574
EntryType          : Error
InstanceId         : 3221487623
Message            : デバイス \Device\Harddisk0\DR0 に不良ブロックがあります。
Category           : (0)
CategoryNumber     : 0
ReplacementStrings : {\Device\Harddisk0\DR0}
Source             : Disk
TimeGenerated      : 2020/08/14 10:24:44
TimeWritten        : 2020/08/14 10:24:44
UserName           : 

Index              : 475573
EntryType          : Error
InstanceId         : 3221487623
Message            : デバイス \Device\Harddisk0\DR0 に不良ブロックがあります。
Category           : (0)
CategoryNumber     : 0
ReplacementStrings : {\Device\Harddisk0\DR0}
Source             : Disk
TimeGenerated      : 2020/08/14 10:24:44
TimeWritten        : 2020/08/14 10:24:44
UserName           : 

Index              : 475572
EntryType          : Error
InstanceId         : 3221487623
Message            : デバイス \Device\Harddisk0\DR0 に不良ブロックがあります。
Category           : (0)
CategoryNumber     : 0
ReplacementStrings : {\Device\Harddisk0\DR0}
Source             : Disk
TimeGenerated      : 2020/08/14 10:24:44
TimeWritten        : 2020/08/14 10:24:44
UserName           : 

Index              : 475571
EntryType          : Error
InstanceId         : 3221487623
Message            : デバイス \Device\Harddisk0\DR0 に不良ブロックがあります。
Category           : (0)
CategoryNumber     : 0
ReplacementStrings : {\Device\Harddisk0\DR0}
Source             : Disk
TimeGenerated      : 2020/08/14 10:24:44
TimeWritten        : 2020/08/14 10:24:44
UserName           : 

Index              : 475570
EntryType          : Error
InstanceId         : 3221487623
Message            : デバイス \Device\Harddisk0\DR0 に不良ブロックがあります。
Category           : (0)
CategoryNumber     : 0
ReplacementStrings : {\Device\Harddisk0\DR0}
Source             : Disk
TimeGenerated      : 2020/08/14 10:24:44
TimeWritten        : 2020/08/14 10:24:44
UserName           : 

Index              : 475569
EntryType          : Error
InstanceId         : 3221487623
Message            : デバイス \Device\Harddisk0\DR0 に不良ブロックがあります。
Category           : (0)
CategoryNumber     : 0
ReplacementStrings : {\Device\Harddisk0\DR0}
Source             : Disk
TimeGenerated      : 2020/08/14 10:24:44
TimeWritten        : 2020/08/14 10:24:44
UserName           : 

Index              : 475568
EntryType          : Error
InstanceId         : 3221487623
Message            : デバイス \Device\Harddisk0\DR0 に不良ブロックがあります。
Category           : (0)
CategoryNumber     : 0
ReplacementStrings : {\Device\Harddisk0\DR0}
Source             : Disk
TimeGenerated      : 2020/08/14 10:24:43
TimeWritten        : 2020/08/14 10:24:43
UserName           : 

Index              : 475542
EntryType          : Error
InstanceId         : 10016
Message            : The description for Event ID '10016' in Source 'DCOM' cannot be found.  The local computer may not
                      have the necessary registry information or message DLL files to display the message, or you may n
                     ot have permission to access them.  The following information is part of the event:'アプリケーション固有', '
                     ローカル', 'アクティブ化', '{8D8F4F83-3594-4F07-8369-FC3C3CAE4919}', '{F72671A9-012C-4725-9D2F-2A4D32D65169}
                     ', 'NT AUTHORITY', 'SYSTEM', 'S-1-5-18', 'LocalHost (LRPC 使用)', '利用不可', '利用不可'
Category           : (0)
CategoryNumber     : 0
ReplacementStrings : {アプリケーション固有, ローカル, アクティブ化, {8D8F4F83-3594-4F07-8369-FC3C3CAE4919}...}
Source             : DCOM
TimeGenerated      : 2020/08/14 10:21:10
TimeWritten        : 2020/08/14 10:21:10
UserName           : NT AUTHORITY\SYSTEM



