Index              : 535186
EntryType          : Error
InstanceId         : 10016
Message            : The description for Event ID '10016' in Source 'DCOM' cannot be found.  The local computer may not
                      have the necessary registry information or message DLL files to display the message, or you may n
                     ot have permission to access them.  The following information is part of the event:'アプリケーション固有', '
                     ローカル', 'アクティブ化', '{D63B10C5-BB46-4990-A94F-E40B9D520160}', '{9CA88EE3-ACB7-47C8-AFC4-AB702511C276}
                     ', 'WIN-JKSSMTI1TM6', 'Administrator', 'S-1-5-21-4127652004-385634555-3113667412-500', 'LocalHost 
                     (LRPC 使用)', '利用不可', '利用不可'
Category           : (0)
CategoryNumber     : 0
ReplacementStrings : {アプリケーション固有, ローカル, アクティブ化, {D63B10C5-BB46-4990-A94F-E40B9D520160}...}
Source             : DCOM
TimeGenerated      : 2020/10/22 14:51:57
TimeWritten        : 2020/10/22 14:51:57
UserName           : WIN-JKSSMTI1TM6\Administrator

Index              : 535185
EntryType          : Error
InstanceId         : 10016
Message            : The description for Event ID '10016' in Source 'DCOM' cannot be found.  The local computer may not
                      have the necessary registry information or message DLL files to display the message, or you may n
                     ot have permission to access them.  The following information is part of the event:'アプリケーション固有', '
                     ローカル', 'アクティブ化', '{D63B10C5-BB46-4990-A94F-E40B9D520160}', '{9CA88EE3-ACB7-47C8-AFC4-AB702511C276}
                     ', 'WIN-JKSSMTI1TM6', 'Administrator', 'S-1-5-21-4127652004-385634555-3113667412-500', 'LocalHost 
                     (LRPC 使用)', '利用不可', '利用不可'
Category           : (0)
CategoryNumber     : 0
ReplacementStrings : {アプリケーション固有, ローカル, アクティブ化, {D63B10C5-BB46-4990-A94F-E40B9D520160}...}
Source             : DCOM
TimeGenerated      : 2020/10/22 14:51:55
TimeWritten        : 2020/10/22 14:51:55
UserName           : WIN-JKSSMTI1TM6\Administrator

Index              : 535184
EntryType          : Error
InstanceId         : 10016
Message            : The description for Event ID '10016' in Source 'DCOM' cannot be found.  The local computer may not
                      have the necessary registry information or message DLL files to display the message, or you may n
                     ot have permission to access them.  The following information is part of the event:'アプリケーション固有', '
                     ローカル', 'アクティブ化', '{D63B10C5-BB46-4990-A94F-E40B9D520160}', '{9CA88EE3-ACB7-47C8-AFC4-AB702511C276}
                     ', 'WIN-JKSSMTI1TM6', 'Administrator', 'S-1-5-21-4127652004-385634555-3113667412-500', 'LocalHost 
                     (LRPC 使用)', '利用不可', '利用不可'
Category           : (0)
CategoryNumber     : 0
ReplacementStrings : {アプリケーション固有, ローカル, アクティブ化, {D63B10C5-BB46-4990-A94F-E40B9D520160}...}
Source             : DCOM
TimeGenerated      : 2020/10/22 14:51:53
TimeWritten        : 2020/10/22 14:51:53
UserName           : WIN-JKSSMTI1TM6\Administrator

Index              : 535183
EntryType          : Error
InstanceId         : 10016
Message            : The description for Event ID '10016' in Source 'DCOM' cannot be found.  The local computer may not
                      have the necessary registry information or message DLL files to display the message, or you may n
                     ot have permission to access them.  The following information is part of the event:'アプリケーション固有', '
                     ローカル', 'アクティブ化', '{D63B10C5-BB46-4990-A94F-E40B9D520160}', '{9CA88EE3-ACB7-47C8-AFC4-AB702511C276}
                     ', 'WIN-JKSSMTI1TM6', 'Administrator', 'S-1-5-21-4127652004-385634555-3113667412-500', 'LocalHost 
                     (LRPC 使用)', '利用不可', '利用不可'
Category           : (0)
CategoryNumber     : 0
ReplacementStrings : {アプリケーション固有, ローカル, アクティブ化, {D63B10C5-BB46-4990-A94F-E40B9D520160}...}
Source             : DCOM
TimeGenerated      : 2020/10/22 14:51:48
TimeWritten        : 2020/10/22 14:51:48
UserName           : WIN-JKSSMTI1TM6\Administrator

Index              : 535182
EntryType          : Error
InstanceId         : 10016
Message            : The description for Event ID '10016' in Source 'DCOM' cannot be found.  The local computer may not
                      have the necessary registry information or message DLL files to display the message, or you may n
                     ot have permission to access them.  The following information is part of the event:'アプリケーション固有', '
                     ローカル', 'アクティブ化', '{D63B10C5-BB46-4990-A94F-E40B9D520160}', '{9CA88EE3-ACB7-47C8-AFC4-AB702511C276}
                     ', 'WIN-JKSSMTI1TM6', 'Administrator', 'S-1-5-21-4127652004-385634555-3113667412-500', 'LocalHost 
                     (LRPC 使用)', '利用不可', '利用不可'
Category           : (0)
CategoryNumber     : 0
ReplacementStrings : {アプリケーション固有, ローカル, アクティブ化, {D63B10C5-BB46-4990-A94F-E40B9D520160}...}
Source             : DCOM
TimeGenerated      : 2020/10/22 14:51:45
TimeWritten        : 2020/10/22 14:51:45
UserName           : WIN-JKSSMTI1TM6\Administrator

Index              : 535181
EntryType          : Error
InstanceId         : 10016
Message            : The description for Event ID '10016' in Source 'DCOM' cannot be found.  The local computer may not
                      have the necessary registry information or message DLL files to display the message, or you may n
                     ot have permission to access them.  The following information is part of the event:'アプリケーション固有', '
                     ローカル', 'アクティブ化', '{D63B10C5-BB46-4990-A94F-E40B9D520160}', '{9CA88EE3-ACB7-47C8-AFC4-AB702511C276}
                     ', 'WIN-JKSSMTI1TM6', 'Administrator', 'S-1-5-21-4127652004-385634555-3113667412-500', 'LocalHost 
                     (LRPC 使用)', '利用不可', '利用不可'
Category           : (0)
CategoryNumber     : 0
ReplacementStrings : {アプリケーション固有, ローカル, アクティブ化, {D63B10C5-BB46-4990-A94F-E40B9D520160}...}
Source             : DCOM
TimeGenerated      : 2020/10/22 14:51:43
TimeWritten        : 2020/10/22 14:51:43
UserName           : WIN-JKSSMTI1TM6\Administrator

Index              : 535180
EntryType          : Error
InstanceId         : 10016
Message            : The description for Event ID '10016' in Source 'DCOM' cannot be found.  The local computer may not
                      have the necessary registry information or message DLL files to display the message, or you may n
                     ot have permission to access them.  The following information is part of the event:'アプリケーション固有', '
                     ローカル', 'アクティブ化', '{D63B10C5-BB46-4990-A94F-E40B9D520160}', '{9CA88EE3-ACB7-47C8-AFC4-AB702511C276}
                     ', 'WIN-JKSSMTI1TM6', 'Administrator', 'S-1-5-21-4127652004-385634555-3113667412-500', 'LocalHost 
                     (LRPC 使用)', '利用不可', '利用不可'
Category           : (0)
CategoryNumber     : 0
ReplacementStrings : {アプリケーション固有, ローカル, アクティブ化, {D63B10C5-BB46-4990-A94F-E40B9D520160}...}
Source             : DCOM
TimeGenerated      : 2020/10/22 14:51:40
TimeWritten        : 2020/10/22 14:51:40
UserName           : WIN-JKSSMTI1TM6\Administrator

Index              : 535146
EntryType          : Error
InstanceId         : 3221232506
Message            : Consul サービスは予期せぬ原因により終了しました。このサービスの強制終了は 1 回目です。
Category           : (0)
CategoryNumber     : 0
ReplacementStrings : {Consul, 1}
Source             : Service Control Manager
TimeGenerated      : 2020/10/22 14:45:08
TimeWritten        : 2020/10/22 14:45:08
UserName           : 

Index              : 535095
EntryType          : Error
InstanceId         : 3221232472
Message            : SQLWriter サービスを、次のエラーが原因で開始できませんでした: 
                     %%1053
Category           : (0)
CategoryNumber     : 0
ReplacementStrings : {SQLWriter, %%1053}
Source             : Service Control Manager
TimeGenerated      : 2020/10/22 14:44:42
TimeWritten        : 2020/10/22 14:44:42
UserName           : 

Index              : 535093
EntryType          : Error
InstanceId         : 3221232481
Message            : SQLWriter サービスの接続を待機中にタイムアウト (30000 ミリ秒) になりました。
Category           : (0)
CategoryNumber     : 0
ReplacementStrings : {30000, SQLWriter}
Source             : Service Control Manager
TimeGenerated      : 2020/10/22 14:44:42
TimeWritten        : 2020/10/22 14:44:42
UserName           : 

Index              : 534983
EntryType          : Error
InstanceId         : 3221232506
Message            : GETPERF Agent サービスは予期せぬ原因により終了しました。このサービスの強制終了は 1 回目です。
Category           : (0)
CategoryNumber     : 0
ReplacementStrings : {GETPERF Agent, 1}
Source             : Service Control Manager
TimeGenerated      : 2020/10/22 14:44:21
TimeWritten        : 2020/10/22 14:44:21
UserName           : 

Index              : 534950
EntryType          : Error
InstanceId         : 10016
Message            : The description for Event ID '10016' in Source 'DCOM' cannot be found.  The local computer may not
                      have the necessary registry information or message DLL files to display the message, or you may n
                     ot have permission to access them.  The following information is part of the event:'アプリケーション固有', '
                     ローカル', 'アクティブ化', '{D63B10C5-BB46-4990-A94F-E40B9D520160}', '{9CA88EE3-ACB7-47C8-AFC4-AB702511C276}
                     ', 'NT AUTHORITY', 'SYSTEM', 'S-1-5-18', 'LocalHost (LRPC 使用)', '利用不可', '利用不可'
Category           : (0)
CategoryNumber     : 0
ReplacementStrings : {アプリケーション固有, ローカル, アクティブ化, {D63B10C5-BB46-4990-A94F-E40B9D520160}...}
Source             : DCOM
TimeGenerated      : 2020/10/22 14:38:29
TimeWritten        : 2020/10/22 14:38:29
UserName           : NT AUTHORITY\SYSTEM

Index              : 534868
EntryType          : Error
InstanceId         : 3221487623
Message            : デバイス \Device\Harddisk0\DR0 に不良ブロックがあります。
Category           : (0)
CategoryNumber     : 0
ReplacementStrings : {\Device\Harddisk0\DR0}
Source             : Disk
TimeGenerated      : 2020/10/22 14:26:07
TimeWritten        : 2020/10/22 14:26:07
UserName           : 

Index              : 534867
EntryType          : Error
InstanceId         : 3221487623
Message            : デバイス \Device\Harddisk0\DR0 に不良ブロックがあります。
Category           : (0)
CategoryNumber     : 0
ReplacementStrings : {\Device\Harddisk0\DR0}
Source             : Disk
TimeGenerated      : 2020/10/22 14:26:07
TimeWritten        : 2020/10/22 14:26:07
UserName           : 

Index              : 534866
EntryType          : Error
InstanceId         : 3221487623
Message            : デバイス \Device\Harddisk0\DR0 に不良ブロックがあります。
Category           : (0)
CategoryNumber     : 0
ReplacementStrings : {\Device\Harddisk0\DR0}
Source             : Disk
TimeGenerated      : 2020/10/22 14:26:07
TimeWritten        : 2020/10/22 14:26:07
UserName           : 

Index              : 534865
EntryType          : Error
InstanceId         : 3221487623
Message            : デバイス \Device\Harddisk0\DR0 に不良ブロックがあります。
Category           : (0)
CategoryNumber     : 0
ReplacementStrings : {\Device\Harddisk0\DR0}
Source             : Disk
TimeGenerated      : 2020/10/22 14:26:07
TimeWritten        : 2020/10/22 14:26:07
UserName           : 

Index              : 534864
EntryType          : Error
InstanceId         : 3221487623
Message            : デバイス \Device\Harddisk0\DR0 に不良ブロックがあります。
Category           : (0)
CategoryNumber     : 0
ReplacementStrings : {\Device\Harddisk0\DR0}
Source             : Disk
TimeGenerated      : 2020/10/22 14:26:07
TimeWritten        : 2020/10/22 14:26:07
UserName           : 

Index              : 534863
EntryType          : Error
InstanceId         : 3221487623
Message            : デバイス \Device\Harddisk0\DR0 に不良ブロックがあります。
Category           : (0)
CategoryNumber     : 0
ReplacementStrings : {\Device\Harddisk0\DR0}
Source             : Disk
TimeGenerated      : 2020/10/22 14:26:07
TimeWritten        : 2020/10/22 14:26:07
UserName           : 

Index              : 534862
EntryType          : Error
InstanceId         : 3221487623
Message            : デバイス \Device\Harddisk0\DR0 に不良ブロックがあります。
Category           : (0)
CategoryNumber     : 0
ReplacementStrings : {\Device\Harddisk0\DR0}
Source             : Disk
TimeGenerated      : 2020/10/22 14:26:07
TimeWritten        : 2020/10/22 14:26:07
UserName           : 

Index              : 534861
EntryType          : Error
InstanceId         : 3221487623
Message            : デバイス \Device\Harddisk0\DR0 に不良ブロックがあります。
Category           : (0)
CategoryNumber     : 0
ReplacementStrings : {\Device\Harddisk0\DR0}
Source             : Disk
TimeGenerated      : 2020/10/22 14:26:07
TimeWritten        : 2020/10/22 14:26:07
UserName           : 

Index              : 534860
EntryType          : Error
InstanceId         : 3221487623
Message            : デバイス \Device\Harddisk0\DR0 に不良ブロックがあります。
Category           : (0)
CategoryNumber     : 0
ReplacementStrings : {\Device\Harddisk0\DR0}
Source             : Disk
TimeGenerated      : 2020/10/22 14:26:07
TimeWritten        : 2020/10/22 14:26:07
UserName           : 

Index              : 534841
EntryType          : Error
InstanceId         : 20
Message            : インストールの失敗: エラー 0x80248007 で次の更新プログラムのインストールに失敗しました: Microsoft Defender Antivirus のセキュリティ インテリジェンス更
                     新プログラム - KB2267602 (バージョン 1.325.1149.0)。
Category           : (1)
CategoryNumber     : 1
ReplacementStrings : {0x80248007, Microsoft Defender Antivirus のセキュリティ インテリジェンス更新プログラム - KB2267602 (バージョン 1.325.1149.0)
                     , {CE155D4A-22D1-42CC-BAB5-575904BE9795}, 200...}
Source             : Microsoft-Windows-WindowsUpdateClient
TimeGenerated      : 2020/10/22 14:20:55
TimeWritten        : 2020/10/22 14:20:55
UserName           : NT AUTHORITY\SYSTEM

Index              : 534826
EntryType          : Error
InstanceId         : 3221487623
Message            : デバイス \Device\Harddisk0\DR0 に不良ブロックがあります。
Category           : (0)
CategoryNumber     : 0
ReplacementStrings : {\Device\Harddisk0\DR0}
Source             : Disk
TimeGenerated      : 2020/10/22 14:18:31
TimeWritten        : 2020/10/22 14:18:31
UserName           : 

Index              : 534825
EntryType          : Error
InstanceId         : 3221487623
Message            : デバイス \Device\Harddisk0\DR0 に不良ブロックがあります。
Category           : (0)
CategoryNumber     : 0
ReplacementStrings : {\Device\Harddisk0\DR0}
Source             : Disk
TimeGenerated      : 2020/10/22 14:18:31
TimeWritten        : 2020/10/22 14:18:31
UserName           : 

Index              : 534824
EntryType          : Error
InstanceId         : 3221487623
Message            : デバイス \Device\Harddisk0\DR0 に不良ブロックがあります。
Category           : (0)
CategoryNumber     : 0
ReplacementStrings : {\Device\Harddisk0\DR0}
Source             : Disk
TimeGenerated      : 2020/10/22 14:18:31
TimeWritten        : 2020/10/22 14:18:31
UserName           : 

Index              : 534823
EntryType          : Error
InstanceId         : 3221487623
Message            : デバイス \Device\Harddisk0\DR0 に不良ブロックがあります。
Category           : (0)
CategoryNumber     : 0
ReplacementStrings : {\Device\Harddisk0\DR0}
Source             : Disk
TimeGenerated      : 2020/10/22 14:18:31
TimeWritten        : 2020/10/22 14:18:31
UserName           : 

Index              : 534822
EntryType          : Error
InstanceId         : 3221487623
Message            : デバイス \Device\Harddisk0\DR0 に不良ブロックがあります。
Category           : (0)
CategoryNumber     : 0
ReplacementStrings : {\Device\Harddisk0\DR0}
Source             : Disk
TimeGenerated      : 2020/10/22 14:18:31
TimeWritten        : 2020/10/22 14:18:31
UserName           : 

Index              : 534821
EntryType          : Error
InstanceId         : 3221487623
Message            : デバイス \Device\Harddisk0\DR0 に不良ブロックがあります。
Category           : (0)
CategoryNumber     : 0
ReplacementStrings : {\Device\Harddisk0\DR0}
Source             : Disk
TimeGenerated      : 2020/10/22 14:18:31
TimeWritten        : 2020/10/22 14:18:31
UserName           : 

Index              : 534820
EntryType          : Error
InstanceId         : 3221487623
Message            : デバイス \Device\Harddisk0\DR0 に不良ブロックがあります。
Category           : (0)
CategoryNumber     : 0
ReplacementStrings : {\Device\Harddisk0\DR0}
Source             : Disk
TimeGenerated      : 2020/10/22 14:18:31
TimeWritten        : 2020/10/22 14:18:31
UserName           : 

Index              : 534819
EntryType          : Error
InstanceId         : 3221487623
Message            : デバイス \Device\Harddisk0\DR0 に不良ブロックがあります。
Category           : (0)
CategoryNumber     : 0
ReplacementStrings : {\Device\Harddisk0\DR0}
Source             : Disk
TimeGenerated      : 2020/10/22 14:18:30
TimeWritten        : 2020/10/22 14:18:30
UserName           : 

Index              : 534818
EntryType          : Error
InstanceId         : 3221487623
Message            : デバイス \Device\Harddisk0\DR0 に不良ブロックがあります。
Category           : (0)
CategoryNumber     : 0
ReplacementStrings : {\Device\Harddisk0\DR0}
Source             : Disk
TimeGenerated      : 2020/10/22 14:18:30
TimeWritten        : 2020/10/22 14:18:30
UserName           : 

Index              : 534817
EntryType          : Error
InstanceId         : 3221487623
Message            : デバイス \Device\Harddisk0\DR0 に不良ブロックがあります。
Category           : (0)
CategoryNumber     : 0
ReplacementStrings : {\Device\Harddisk0\DR0}
Source             : Disk
TimeGenerated      : 2020/10/22 14:18:30
TimeWritten        : 2020/10/22 14:18:30
UserName           : 

Index              : 534816
EntryType          : Error
InstanceId         : 3221487623
Message            : デバイス \Device\Harddisk0\DR0 に不良ブロックがあります。
Category           : (0)
CategoryNumber     : 0
ReplacementStrings : {\Device\Harddisk0\DR0}
Source             : Disk
TimeGenerated      : 2020/10/22 14:18:30
TimeWritten        : 2020/10/22 14:18:30
UserName           : 

Index              : 534815
EntryType          : Error
InstanceId         : 3221487623
Message            : デバイス \Device\Harddisk0\DR0 に不良ブロックがあります。
Category           : (0)
CategoryNumber     : 0
ReplacementStrings : {\Device\Harddisk0\DR0}
Source             : Disk
TimeGenerated      : 2020/10/22 14:18:30
TimeWritten        : 2020/10/22 14:18:30
UserName           : 

Index              : 534814
EntryType          : Error
InstanceId         : 3221487623
Message            : デバイス \Device\Harddisk0\DR0 に不良ブロックがあります。
Category           : (0)
CategoryNumber     : 0
ReplacementStrings : {\Device\Harddisk0\DR0}
Source             : Disk
TimeGenerated      : 2020/10/22 14:18:30
TimeWritten        : 2020/10/22 14:18:30
UserName           : 

Index              : 534813
EntryType          : Error
InstanceId         : 3221487623
Message            : デバイス \Device\Harddisk0\DR0 に不良ブロックがあります。
Category           : (0)
CategoryNumber     : 0
ReplacementStrings : {\Device\Harddisk0\DR0}
Source             : Disk
TimeGenerated      : 2020/10/22 14:18:30
TimeWritten        : 2020/10/22 14:18:30
UserName           : 

Index              : 534812
EntryType          : Error
InstanceId         : 3221487623
Message            : デバイス \Device\Harddisk0\DR0 に不良ブロックがあります。
Category           : (0)
CategoryNumber     : 0
ReplacementStrings : {\Device\Harddisk0\DR0}
Source             : Disk
TimeGenerated      : 2020/10/22 14:18:30
TimeWritten        : 2020/10/22 14:18:30
UserName           : 

Index              : 534783
EntryType          : Error
InstanceId         : 10016
Message            : The description for Event ID '10016' in Source 'DCOM' cannot be found.  The local computer may not
                      have the necessary registry information or message DLL files to display the message, or you may n
                     ot have permission to access them.  The following information is part of the event:'アプリケーション固有', '
                     ローカル', 'アクティブ化', '{8D8F4F83-3594-4F07-8369-FC3C3CAE4919}', '{F72671A9-012C-4725-9D2F-2A4D32D65169}
                     ', 'NT AUTHORITY', 'SYSTEM', 'S-1-5-18', 'LocalHost (LRPC 使用)', '利用不可', '利用不可'
Category           : (0)
CategoryNumber     : 0
ReplacementStrings : {アプリケーション固有, ローカル, アクティブ化, {8D8F4F83-3594-4F07-8369-FC3C3CAE4919}...}
Source             : DCOM
TimeGenerated      : 2020/10/22 14:17:09
TimeWritten        : 2020/10/22 14:17:09
UserName           : NT AUTHORITY\SYSTEM

Index              : 534778
EntryType          : Error
InstanceId         : 3221232506
Message            : Consul サービスは予期せぬ原因により終了しました。このサービスの強制終了は 1 回目です。
Category           : (0)
CategoryNumber     : 0
ReplacementStrings : {Consul, 1}
Source             : Service Control Manager
TimeGenerated      : 2020/10/22 14:16:07
TimeWritten        : 2020/10/22 14:16:07
UserName           : 

Index              : 534740
EntryType          : Error
InstanceId         : 3221232472
Message            : SQLWriter サービスを、次のエラーが原因で開始できませんでした: 
                     %%1053
Category           : (0)
CategoryNumber     : 0
ReplacementStrings : {SQLWriter, %%1053}
Source             : Service Control Manager
TimeGenerated      : 2020/10/22 14:15:48
TimeWritten        : 2020/10/22 14:15:48
UserName           : 

Index              : 534739
EntryType          : Error
InstanceId         : 3221232481
Message            : SQLWriter サービスの接続を待機中にタイムアウト (30000 ミリ秒) になりました。
Category           : (0)
CategoryNumber     : 0
ReplacementStrings : {30000, SQLWriter}
Source             : Service Control Manager
TimeGenerated      : 2020/10/22 14:15:48
TimeWritten        : 2020/10/22 14:15:48
UserName           : 

Index              : 534655
EntryType          : Error
InstanceId         : 1073742825
Message            : The description for Event ID '1073742825' in Source 'BugCheck' cannot be found.  The local compute
                     r may not have the necessary registry information or message DLL files to display the message, or 
                     you may not have permission to access them.  The following information is part of the event:'0xc00
                     0021a (0xffffb108514a78e0, 0xffffffffc0000006, 0x00007ffc14ff10ca, 0x0000008bff9bd400)', 'C:\Windo
                     ws\MEMORY.DMP', '1949a45b-ef12-4270-b009-d855e6a319d1'
Category           : (0)
CategoryNumber     : 0
ReplacementStrings : {0xc000021a (0xffffb108514a78e0, 0xffffffffc0000006, 0x00007ffc14ff10ca, 0x0000008bff9bd400), C:\W
                     indows\MEMORY.DMP, 1949a45b-ef12-4270-b009-d855e6a319d1}
Source             : BugCheck
TimeGenerated      : 2020/10/22 14:15:48
TimeWritten        : 2020/10/22 14:15:48
UserName           : 

Index              : 534651
EntryType          : Error
InstanceId         : 2147489656
Message            : 以前のシステム シャットダウン ( ‎2020/‎10/‎22 14:11:05) は予期されていませんでした。
Category           : (0)
CategoryNumber     : 0
ReplacementStrings : {14:11:05, ‎2020/‎10/‎22, , ...}
Source             : EventLog
TimeGenerated      : 2020/10/22 14:15:47
TimeWritten        : 2020/10/22 14:15:47
UserName           : 

Index              : 534650
EntryType          : Error
InstanceId         : 3221487631
Message            : デバイス \Device\Harddisk0\DR0 はまだアクセスできる状態ではありません。
Category           : (0)
CategoryNumber     : 0
ReplacementStrings : {\Device\Harddisk0\DR0}
Source             : Disk
TimeGenerated      : 2020/10/22 14:11:50
TimeWritten        : 2020/10/22 14:11:50
UserName           : 

Index              : 534649
EntryType          : Error
InstanceId         : 3221487631
Message            : デバイス \Device\Harddisk0\DR0 はまだアクセスできる状態ではありません。
Category           : (0)
CategoryNumber     : 0
ReplacementStrings : {\Device\Harddisk0\DR0}
Source             : Disk
TimeGenerated      : 2020/10/22 14:11:50
TimeWritten        : 2020/10/22 14:11:50
UserName           : 

Index              : 534648
EntryType          : Error
InstanceId         : 3221487631
Message            : デバイス \Device\Harddisk0\DR0 はまだアクセスできる状態ではありません。
Category           : (0)
CategoryNumber     : 0
ReplacementStrings : {\Device\Harddisk0\DR0}
Source             : Disk
TimeGenerated      : 2020/10/22 14:11:50
TimeWritten        : 2020/10/22 14:11:50
UserName           : 

Index              : 534647
EntryType          : Error
InstanceId         : 3221487631
Message            : デバイス \Device\Harddisk0\DR0 はまだアクセスできる状態ではありません。
Category           : (0)
CategoryNumber     : 0
ReplacementStrings : {\Device\Harddisk0\DR0}
Source             : Disk
TimeGenerated      : 2020/10/22 14:11:50
TimeWritten        : 2020/10/22 14:11:50
UserName           : 

Index              : 534645
EntryType          : Error
InstanceId         : 3221487631
Message            : デバイス \Device\Harddisk0\DR0 はまだアクセスできる状態ではありません。
Category           : (0)
CategoryNumber     : 0
ReplacementStrings : {\Device\Harddisk0\DR0}
Source             : Disk
TimeGenerated      : 2020/10/22 14:11:50
TimeWritten        : 2020/10/22 14:11:50
UserName           : 

Index              : 534644
EntryType          : Error
InstanceId         : 3221487623
Message            : デバイス \Device\Harddisk0\DR0 に不良ブロックがあります。
Category           : (0)
CategoryNumber     : 0
ReplacementStrings : {\Device\Harddisk0\DR0}
Source             : Disk
TimeGenerated      : 2020/10/22 14:11:50
TimeWritten        : 2020/10/22 14:11:50
UserName           : 

Index              : 534643
EntryType          : Error
InstanceId         : 3221487623
Message            : デバイス \Device\Harddisk0\DR0 に不良ブロックがあります。
Category           : (0)
CategoryNumber     : 0
ReplacementStrings : {\Device\Harddisk0\DR0}
Source             : Disk
TimeGenerated      : 2020/10/22 14:11:50
TimeWritten        : 2020/10/22 14:11:50
UserName           : 

Index              : 534642
EntryType          : Error
InstanceId         : 3221487623
Message            : デバイス \Device\Harddisk0\DR0 に不良ブロックがあります。
Category           : (0)
CategoryNumber     : 0
ReplacementStrings : {\Device\Harddisk0\DR0}
Source             : Disk
TimeGenerated      : 2020/10/22 14:11:39
TimeWritten        : 2020/10/22 14:11:39
UserName           : 

Index              : 534641
EntryType          : Error
InstanceId         : 3221487623
Message            : デバイス \Device\Harddisk0\DR0 に不良ブロックがあります。
Category           : (0)
CategoryNumber     : 0
ReplacementStrings : {\Device\Harddisk0\DR0}
Source             : Disk
TimeGenerated      : 2020/10/22 14:11:39
TimeWritten        : 2020/10/22 14:11:39
UserName           : 

Index              : 534640
EntryType          : Error
InstanceId         : 3221487631
Message            : デバイス \Device\Harddisk0\DR0 はまだアクセスできる状態ではありません。
Category           : (0)
CategoryNumber     : 0
ReplacementStrings : {\Device\Harddisk0\DR0}
Source             : Disk
TimeGenerated      : 2020/10/22 14:11:39
TimeWritten        : 2020/10/22 14:11:39
UserName           : 

Index              : 534639
EntryType          : Error
InstanceId         : 3221487623
Message            : デバイス \Device\Harddisk0\DR0 に不良ブロックがあります。
Category           : (0)
CategoryNumber     : 0
ReplacementStrings : {\Device\Harddisk0\DR0}
Source             : Disk
TimeGenerated      : 2020/10/22 14:11:39
TimeWritten        : 2020/10/22 14:11:39
UserName           : 

Index              : 534638
EntryType          : Error
InstanceId         : 3221487631
Message            : デバイス \Device\Harddisk0\DR0 はまだアクセスできる状態ではありません。
Category           : (0)
CategoryNumber     : 0
ReplacementStrings : {\Device\Harddisk0\DR0}
Source             : Disk
TimeGenerated      : 2020/10/22 14:11:39
TimeWritten        : 2020/10/22 14:11:39
UserName           : 

Index              : 534637
EntryType          : Error
InstanceId         : 3221487623
Message            : デバイス \Device\Harddisk0\DR0 に不良ブロックがあります。
Category           : (0)
CategoryNumber     : 0
ReplacementStrings : {\Device\Harddisk0\DR0}
Source             : Disk
TimeGenerated      : 2020/10/22 14:11:39
TimeWritten        : 2020/10/22 14:11:39
UserName           : 

Index              : 534636
EntryType          : Error
InstanceId         : 3221487623
Message            : デバイス \Device\Harddisk0\DR0 に不良ブロックがあります。
Category           : (0)
CategoryNumber     : 0
ReplacementStrings : {\Device\Harddisk0\DR0}
Source             : Disk
TimeGenerated      : 2020/10/22 14:11:39
TimeWritten        : 2020/10/22 14:11:39
UserName           : 

Index              : 534635
EntryType          : Error
InstanceId         : 3221487623
Message            : デバイス \Device\Harddisk0\DR0 に不良ブロックがあります。
Category           : (0)
CategoryNumber     : 0
ReplacementStrings : {\Device\Harddisk0\DR0}
Source             : Disk
TimeGenerated      : 2020/10/22 14:11:39
TimeWritten        : 2020/10/22 14:11:39
UserName           : 

Index              : 534634
EntryType          : Error
InstanceId         : 3221487623
Message            : デバイス \Device\Harddisk0\DR0 に不良ブロックがあります。
Category           : (0)
CategoryNumber     : 0
ReplacementStrings : {\Device\Harddisk0\DR0}
Source             : Disk
TimeGenerated      : 2020/10/22 14:11:38
TimeWritten        : 2020/10/22 14:11:38
UserName           : 

Index              : 534633
EntryType          : Error
InstanceId         : 3221487631
Message            : デバイス \Device\Harddisk0\DR0 はまだアクセスできる状態ではありません。
Category           : (0)
CategoryNumber     : 0
ReplacementStrings : {\Device\Harddisk0\DR0}
Source             : Disk
TimeGenerated      : 2020/10/22 14:11:38
TimeWritten        : 2020/10/22 14:11:38
UserName           : 

Index              : 534632
EntryType          : Error
InstanceId         : 3221487631
Message            : デバイス \Device\Harddisk0\DR0 はまだアクセスできる状態ではありません。
Category           : (0)
CategoryNumber     : 0
ReplacementStrings : {\Device\Harddisk0\DR0}
Source             : Disk
TimeGenerated      : 2020/10/22 14:11:38
TimeWritten        : 2020/10/22 14:11:38
UserName           : 

Index              : 534630
EntryType          : Error
InstanceId         : 3221487631
Message            : デバイス \Device\Harddisk0\DR0 はまだアクセスできる状態ではありません。
Category           : (0)
CategoryNumber     : 0
ReplacementStrings : {\Device\Harddisk0\DR0}
Source             : Disk
TimeGenerated      : 2020/10/22 14:11:38
TimeWritten        : 2020/10/22 14:11:38
UserName           : 

Index              : 534629
EntryType          : Error
InstanceId         : 3221487631
Message            : デバイス \Device\Harddisk0\DR0 はまだアクセスできる状態ではありません。
Category           : (0)
CategoryNumber     : 0
ReplacementStrings : {\Device\Harddisk0\DR0}
Source             : Disk
TimeGenerated      : 2020/10/22 14:11:38
TimeWritten        : 2020/10/22 14:11:38
UserName           : 

Index              : 534628
EntryType          : Error
InstanceId         : 3221487631
Message            : デバイス \Device\Harddisk0\DR0 はまだアクセスできる状態ではありません。
Category           : (0)
CategoryNumber     : 0
ReplacementStrings : {\Device\Harddisk0\DR0}
Source             : Disk
TimeGenerated      : 2020/10/22 14:11:38
TimeWritten        : 2020/10/22 14:11:38
UserName           : 

Index              : 534627
EntryType          : Error
InstanceId         : 3221487631
Message            : デバイス \Device\Harddisk0\DR0 はまだアクセスできる状態ではありません。
Category           : (0)
CategoryNumber     : 0
ReplacementStrings : {\Device\Harddisk0\DR0}
Source             : Disk
TimeGenerated      : 2020/10/22 14:11:38
TimeWritten        : 2020/10/22 14:11:38
UserName           : 

Index              : 534626
EntryType          : Error
InstanceId         : 3221487623
Message            : デバイス \Device\Harddisk0\DR0 に不良ブロックがあります。
Category           : (0)
CategoryNumber     : 0
ReplacementStrings : {\Device\Harddisk0\DR0}
Source             : Disk
TimeGenerated      : 2020/10/22 14:11:38
TimeWritten        : 2020/10/22 14:11:38
UserName           : 

Index              : 534608
EntryType          : Error
InstanceId         : 20
Message            : インストールの失敗: エラー 0x80248007 で次の更新プログラムのインストールに失敗しました: Microsoft Defender Antivirus のセキュリティ インテリジェンス更
                     新プログラム - KB2267602 (バージョン 1.325.1149.0)。
Category           : (1)
CategoryNumber     : 1
ReplacementStrings : {0x80248007, Microsoft Defender Antivirus のセキュリティ インテリジェンス更新プログラム - KB2267602 (バージョン 1.325.1149.0)
                     , {CE155D4A-22D1-42CC-BAB5-575904BE9795}, 200...}
Source             : Microsoft-Windows-WindowsUpdateClient
TimeGenerated      : 2020/10/22 14:09:05
TimeWritten        : 2020/10/22 14:09:05
UserName           : NT AUTHORITY\SYSTEM

Index              : 534591
EntryType          : Error
InstanceId         : 10016
Message            : The description for Event ID '10016' in Source 'DCOM' cannot be found.  The local computer may not
                      have the necessary registry information or message DLL files to display the message, or you may n
                     ot have permission to access them.  The following information is part of the event:'アプリケーション固有', '
                     ローカル', 'アクティブ化', '{8D8F4F83-3594-4F07-8369-FC3C3CAE4919}', '{F72671A9-012C-4725-9D2F-2A4D32D65169}
                     ', 'NT AUTHORITY', 'SYSTEM', 'S-1-5-18', 'LocalHost (LRPC 使用)', '利用不可', '利用不可'
Category           : (0)
CategoryNumber     : 0
ReplacementStrings : {アプリケーション固有, ローカル, アクティブ化, {8D8F4F83-3594-4F07-8369-FC3C3CAE4919}...}
Source             : DCOM
TimeGenerated      : 2020/10/22 14:08:08
TimeWritten        : 2020/10/22 14:08:08
UserName           : NT AUTHORITY\SYSTEM

Index              : 517512
EntryType          : Error
InstanceId         : 10016
Message            : The description for Event ID '10016' in Source 'DCOM' cannot be found.  The local computer may not
                      have the necessary registry information or message DLL files to display the message, or you may n
                     ot have permission to access them.  The following information is part of the event:'アプリケーション固有', '
                     ローカル', 'アクティブ化', '{D63B10C5-BB46-4990-A94F-E40B9D520160}', '{9CA88EE3-ACB7-47C8-AFC4-AB702511C276}
                     ', 'WIN-JKSSMTI1TM6', 'Administrator', 'S-1-5-21-4127652004-385634555-3113667412-500', 'LocalHost 
                     (LRPC 使用)', '利用不可', '利用不可'
Category           : (0)
CategoryNumber     : 0
ReplacementStrings : {アプリケーション固有, ローカル, アクティブ化, {D63B10C5-BB46-4990-A94F-E40B9D520160}...}
Source             : DCOM
TimeGenerated      : 2020/10/01 12:02:06
TimeWritten        : 2020/10/01 12:02:06
UserName           : WIN-JKSSMTI1TM6\Administrator

Index              : 517511
EntryType          : Error
InstanceId         : 10016
Message            : The description for Event ID '10016' in Source 'DCOM' cannot be found.  The local computer may not
                      have the necessary registry information or message DLL files to display the message, or you may n
                     ot have permission to access them.  The following information is part of the event:'アプリケーション固有', '
                     ローカル', 'アクティブ化', '{D63B10C5-BB46-4990-A94F-E40B9D520160}', '{9CA88EE3-ACB7-47C8-AFC4-AB702511C276}
                     ', 'WIN-JKSSMTI1TM6', 'Administrator', 'S-1-5-21-4127652004-385634555-3113667412-500', 'LocalHost 
                     (LRPC 使用)', '利用不可', '利用不可'
Category           : (0)
CategoryNumber     : 0
ReplacementStrings : {アプリケーション固有, ローカル, アクティブ化, {D63B10C5-BB46-4990-A94F-E40B9D520160}...}
Source             : DCOM
TimeGenerated      : 2020/10/01 12:02:04
TimeWritten        : 2020/10/01 12:02:04
UserName           : WIN-JKSSMTI1TM6\Administrator

Index              : 517510
EntryType          : Error
InstanceId         : 3221487623
Message            : デバイス \Device\Harddisk0\DR0 に不良ブロックがあります。
Category           : (0)
CategoryNumber     : 0
ReplacementStrings : {\Device\Harddisk0\DR0}
Source             : Disk
TimeGenerated      : 2020/10/01 12:02:03
TimeWritten        : 2020/10/01 12:02:03
UserName           : 

Index              : 517509
EntryType          : Error
InstanceId         : 3221487623
Message            : デバイス \Device\Harddisk0\DR0 に不良ブロックがあります。
Category           : (0)
CategoryNumber     : 0
ReplacementStrings : {\Device\Harddisk0\DR0}
Source             : Disk
TimeGenerated      : 2020/10/01 12:02:03
TimeWritten        : 2020/10/01 12:02:03
UserName           : 

Index              : 517508
EntryType          : Error
InstanceId         : 3221487623
Message            : デバイス \Device\Harddisk0\DR0 に不良ブロックがあります。
Category           : (0)
CategoryNumber     : 0
ReplacementStrings : {\Device\Harddisk0\DR0}
Source             : Disk
TimeGenerated      : 2020/10/01 12:02:03
TimeWritten        : 2020/10/01 12:02:03
UserName           : 

Index              : 517507
EntryType          : Error
InstanceId         : 3221487623
Message            : デバイス \Device\Harddisk0\DR0 に不良ブロックがあります。
Category           : (0)
CategoryNumber     : 0
ReplacementStrings : {\Device\Harddisk0\DR0}
Source             : Disk
TimeGenerated      : 2020/10/01 12:02:03
TimeWritten        : 2020/10/01 12:02:03
UserName           : 

Index              : 517506
EntryType          : Error
InstanceId         : 3221487623
Message            : デバイス \Device\Harddisk0\DR0 に不良ブロックがあります。
Category           : (0)
CategoryNumber     : 0
ReplacementStrings : {\Device\Harddisk0\DR0}
Source             : Disk
TimeGenerated      : 2020/10/01 12:02:03
TimeWritten        : 2020/10/01 12:02:03
UserName           : 

Index              : 517505
EntryType          : Error
InstanceId         : 3221487623
Message            : デバイス \Device\Harddisk0\DR0 に不良ブロックがあります。
Category           : (0)
CategoryNumber     : 0
ReplacementStrings : {\Device\Harddisk0\DR0}
Source             : Disk
TimeGenerated      : 2020/10/01 12:02:03
TimeWritten        : 2020/10/01 12:02:03
UserName           : 

Index              : 517504
EntryType          : Error
InstanceId         : 3221487623
Message            : デバイス \Device\Harddisk0\DR0 に不良ブロックがあります。
Category           : (0)
CategoryNumber     : 0
ReplacementStrings : {\Device\Harddisk0\DR0}
Source             : Disk
TimeGenerated      : 2020/10/01 12:02:03
TimeWritten        : 2020/10/01 12:02:03
UserName           : 

Index              : 517503
EntryType          : Error
InstanceId         : 3221487623
Message            : デバイス \Device\Harddisk0\DR0 に不良ブロックがあります。
Category           : (0)
CategoryNumber     : 0
ReplacementStrings : {\Device\Harddisk0\DR0}
Source             : Disk
TimeGenerated      : 2020/10/01 12:02:03
TimeWritten        : 2020/10/01 12:02:03
UserName           : 

Index              : 517502
EntryType          : Error
InstanceId         : 3221487631
Message            : デバイス \Device\Harddisk0\DR0 はまだアクセスできる状態ではありません。
Category           : (0)
CategoryNumber     : 0
ReplacementStrings : {\Device\Harddisk0\DR0}
Source             : Disk
TimeGenerated      : 2020/10/01 12:02:03
TimeWritten        : 2020/10/01 12:02:03
UserName           : 

Index              : 517501
EntryType          : Error
InstanceId         : 3221487631
Message            : デバイス \Device\Harddisk0\DR0 はまだアクセスできる状態ではありません。
Category           : (0)
CategoryNumber     : 0
ReplacementStrings : {\Device\Harddisk0\DR0}
Source             : Disk
TimeGenerated      : 2020/10/01 12:02:03
TimeWritten        : 2020/10/01 12:02:03
UserName           : 

Index              : 517500
EntryType          : Error
InstanceId         : 3221487631
Message            : デバイス \Device\Harddisk0\DR0 はまだアクセスできる状態ではありません。
Category           : (0)
CategoryNumber     : 0
ReplacementStrings : {\Device\Harddisk0\DR0}
Source             : Disk
TimeGenerated      : 2020/10/01 12:02:03
TimeWritten        : 2020/10/01 12:02:03
UserName           : 

Index              : 517498
EntryType          : Error
InstanceId         : 3221487631
Message            : デバイス \Device\Harddisk0\DR0 はまだアクセスできる状態ではありません。
Category           : (0)
CategoryNumber     : 0
ReplacementStrings : {\Device\Harddisk0\DR0}
Source             : Disk
TimeGenerated      : 2020/10/01 12:02:03
TimeWritten        : 2020/10/01 12:02:03
UserName           : 

Index              : 517497
EntryType          : Error
InstanceId         : 3221487623
Message            : デバイス \Device\Harddisk0\DR0 に不良ブロックがあります。
Category           : (0)
CategoryNumber     : 0
ReplacementStrings : {\Device\Harddisk0\DR0}
Source             : Disk
TimeGenerated      : 2020/10/01 12:02:03
TimeWritten        : 2020/10/01 12:02:03
UserName           : 

Index              : 517496
EntryType          : Error
InstanceId         : 10016
Message            : The description for Event ID '10016' in Source 'DCOM' cannot be found.  The local computer may not
                      have the necessary registry information or message DLL files to display the message, or you may n
                     ot have permission to access them.  The following information is part of the event:'アプリケーション固有', '
                     ローカル', 'アクティブ化', '{D63B10C5-BB46-4990-A94F-E40B9D520160}', '{9CA88EE3-ACB7-47C8-AFC4-AB702511C276}
                     ', 'WIN-JKSSMTI1TM6', 'Administrator', 'S-1-5-21-4127652004-385634555-3113667412-500', 'LocalHost 
                     (LRPC 使用)', '利用不可', '利用不可'
Category           : (0)
CategoryNumber     : 0
ReplacementStrings : {アプリケーション固有, ローカル, アクティブ化, {D63B10C5-BB46-4990-A94F-E40B9D520160}...}
Source             : DCOM
TimeGenerated      : 2020/10/01 12:01:59
TimeWritten        : 2020/10/01 12:01:59
UserName           : WIN-JKSSMTI1TM6\Administrator

Index              : 517495
EntryType          : Error
InstanceId         : 10016
Message            : The description for Event ID '10016' in Source 'DCOM' cannot be found.  The local computer may not
                      have the necessary registry information or message DLL files to display the message, or you may n
                     ot have permission to access them.  The following information is part of the event:'アプリケーション固有', '
                     ローカル', 'アクティブ化', '{D63B10C5-BB46-4990-A94F-E40B9D520160}', '{9CA88EE3-ACB7-47C8-AFC4-AB702511C276}
                     ', 'WIN-JKSSMTI1TM6', 'Administrator', 'S-1-5-21-4127652004-385634555-3113667412-500', 'LocalHost 
                     (LRPC 使用)', '利用不可', '利用不可'
Category           : (0)
CategoryNumber     : 0
ReplacementStrings : {アプリケーション固有, ローカル, アクティブ化, {D63B10C5-BB46-4990-A94F-E40B9D520160}...}
Source             : DCOM
TimeGenerated      : 2020/10/01 12:01:58
TimeWritten        : 2020/10/01 12:01:58
UserName           : WIN-JKSSMTI1TM6\Administrator

Index              : 517494
EntryType          : Error
InstanceId         : 10016
Message            : The description for Event ID '10016' in Source 'DCOM' cannot be found.  The local computer may not
                      have the necessary registry information or message DLL files to display the message, or you may n
                     ot have permission to access them.  The following information is part of the event:'アプリケーション固有', '
                     ローカル', 'アクティブ化', '{D63B10C5-BB46-4990-A94F-E40B9D520160}', '{9CA88EE3-ACB7-47C8-AFC4-AB702511C276}
                     ', 'WIN-JKSSMTI1TM6', 'Administrator', 'S-1-5-21-4127652004-385634555-3113667412-500', 'LocalHost 
                     (LRPC 使用)', '利用不可', '利用不可'
Category           : (0)
CategoryNumber     : 0
ReplacementStrings : {アプリケーション固有, ローカル, アクティブ化, {D63B10C5-BB46-4990-A94F-E40B9D520160}...}
Source             : DCOM
TimeGenerated      : 2020/10/01 12:01:58
TimeWritten        : 2020/10/01 12:01:58
UserName           : WIN-JKSSMTI1TM6\Administrator

Index              : 517493
EntryType          : Error
InstanceId         : 10016
Message            : The description for Event ID '10016' in Source 'DCOM' cannot be found.  The local computer may not
                      have the necessary registry information or message DLL files to display the message, or you may n
                     ot have permission to access them.  The following information is part of the event:'アプリケーション固有', '
                     ローカル', 'アクティブ化', '{D63B10C5-BB46-4990-A94F-E40B9D520160}', '{9CA88EE3-ACB7-47C8-AFC4-AB702511C276}
                     ', 'WIN-JKSSMTI1TM6', 'Administrator', 'S-1-5-21-4127652004-385634555-3113667412-500', 'LocalHost 
                     (LRPC 使用)', '利用不可', '利用不可'
Category           : (0)
CategoryNumber     : 0
ReplacementStrings : {アプリケーション固有, ローカル, アクティブ化, {D63B10C5-BB46-4990-A94F-E40B9D520160}...}
Source             : DCOM
TimeGenerated      : 2020/10/01 12:01:57
TimeWritten        : 2020/10/01 12:01:57
UserName           : WIN-JKSSMTI1TM6\Administrator

Index              : 517492
EntryType          : Error
InstanceId         : 10016
Message            : The description for Event ID '10016' in Source 'DCOM' cannot be found.  The local computer may not
                      have the necessary registry information or message DLL files to display the message, or you may n
                     ot have permission to access them.  The following information is part of the event:'アプリケーション固有', '
                     ローカル', 'アクティブ化', '{D63B10C5-BB46-4990-A94F-E40B9D520160}', '{9CA88EE3-ACB7-47C8-AFC4-AB702511C276}
                     ', 'WIN-JKSSMTI1TM6', 'Administrator', 'S-1-5-21-4127652004-385634555-3113667412-500', 'LocalHost 
                     (LRPC 使用)', '利用不可', '利用不可'
Category           : (0)
CategoryNumber     : 0
ReplacementStrings : {アプリケーション固有, ローカル, アクティブ化, {D63B10C5-BB46-4990-A94F-E40B9D520160}...}
Source             : DCOM
TimeGenerated      : 2020/10/01 12:01:57
TimeWritten        : 2020/10/01 12:01:57
UserName           : WIN-JKSSMTI1TM6\Administrator

Index              : 517491
EntryType          : Error
InstanceId         : 10016
Message            : The description for Event ID '10016' in Source 'DCOM' cannot be found.  The local computer may not
                      have the necessary registry information or message DLL files to display the message, or you may n
                     ot have permission to access them.  The following information is part of the event:'アプリケーション固有', '
                     ローカル', 'アクティブ化', '{D63B10C5-BB46-4990-A94F-E40B9D520160}', '{9CA88EE3-ACB7-47C8-AFC4-AB702511C276}
                     ', 'WIN-JKSSMTI1TM6', 'Administrator', 'S-1-5-21-4127652004-385634555-3113667412-500', 'LocalHost 
                     (LRPC 使用)', '利用不可', '利用不可'
Category           : (0)
CategoryNumber     : 0
ReplacementStrings : {アプリケーション固有, ローカル, アクティブ化, {D63B10C5-BB46-4990-A94F-E40B9D520160}...}
Source             : DCOM
TimeGenerated      : 2020/10/01 12:01:56
TimeWritten        : 2020/10/01 12:01:56
UserName           : WIN-JKSSMTI1TM6\Administrator

Index              : 517490
EntryType          : Error
InstanceId         : 10016
Message            : The description for Event ID '10016' in Source 'DCOM' cannot be found.  The local computer may not
                      have the necessary registry information or message DLL files to display the message, or you may n
                     ot have permission to access them.  The following information is part of the event:'アプリケーション固有', '
                     ローカル', 'アクティブ化', '{D63B10C5-BB46-4990-A94F-E40B9D520160}', '{9CA88EE3-ACB7-47C8-AFC4-AB702511C276}
                     ', 'WIN-JKSSMTI1TM6', 'Administrator', 'S-1-5-21-4127652004-385634555-3113667412-500', 'LocalHost 
                     (LRPC 使用)', '利用不可', '利用不可'
Category           : (0)
CategoryNumber     : 0
ReplacementStrings : {アプリケーション固有, ローカル, アクティブ化, {D63B10C5-BB46-4990-A94F-E40B9D520160}...}
Source             : DCOM
TimeGenerated      : 2020/10/01 12:01:46
TimeWritten        : 2020/10/01 12:01:46
UserName           : WIN-JKSSMTI1TM6\Administrator

Index              : 517487
EntryType          : Error
InstanceId         : 10016
Message            : The description for Event ID '10016' in Source 'DCOM' cannot be found.  The local computer may not
                      have the necessary registry information or message DLL files to display the message, or you may n
                     ot have permission to access them.  The following information is part of the event:'アプリケーション固有', '
                     ローカル', 'アクティブ化', '{D63B10C5-BB46-4990-A94F-E40B9D520160}', '{9CA88EE3-ACB7-47C8-AFC4-AB702511C276}
                     ', 'WIN-JKSSMTI1TM6', 'Administrator', 'S-1-5-21-4127652004-385634555-3113667412-500', 'LocalHost 
                     (LRPC 使用)', '利用不可', '利用不可'
Category           : (0)
CategoryNumber     : 0
ReplacementStrings : {アプリケーション固有, ローカル, アクティブ化, {D63B10C5-BB46-4990-A94F-E40B9D520160}...}
Source             : DCOM
TimeGenerated      : 2020/10/01 12:01:38
TimeWritten        : 2020/10/01 12:01:38
UserName           : WIN-JKSSMTI1TM6\Administrator

Index              : 517486
EntryType          : Error
InstanceId         : 10016
Message            : The description for Event ID '10016' in Source 'DCOM' cannot be found.  The local computer may not
                      have the necessary registry information or message DLL files to display the message, or you may n
                     ot have permission to access them.  The following information is part of the event:'アプリケーション固有', '
                     ローカル', 'アクティブ化', '{D63B10C5-BB46-4990-A94F-E40B9D520160}', '{9CA88EE3-ACB7-47C8-AFC4-AB702511C276}
                     ', 'WIN-JKSSMTI1TM6', 'Administrator', 'S-1-5-21-4127652004-385634555-3113667412-500', 'LocalHost 
                     (LRPC 使用)', '利用不可', '利用不可'
Category           : (0)
CategoryNumber     : 0
ReplacementStrings : {アプリケーション固有, ローカル, アクティブ化, {D63B10C5-BB46-4990-A94F-E40B9D520160}...}
Source             : DCOM
TimeGenerated      : 2020/10/01 12:01:38
TimeWritten        : 2020/10/01 12:01:38
UserName           : WIN-JKSSMTI1TM6\Administrator

