Index              : 535409
EntryType          : Error
InstanceId         : 10016
Message            : The description for Event ID '10016' in Source 'DCOM' cannot be found.  The local computer may not
                      have the necessary registry information or message DLL files to display the message, or you may n
                     ot have permission to access them.  The following information is part of the event:'アプリケーション固有', '
                     ローカル', 'アクティブ化', '{D63B10C5-BB46-4990-A94F-E40B9D520160}', '{9CA88EE3-ACB7-47C8-AFC4-AB702511C276}
                     ', 'WIN-JKSSMTI1TM6', 'Administrator', 'S-1-5-21-4127652004-385634555-3113667412-500', 'LocalHost 
                     (LRPC 使用)', '利用不可', '利用不可'
Category           : (0)
CategoryNumber     : 0
ReplacementStrings : {アプリケーション固有, ローカル, アクティブ化, {D63B10C5-BB46-4990-A94F-E40B9D520160}...}
Source             : DCOM
TimeGenerated      : 2020/10/22 15:08:21
TimeWritten        : 2020/10/22 15:08:21
UserName           : WIN-JKSSMTI1TM6\Administrator

Index              : 535408
EntryType          : Error
InstanceId         : 10016
Message            : The description for Event ID '10016' in Source 'DCOM' cannot be found.  The local computer may not
                      have the necessary registry information or message DLL files to display the message, or you may n
                     ot have permission to access them.  The following information is part of the event:'アプリケーション固有', '
                     ローカル', 'アクティブ化', '{D63B10C5-BB46-4990-A94F-E40B9D520160}', '{9CA88EE3-ACB7-47C8-AFC4-AB702511C276}
                     ', 'WIN-JKSSMTI1TM6', 'Administrator', 'S-1-5-21-4127652004-385634555-3113667412-500', 'LocalHost 
                     (LRPC 使用)', '利用不可', '利用不可'
Category           : (0)
CategoryNumber     : 0
ReplacementStrings : {アプリケーション固有, ローカル, アクティブ化, {D63B10C5-BB46-4990-A94F-E40B9D520160}...}
Source             : DCOM
TimeGenerated      : 2020/10/22 15:08:17
TimeWritten        : 2020/10/22 15:08:17
UserName           : WIN-JKSSMTI1TM6\Administrator

Index              : 535407
EntryType          : Error
InstanceId         : 10016
Message            : The description for Event ID '10016' in Source 'DCOM' cannot be found.  The local computer may not
                      have the necessary registry information or message DLL files to display the message, or you may n
                     ot have permission to access them.  The following information is part of the event:'アプリケーション固有', '
                     ローカル', 'アクティブ化', '{D63B10C5-BB46-4990-A94F-E40B9D520160}', '{9CA88EE3-ACB7-47C8-AFC4-AB702511C276}
                     ', 'WIN-JKSSMTI1TM6', 'Administrator', 'S-1-5-21-4127652004-385634555-3113667412-500', 'LocalHost 
                     (LRPC 使用)', '利用不可', '利用不可'
Category           : (0)
CategoryNumber     : 0
ReplacementStrings : {アプリケーション固有, ローカル, アクティブ化, {D63B10C5-BB46-4990-A94F-E40B9D520160}...}
Source             : DCOM
TimeGenerated      : 2020/10/22 15:08:15
TimeWritten        : 2020/10/22 15:08:15
UserName           : WIN-JKSSMTI1TM6\Administrator

Index              : 535406
EntryType          : Error
InstanceId         : 10016
Message            : The description for Event ID '10016' in Source 'DCOM' cannot be found.  The local computer may not
                      have the necessary registry information or message DLL files to display the message, or you may n
                     ot have permission to access them.  The following information is part of the event:'アプリケーション固有', '
                     ローカル', 'アクティブ化', '{D63B10C5-BB46-4990-A94F-E40B9D520160}', '{9CA88EE3-ACB7-47C8-AFC4-AB702511C276}
                     ', 'WIN-JKSSMTI1TM6', 'Administrator', 'S-1-5-21-4127652004-385634555-3113667412-500', 'LocalHost 
                     (LRPC 使用)', '利用不可', '利用不可'
Category           : (0)
CategoryNumber     : 0
ReplacementStrings : {アプリケーション固有, ローカル, アクティブ化, {D63B10C5-BB46-4990-A94F-E40B9D520160}...}
Source             : DCOM
TimeGenerated      : 2020/10/22 15:08:14
TimeWritten        : 2020/10/22 15:08:14
UserName           : WIN-JKSSMTI1TM6\Administrator

Index              : 535405
EntryType          : Error
InstanceId         : 10016
Message            : The description for Event ID '10016' in Source 'DCOM' cannot be found.  The local computer may not
                      have the necessary registry information or message DLL files to display the message, or you may n
                     ot have permission to access them.  The following information is part of the event:'アプリケーション固有', '
                     ローカル', 'アクティブ化', '{D63B10C5-BB46-4990-A94F-E40B9D520160}', '{9CA88EE3-ACB7-47C8-AFC4-AB702511C276}
                     ', 'WIN-JKSSMTI1TM6', 'Administrator', 'S-1-5-21-4127652004-385634555-3113667412-500', 'LocalHost 
                     (LRPC 使用)', '利用不可', '利用不可'
Category           : (0)
CategoryNumber     : 0
ReplacementStrings : {アプリケーション固有, ローカル, アクティブ化, {D63B10C5-BB46-4990-A94F-E40B9D520160}...}
Source             : DCOM
TimeGenerated      : 2020/10/22 15:08:12
TimeWritten        : 2020/10/22 15:08:12
UserName           : WIN-JKSSMTI1TM6\Administrator

Index              : 535386
EntryType          : Error
InstanceId         : 10016
Message            : The description for Event ID '10016' in Source 'DCOM' cannot be found.  The local computer may not
                      have the necessary registry information or message DLL files to display the message, or you may n
                     ot have permission to access them.  The following information is part of the event:'アプリケーション固有', '
                     ローカル', 'アクティブ化', '{D63B10C5-BB46-4990-A94F-E40B9D520160}', '{9CA88EE3-ACB7-47C8-AFC4-AB702511C276}
                     ', 'WIN-JKSSMTI1TM6', 'Administrator', 'S-1-5-21-4127652004-385634555-3113667412-500', 'LocalHost 
                     (LRPC 使用)', '利用不可', '利用不可'
Category           : (0)
CategoryNumber     : 0
ReplacementStrings : {アプリケーション固有, ローカル, アクティブ化, {D63B10C5-BB46-4990-A94F-E40B9D520160}...}
Source             : DCOM
TimeGenerated      : 2020/10/22 14:56:58
TimeWritten        : 2020/10/22 14:56:58
UserName           : WIN-JKSSMTI1TM6\Administrator

Index              : 535384
EntryType          : Error
InstanceId         : 10016
Message            : The description for Event ID '10016' in Source 'DCOM' cannot be found.  The local computer may not
                      have the necessary registry information or message DLL files to display the message, or you may n
                     ot have permission to access them.  The following information is part of the event:'アプリケーション固有', '
                     ローカル', 'アクティブ化', '{D63B10C5-BB46-4990-A94F-E40B9D520160}', '{9CA88EE3-ACB7-47C8-AFC4-AB702511C276}
                     ', 'WIN-JKSSMTI1TM6', 'Administrator', 'S-1-5-21-4127652004-385634555-3113667412-500', 'LocalHost 
                     (LRPC 使用)', '利用不可', '利用不可'
Category           : (0)
CategoryNumber     : 0
ReplacementStrings : {アプリケーション固有, ローカル, アクティブ化, {D63B10C5-BB46-4990-A94F-E40B9D520160}...}
Source             : DCOM
TimeGenerated      : 2020/10/22 14:56:43
TimeWritten        : 2020/10/22 14:56:43
UserName           : WIN-JKSSMTI1TM6\Administrator

Index              : 535383
EntryType          : Error
InstanceId         : 10016
Message            : The description for Event ID '10016' in Source 'DCOM' cannot be found.  The local computer may not
                      have the necessary registry information or message DLL files to display the message, or you may n
                     ot have permission to access them.  The following information is part of the event:'アプリケーション固有', '
                     ローカル', 'アクティブ化', '{D63B10C5-BB46-4990-A94F-E40B9D520160}', '{9CA88EE3-ACB7-47C8-AFC4-AB702511C276}
                     ', 'WIN-JKSSMTI1TM6', 'Administrator', 'S-1-5-21-4127652004-385634555-3113667412-500', 'LocalHost 
                     (LRPC 使用)', '利用不可', '利用不可'
Category           : (0)
CategoryNumber     : 0
ReplacementStrings : {アプリケーション固有, ローカル, アクティブ化, {D63B10C5-BB46-4990-A94F-E40B9D520160}...}
Source             : DCOM
TimeGenerated      : 2020/10/22 14:56:38
TimeWritten        : 2020/10/22 14:56:38
UserName           : WIN-JKSSMTI1TM6\Administrator

Index              : 535382
EntryType          : Error
InstanceId         : 10016
Message            : The description for Event ID '10016' in Source 'DCOM' cannot be found.  The local computer may not
                      have the necessary registry information or message DLL files to display the message, or you may n
                     ot have permission to access them.  The following information is part of the event:'アプリケーション固有', '
                     ローカル', 'アクティブ化', '{D63B10C5-BB46-4990-A94F-E40B9D520160}', '{9CA88EE3-ACB7-47C8-AFC4-AB702511C276}
                     ', 'WIN-JKSSMTI1TM6', 'Administrator', 'S-1-5-21-4127652004-385634555-3113667412-500', 'LocalHost 
                     (LRPC 使用)', '利用不可', '利用不可'
Category           : (0)
CategoryNumber     : 0
ReplacementStrings : {アプリケーション固有, ローカル, アクティブ化, {D63B10C5-BB46-4990-A94F-E40B9D520160}...}
Source             : DCOM
TimeGenerated      : 2020/10/22 14:56:38
TimeWritten        : 2020/10/22 14:56:38
UserName           : WIN-JKSSMTI1TM6\Administrator

Index              : 535381
EntryType          : Error
InstanceId         : 10016
Message            : The description for Event ID '10016' in Source 'DCOM' cannot be found.  The local computer may not
                      have the necessary registry information or message DLL files to display the message, or you may n
                     ot have permission to access them.  The following information is part of the event:'アプリケーション固有', '
                     ローカル', 'アクティブ化', '{D63B10C5-BB46-4990-A94F-E40B9D520160}', '{9CA88EE3-ACB7-47C8-AFC4-AB702511C276}
                     ', 'WIN-JKSSMTI1TM6', 'Administrator', 'S-1-5-21-4127652004-385634555-3113667412-500', 'LocalHost 
                     (LRPC 使用)', '利用不可', '利用不可'
Category           : (0)
CategoryNumber     : 0
ReplacementStrings : {アプリケーション固有, ローカル, アクティブ化, {D63B10C5-BB46-4990-A94F-E40B9D520160}...}
Source             : DCOM
TimeGenerated      : 2020/10/22 14:56:36
TimeWritten        : 2020/10/22 14:56:36
UserName           : WIN-JKSSMTI1TM6\Administrator

Index              : 535374
EntryType          : Error
InstanceId         : 10016
Message            : The description for Event ID '10016' in Source 'DCOM' cannot be found.  The local computer may not
                      have the necessary registry information or message DLL files to display the message, or you may n
                     ot have permission to access them.  The following information is part of the event:'アプリケーション固有', '
                     ローカル', 'アクティブ化', '{D63B10C5-BB46-4990-A94F-E40B9D520160}', '{9CA88EE3-ACB7-47C8-AFC4-AB702511C276}
                     ', 'WIN-JKSSMTI1TM6', 'Administrator', 'S-1-5-21-4127652004-385634555-3113667412-500', 'LocalHost 
                     (LRPC 使用)', '利用不可', '利用不可'
Category           : (0)
CategoryNumber     : 0
ReplacementStrings : {アプリケーション固有, ローカル, アクティブ化, {D63B10C5-BB46-4990-A94F-E40B9D520160}...}
Source             : DCOM
TimeGenerated      : 2020/10/22 14:56:27
TimeWritten        : 2020/10/22 14:56:27
UserName           : WIN-JKSSMTI1TM6\Administrator

Index              : 535373
EntryType          : Error
InstanceId         : 3221487623
Message            : デバイス \Device\Harddisk0\DR0 に不良ブロックがあります。
Category           : (0)
CategoryNumber     : 0
ReplacementStrings : {\Device\Harddisk0\DR0}
Source             : Disk
TimeGenerated      : 2020/10/22 14:56:26
TimeWritten        : 2020/10/22 14:56:26
UserName           : 

Index              : 535372
EntryType          : Error
InstanceId         : 3221487623
Message            : デバイス \Device\Harddisk0\DR0 に不良ブロックがあります。
Category           : (0)
CategoryNumber     : 0
ReplacementStrings : {\Device\Harddisk0\DR0}
Source             : Disk
TimeGenerated      : 2020/10/22 14:56:26
TimeWritten        : 2020/10/22 14:56:26
UserName           : 

Index              : 535371
EntryType          : Error
InstanceId         : 3221487623
Message            : デバイス \Device\Harddisk0\DR0 に不良ブロックがあります。
Category           : (0)
CategoryNumber     : 0
ReplacementStrings : {\Device\Harddisk0\DR0}
Source             : Disk
TimeGenerated      : 2020/10/22 14:56:26
TimeWritten        : 2020/10/22 14:56:26
UserName           : 

Index              : 535370
EntryType          : Error
InstanceId         : 3221487623
Message            : デバイス \Device\Harddisk0\DR0 に不良ブロックがあります。
Category           : (0)
CategoryNumber     : 0
ReplacementStrings : {\Device\Harddisk0\DR0}
Source             : Disk
TimeGenerated      : 2020/10/22 14:56:26
TimeWritten        : 2020/10/22 14:56:26
UserName           : 

Index              : 535369
EntryType          : Error
InstanceId         : 3221487623
Message            : デバイス \Device\Harddisk0\DR0 に不良ブロックがあります。
Category           : (0)
CategoryNumber     : 0
ReplacementStrings : {\Device\Harddisk0\DR0}
Source             : Disk
TimeGenerated      : 2020/10/22 14:56:26
TimeWritten        : 2020/10/22 14:56:26
UserName           : 

Index              : 535368
EntryType          : Error
InstanceId         : 3221487623
Message            : デバイス \Device\Harddisk0\DR0 に不良ブロックがあります。
Category           : (0)
CategoryNumber     : 0
ReplacementStrings : {\Device\Harddisk0\DR0}
Source             : Disk
TimeGenerated      : 2020/10/22 14:56:26
TimeWritten        : 2020/10/22 14:56:26
UserName           : 

Index              : 535367
EntryType          : Error
InstanceId         : 3221487623
Message            : デバイス \Device\Harddisk0\DR0 に不良ブロックがあります。
Category           : (0)
CategoryNumber     : 0
ReplacementStrings : {\Device\Harddisk0\DR0}
Source             : Disk
TimeGenerated      : 2020/10/22 14:56:26
TimeWritten        : 2020/10/22 14:56:26
UserName           : 

Index              : 535366
EntryType          : Error
InstanceId         : 3221487631
Message            : デバイス \Device\Harddisk0\DR0 はまだアクセスできる状態ではありません。
Category           : (0)
CategoryNumber     : 0
ReplacementStrings : {\Device\Harddisk0\DR0}
Source             : Disk
TimeGenerated      : 2020/10/22 14:56:26
TimeWritten        : 2020/10/22 14:56:26
UserName           : 

Index              : 535365
EntryType          : Error
InstanceId         : 3221487623
Message            : デバイス \Device\Harddisk0\DR0 に不良ブロックがあります。
Category           : (0)
CategoryNumber     : 0
ReplacementStrings : {\Device\Harddisk0\DR0}
Source             : Disk
TimeGenerated      : 2020/10/22 14:56:26
TimeWritten        : 2020/10/22 14:56:26
UserName           : 

Index              : 535364
EntryType          : Error
InstanceId         : 3221487623
Message            : デバイス \Device\Harddisk0\DR0 に不良ブロックがあります。
Category           : (0)
CategoryNumber     : 0
ReplacementStrings : {\Device\Harddisk0\DR0}
Source             : Disk
TimeGenerated      : 2020/10/22 14:56:26
TimeWritten        : 2020/10/22 14:56:26
UserName           : 

Index              : 535363
EntryType          : Error
InstanceId         : 3221487623
Message            : デバイス \Device\Harddisk0\DR0 に不良ブロックがあります。
Category           : (0)
CategoryNumber     : 0
ReplacementStrings : {\Device\Harddisk0\DR0}
Source             : Disk
TimeGenerated      : 2020/10/22 14:56:26
TimeWritten        : 2020/10/22 14:56:26
UserName           : 

Index              : 535362
EntryType          : Error
InstanceId         : 3221487623
Message            : デバイス \Device\Harddisk0\DR0 に不良ブロックがあります。
Category           : (0)
CategoryNumber     : 0
ReplacementStrings : {\Device\Harddisk0\DR0}
Source             : Disk
TimeGenerated      : 2020/10/22 14:56:26
TimeWritten        : 2020/10/22 14:56:26
UserName           : 

Index              : 535361
EntryType          : Error
InstanceId         : 3221487623
Message            : デバイス \Device\Harddisk0\DR0 に不良ブロックがあります。
Category           : (0)
CategoryNumber     : 0
ReplacementStrings : {\Device\Harddisk0\DR0}
Source             : Disk
TimeGenerated      : 2020/10/22 14:56:26
TimeWritten        : 2020/10/22 14:56:26
UserName           : 

Index              : 535360
EntryType          : Error
InstanceId         : 3221487623
Message            : デバイス \Device\Harddisk0\DR0 に不良ブロックがあります。
Category           : (0)
CategoryNumber     : 0
ReplacementStrings : {\Device\Harddisk0\DR0}
Source             : Disk
TimeGenerated      : 2020/10/22 14:56:25
TimeWritten        : 2020/10/22 14:56:25
UserName           : 

Index              : 535359
EntryType          : Error
InstanceId         : 3221487623
Message            : デバイス \Device\Harddisk0\DR0 に不良ブロックがあります。
Category           : (0)
CategoryNumber     : 0
ReplacementStrings : {\Device\Harddisk0\DR0}
Source             : Disk
TimeGenerated      : 2020/10/22 14:56:25
TimeWritten        : 2020/10/22 14:56:25
UserName           : 

Index              : 535358
EntryType          : Error
InstanceId         : 3221487623
Message            : デバイス \Device\Harddisk0\DR0 に不良ブロックがあります。
Category           : (0)
CategoryNumber     : 0
ReplacementStrings : {\Device\Harddisk0\DR0}
Source             : Disk
TimeGenerated      : 2020/10/22 14:56:25
TimeWritten        : 2020/10/22 14:56:25
UserName           : 

Index              : 535357
EntryType          : Error
InstanceId         : 10016
Message            : The description for Event ID '10016' in Source 'DCOM' cannot be found.  The local computer may not
                      have the necessary registry information or message DLL files to display the message, or you may n
                     ot have permission to access them.  The following information is part of the event:'アプリケーション固有', '
                     ローカル', 'アクティブ化', '{D63B10C5-BB46-4990-A94F-E40B9D520160}', '{9CA88EE3-ACB7-47C8-AFC4-AB702511C276}
                     ', 'WIN-JKSSMTI1TM6', 'Administrator', 'S-1-5-21-4127652004-385634555-3113667412-500', 'LocalHost 
                     (LRPC 使用)', '利用不可', '利用不可'
Category           : (0)
CategoryNumber     : 0
ReplacementStrings : {アプリケーション固有, ローカル, アクティブ化, {D63B10C5-BB46-4990-A94F-E40B9D520160}...}
Source             : DCOM
TimeGenerated      : 2020/10/22 14:56:18
TimeWritten        : 2020/10/22 14:56:18
UserName           : WIN-JKSSMTI1TM6\Administrator

Index              : 535356
EntryType          : Error
InstanceId         : 10016
Message            : The description for Event ID '10016' in Source 'DCOM' cannot be found.  The local computer may not
                      have the necessary registry information or message DLL files to display the message, or you may n
                     ot have permission to access them.  The following information is part of the event:'アプリケーション固有', '
                     ローカル', 'アクティブ化', '{D63B10C5-BB46-4990-A94F-E40B9D520160}', '{9CA88EE3-ACB7-47C8-AFC4-AB702511C276}
                     ', 'WIN-JKSSMTI1TM6', 'Administrator', 'S-1-5-21-4127652004-385634555-3113667412-500', 'LocalHost 
                     (LRPC 使用)', '利用不可', '利用不可'
Category           : (0)
CategoryNumber     : 0
ReplacementStrings : {アプリケーション固有, ローカル, アクティブ化, {D63B10C5-BB46-4990-A94F-E40B9D520160}...}
Source             : DCOM
TimeGenerated      : 2020/10/22 14:56:15
TimeWritten        : 2020/10/22 14:56:15
UserName           : WIN-JKSSMTI1TM6\Administrator

Index              : 535355
EntryType          : Error
InstanceId         : 10016
Message            : The description for Event ID '10016' in Source 'DCOM' cannot be found.  The local computer may not
                      have the necessary registry information or message DLL files to display the message, or you may n
                     ot have permission to access them.  The following information is part of the event:'アプリケーション固有', '
                     ローカル', 'アクティブ化', '{D63B10C5-BB46-4990-A94F-E40B9D520160}', '{9CA88EE3-ACB7-47C8-AFC4-AB702511C276}
                     ', 'WIN-JKSSMTI1TM6', 'Administrator', 'S-1-5-21-4127652004-385634555-3113667412-500', 'LocalHost 
                     (LRPC 使用)', '利用不可', '利用不可'
Category           : (0)
CategoryNumber     : 0
ReplacementStrings : {アプリケーション固有, ローカル, アクティブ化, {D63B10C5-BB46-4990-A94F-E40B9D520160}...}
Source             : DCOM
TimeGenerated      : 2020/10/22 14:56:15
TimeWritten        : 2020/10/22 14:56:15
UserName           : WIN-JKSSMTI1TM6\Administrator

Index              : 535354
EntryType          : Error
InstanceId         : 10016
Message            : The description for Event ID '10016' in Source 'DCOM' cannot be found.  The local computer may not
                      have the necessary registry information or message DLL files to display the message, or you may n
                     ot have permission to access them.  The following information is part of the event:'アプリケーション固有', '
                     ローカル', 'アクティブ化', '{D63B10C5-BB46-4990-A94F-E40B9D520160}', '{9CA88EE3-ACB7-47C8-AFC4-AB702511C276}
                     ', 'WIN-JKSSMTI1TM6', 'Administrator', 'S-1-5-21-4127652004-385634555-3113667412-500', 'LocalHost 
                     (LRPC 使用)', '利用不可', '利用不可'
Category           : (0)
CategoryNumber     : 0
ReplacementStrings : {アプリケーション固有, ローカル, アクティブ化, {D63B10C5-BB46-4990-A94F-E40B9D520160}...}
Source             : DCOM
TimeGenerated      : 2020/10/22 14:56:12
TimeWritten        : 2020/10/22 14:56:12
UserName           : WIN-JKSSMTI1TM6\Administrator

Index              : 535353
EntryType          : Error
InstanceId         : 10016
Message            : The description for Event ID '10016' in Source 'DCOM' cannot be found.  The local computer may not
                      have the necessary registry information or message DLL files to display the message, or you may n
                     ot have permission to access them.  The following information is part of the event:'アプリケーション固有', '
                     ローカル', 'アクティブ化', '{D63B10C5-BB46-4990-A94F-E40B9D520160}', '{9CA88EE3-ACB7-47C8-AFC4-AB702511C276}
                     ', 'WIN-JKSSMTI1TM6', 'Administrator', 'S-1-5-21-4127652004-385634555-3113667412-500', 'LocalHost 
                     (LRPC 使用)', '利用不可', '利用不可'
Category           : (0)
CategoryNumber     : 0
ReplacementStrings : {アプリケーション固有, ローカル, アクティブ化, {D63B10C5-BB46-4990-A94F-E40B9D520160}...}
Source             : DCOM
TimeGenerated      : 2020/10/22 14:56:12
TimeWritten        : 2020/10/22 14:56:12
UserName           : WIN-JKSSMTI1TM6\Administrator

Index              : 535352
EntryType          : Error
InstanceId         : 10016
Message            : The description for Event ID '10016' in Source 'DCOM' cannot be found.  The local computer may not
                      have the necessary registry information or message DLL files to display the message, or you may n
                     ot have permission to access them.  The following information is part of the event:'アプリケーション固有', '
                     ローカル', 'アクティブ化', '{D63B10C5-BB46-4990-A94F-E40B9D520160}', '{9CA88EE3-ACB7-47C8-AFC4-AB702511C276}
                     ', 'WIN-JKSSMTI1TM6', 'Administrator', 'S-1-5-21-4127652004-385634555-3113667412-500', 'LocalHost 
                     (LRPC 使用)', '利用不可', '利用不可'
Category           : (0)
CategoryNumber     : 0
ReplacementStrings : {アプリケーション固有, ローカル, アクティブ化, {D63B10C5-BB46-4990-A94F-E40B9D520160}...}
Source             : DCOM
TimeGenerated      : 2020/10/22 14:56:00
TimeWritten        : 2020/10/22 14:56:00
UserName           : WIN-JKSSMTI1TM6\Administrator

Index              : 535351
EntryType          : Error
InstanceId         : 10016
Message            : The description for Event ID '10016' in Source 'DCOM' cannot be found.  The local computer may not
                      have the necessary registry information or message DLL files to display the message, or you may n
                     ot have permission to access them.  The following information is part of the event:'アプリケーション固有', '
                     ローカル', 'アクティブ化', '{D63B10C5-BB46-4990-A94F-E40B9D520160}', '{9CA88EE3-ACB7-47C8-AFC4-AB702511C276}
                     ', 'WIN-JKSSMTI1TM6', 'Administrator', 'S-1-5-21-4127652004-385634555-3113667412-500', 'LocalHost 
                     (LRPC 使用)', '利用不可', '利用不可'
Category           : (0)
CategoryNumber     : 0
ReplacementStrings : {アプリケーション固有, ローカル, アクティブ化, {D63B10C5-BB46-4990-A94F-E40B9D520160}...}
Source             : DCOM
TimeGenerated      : 2020/10/22 14:55:57
TimeWritten        : 2020/10/22 14:55:57
UserName           : WIN-JKSSMTI1TM6\Administrator

Index              : 535350
EntryType          : Error
InstanceId         : 10016
Message            : The description for Event ID '10016' in Source 'DCOM' cannot be found.  The local computer may not
                      have the necessary registry information or message DLL files to display the message, or you may n
                     ot have permission to access them.  The following information is part of the event:'アプリケーション固有', '
                     ローカル', 'アクティブ化', '{D63B10C5-BB46-4990-A94F-E40B9D520160}', '{9CA88EE3-ACB7-47C8-AFC4-AB702511C276}
                     ', 'WIN-JKSSMTI1TM6', 'Administrator', 'S-1-5-21-4127652004-385634555-3113667412-500', 'LocalHost 
                     (LRPC 使用)', '利用不可', '利用不可'
Category           : (0)
CategoryNumber     : 0
ReplacementStrings : {アプリケーション固有, ローカル, アクティブ化, {D63B10C5-BB46-4990-A94F-E40B9D520160}...}
Source             : DCOM
TimeGenerated      : 2020/10/22 14:55:54
TimeWritten        : 2020/10/22 14:55:54
UserName           : WIN-JKSSMTI1TM6\Administrator

Index              : 535349
EntryType          : Error
InstanceId         : 10016
Message            : The description for Event ID '10016' in Source 'DCOM' cannot be found.  The local computer may not
                      have the necessary registry information or message DLL files to display the message, or you may n
                     ot have permission to access them.  The following information is part of the event:'アプリケーション固有', '
                     ローカル', 'アクティブ化', '{D63B10C5-BB46-4990-A94F-E40B9D520160}', '{9CA88EE3-ACB7-47C8-AFC4-AB702511C276}
                     ', 'WIN-JKSSMTI1TM6', 'Administrator', 'S-1-5-21-4127652004-385634555-3113667412-500', 'LocalHost 
                     (LRPC 使用)', '利用不可', '利用不可'
Category           : (0)
CategoryNumber     : 0
ReplacementStrings : {アプリケーション固有, ローカル, アクティブ化, {D63B10C5-BB46-4990-A94F-E40B9D520160}...}
Source             : DCOM
TimeGenerated      : 2020/10/22 14:55:49
TimeWritten        : 2020/10/22 14:55:49
UserName           : WIN-JKSSMTI1TM6\Administrator

Index              : 535347
EntryType          : Error
InstanceId         : 10016
Message            : The description for Event ID '10016' in Source 'DCOM' cannot be found.  The local computer may not
                      have the necessary registry information or message DLL files to display the message, or you may n
                     ot have permission to access them.  The following information is part of the event:'アプリケーション固有', '
                     ローカル', 'アクティブ化', '{D63B10C5-BB46-4990-A94F-E40B9D520160}', '{9CA88EE3-ACB7-47C8-AFC4-AB702511C276}
                     ', 'WIN-JKSSMTI1TM6', 'Administrator', 'S-1-5-21-4127652004-385634555-3113667412-500', 'LocalHost 
                     (LRPC 使用)', '利用不可', '利用不可'
Category           : (0)
CategoryNumber     : 0
ReplacementStrings : {アプリケーション固有, ローカル, アクティブ化, {D63B10C5-BB46-4990-A94F-E40B9D520160}...}
Source             : DCOM
TimeGenerated      : 2020/10/22 14:55:45
TimeWritten        : 2020/10/22 14:55:45
UserName           : WIN-JKSSMTI1TM6\Administrator

Index              : 535346
EntryType          : Error
InstanceId         : 10016
Message            : The description for Event ID '10016' in Source 'DCOM' cannot be found.  The local computer may not
                      have the necessary registry information or message DLL files to display the message, or you may n
                     ot have permission to access them.  The following information is part of the event:'アプリケーション固有', '
                     ローカル', 'アクティブ化', '{D63B10C5-BB46-4990-A94F-E40B9D520160}', '{9CA88EE3-ACB7-47C8-AFC4-AB702511C276}
                     ', 'WIN-JKSSMTI1TM6', 'Administrator', 'S-1-5-21-4127652004-385634555-3113667412-500', 'LocalHost 
                     (LRPC 使用)', '利用不可', '利用不可'
Category           : (0)
CategoryNumber     : 0
ReplacementStrings : {アプリケーション固有, ローカル, アクティブ化, {D63B10C5-BB46-4990-A94F-E40B9D520160}...}
Source             : DCOM
TimeGenerated      : 2020/10/22 14:55:43
TimeWritten        : 2020/10/22 14:55:43
UserName           : WIN-JKSSMTI1TM6\Administrator

Index              : 535343
EntryType          : Error
InstanceId         : 10016
Message            : The description for Event ID '10016' in Source 'DCOM' cannot be found.  The local computer may not
                      have the necessary registry information or message DLL files to display the message, or you may n
                     ot have permission to access them.  The following information is part of the event:'アプリケーション固有', '
                     ローカル', 'アクティブ化', '{D63B10C5-BB46-4990-A94F-E40B9D520160}', '{9CA88EE3-ACB7-47C8-AFC4-AB702511C276}
                     ', 'WIN-JKSSMTI1TM6', 'Administrator', 'S-1-5-21-4127652004-385634555-3113667412-500', 'LocalHost 
                     (LRPC 使用)', '利用不可', '利用不可'
Category           : (0)
CategoryNumber     : 0
ReplacementStrings : {アプリケーション固有, ローカル, アクティブ化, {D63B10C5-BB46-4990-A94F-E40B9D520160}...}
Source             : DCOM
TimeGenerated      : 2020/10/22 14:55:38
TimeWritten        : 2020/10/22 14:55:38
UserName           : WIN-JKSSMTI1TM6\Administrator

Index              : 535333
EntryType          : Error
InstanceId         : 10016
Message            : The description for Event ID '10016' in Source 'DCOM' cannot be found.  The local computer may not
                      have the necessary registry information or message DLL files to display the message, or you may n
                     ot have permission to access them.  The following information is part of the event:'アプリケーション固有', '
                     ローカル', 'アクティブ化', '{D63B10C5-BB46-4990-A94F-E40B9D520160}', '{9CA88EE3-ACB7-47C8-AFC4-AB702511C276}
                     ', 'WIN-JKSSMTI1TM6', 'Administrator', 'S-1-5-21-4127652004-385634555-3113667412-500', 'LocalHost 
                     (LRPC 使用)', '利用不可', '利用不可'
Category           : (0)
CategoryNumber     : 0
ReplacementStrings : {アプリケーション固有, ローカル, アクティブ化, {D63B10C5-BB46-4990-A94F-E40B9D520160}...}
Source             : DCOM
TimeGenerated      : 2020/10/22 14:55:34
TimeWritten        : 2020/10/22 14:55:34
UserName           : WIN-JKSSMTI1TM6\Administrator

Index              : 535332
EntryType          : Error
InstanceId         : 10016
Message            : The description for Event ID '10016' in Source 'DCOM' cannot be found.  The local computer may not
                      have the necessary registry information or message DLL files to display the message, or you may n
                     ot have permission to access them.  The following information is part of the event:'アプリケーション固有', '
                     ローカル', 'アクティブ化', '{D63B10C5-BB46-4990-A94F-E40B9D520160}', '{9CA88EE3-ACB7-47C8-AFC4-AB702511C276}
                     ', 'WIN-JKSSMTI1TM6', 'Administrator', 'S-1-5-21-4127652004-385634555-3113667412-500', 'LocalHost 
                     (LRPC 使用)', '利用不可', '利用不可'
Category           : (0)
CategoryNumber     : 0
ReplacementStrings : {アプリケーション固有, ローカル, アクティブ化, {D63B10C5-BB46-4990-A94F-E40B9D520160}...}
Source             : DCOM
TimeGenerated      : 2020/10/22 14:55:31
TimeWritten        : 2020/10/22 14:55:31
UserName           : WIN-JKSSMTI1TM6\Administrator

Index              : 535330
EntryType          : Error
InstanceId         : 10016
Message            : The description for Event ID '10016' in Source 'DCOM' cannot be found.  The local computer may not
                      have the necessary registry information or message DLL files to display the message, or you may n
                     ot have permission to access them.  The following information is part of the event:'アプリケーション固有', '
                     ローカル', 'アクティブ化', '{D63B10C5-BB46-4990-A94F-E40B9D520160}', '{9CA88EE3-ACB7-47C8-AFC4-AB702511C276}
                     ', 'WIN-JKSSMTI1TM6', 'Administrator', 'S-1-5-21-4127652004-385634555-3113667412-500', 'LocalHost 
                     (LRPC 使用)', '利用不可', '利用不可'
Category           : (0)
CategoryNumber     : 0
ReplacementStrings : {アプリケーション固有, ローカル, アクティブ化, {D63B10C5-BB46-4990-A94F-E40B9D520160}...}
Source             : DCOM
TimeGenerated      : 2020/10/22 14:55:27
TimeWritten        : 2020/10/22 14:55:27
UserName           : WIN-JKSSMTI1TM6\Administrator

Index              : 535329
EntryType          : Error
InstanceId         : 10016
Message            : The description for Event ID '10016' in Source 'DCOM' cannot be found.  The local computer may not
                      have the necessary registry information or message DLL files to display the message, or you may n
                     ot have permission to access them.  The following information is part of the event:'アプリケーション固有', '
                     ローカル', 'アクティブ化', '{D63B10C5-BB46-4990-A94F-E40B9D520160}', '{9CA88EE3-ACB7-47C8-AFC4-AB702511C276}
                     ', 'WIN-JKSSMTI1TM6', 'Administrator', 'S-1-5-21-4127652004-385634555-3113667412-500', 'LocalHost 
                     (LRPC 使用)', '利用不可', '利用不可'
Category           : (0)
CategoryNumber     : 0
ReplacementStrings : {アプリケーション固有, ローカル, アクティブ化, {D63B10C5-BB46-4990-A94F-E40B9D520160}...}
Source             : DCOM
TimeGenerated      : 2020/10/22 14:55:24
TimeWritten        : 2020/10/22 14:55:24
UserName           : WIN-JKSSMTI1TM6\Administrator

Index              : 535328
EntryType          : Error
InstanceId         : 10016
Message            : The description for Event ID '10016' in Source 'DCOM' cannot be found.  The local computer may not
                      have the necessary registry information or message DLL files to display the message, or you may n
                     ot have permission to access them.  The following information is part of the event:'アプリケーション固有', '
                     ローカル', 'アクティブ化', '{D63B10C5-BB46-4990-A94F-E40B9D520160}', '{9CA88EE3-ACB7-47C8-AFC4-AB702511C276}
                     ', 'WIN-JKSSMTI1TM6', 'Administrator', 'S-1-5-21-4127652004-385634555-3113667412-500', 'LocalHost 
                     (LRPC 使用)', '利用不可', '利用不可'
Category           : (0)
CategoryNumber     : 0
ReplacementStrings : {アプリケーション固有, ローカル, アクティブ化, {D63B10C5-BB46-4990-A94F-E40B9D520160}...}
Source             : DCOM
TimeGenerated      : 2020/10/22 14:55:22
TimeWritten        : 2020/10/22 14:55:22
UserName           : WIN-JKSSMTI1TM6\Administrator

Index              : 535327
EntryType          : Error
InstanceId         : 10016
Message            : The description for Event ID '10016' in Source 'DCOM' cannot be found.  The local computer may not
                      have the necessary registry information or message DLL files to display the message, or you may n
                     ot have permission to access them.  The following information is part of the event:'アプリケーション固有', '
                     ローカル', 'アクティブ化', '{D63B10C5-BB46-4990-A94F-E40B9D520160}', '{9CA88EE3-ACB7-47C8-AFC4-AB702511C276}
                     ', 'WIN-JKSSMTI1TM6', 'Administrator', 'S-1-5-21-4127652004-385634555-3113667412-500', 'LocalHost 
                     (LRPC 使用)', '利用不可', '利用不可'
Category           : (0)
CategoryNumber     : 0
ReplacementStrings : {アプリケーション固有, ローカル, アクティブ化, {D63B10C5-BB46-4990-A94F-E40B9D520160}...}
Source             : DCOM
TimeGenerated      : 2020/10/22 14:55:17
TimeWritten        : 2020/10/22 14:55:17
UserName           : WIN-JKSSMTI1TM6\Administrator

Index              : 535326
EntryType          : Error
InstanceId         : 10016
Message            : The description for Event ID '10016' in Source 'DCOM' cannot be found.  The local computer may not
                      have the necessary registry information or message DLL files to display the message, or you may n
                     ot have permission to access them.  The following information is part of the event:'アプリケーション固有', '
                     ローカル', 'アクティブ化', '{D63B10C5-BB46-4990-A94F-E40B9D520160}', '{9CA88EE3-ACB7-47C8-AFC4-AB702511C276}
                     ', 'WIN-JKSSMTI1TM6', 'Administrator', 'S-1-5-21-4127652004-385634555-3113667412-500', 'LocalHost 
                     (LRPC 使用)', '利用不可', '利用不可'
Category           : (0)
CategoryNumber     : 0
ReplacementStrings : {アプリケーション固有, ローカル, アクティブ化, {D63B10C5-BB46-4990-A94F-E40B9D520160}...}
Source             : DCOM
TimeGenerated      : 2020/10/22 14:55:15
TimeWritten        : 2020/10/22 14:55:15
UserName           : WIN-JKSSMTI1TM6\Administrator

Index              : 535325
EntryType          : Error
InstanceId         : 10016
Message            : The description for Event ID '10016' in Source 'DCOM' cannot be found.  The local computer may not
                      have the necessary registry information or message DLL files to display the message, or you may n
                     ot have permission to access them.  The following information is part of the event:'アプリケーション固有', '
                     ローカル', 'アクティブ化', '{D63B10C5-BB46-4990-A94F-E40B9D520160}', '{9CA88EE3-ACB7-47C8-AFC4-AB702511C276}
                     ', 'WIN-JKSSMTI1TM6', 'Administrator', 'S-1-5-21-4127652004-385634555-3113667412-500', 'LocalHost 
                     (LRPC 使用)', '利用不可', '利用不可'
Category           : (0)
CategoryNumber     : 0
ReplacementStrings : {アプリケーション固有, ローカル, アクティブ化, {D63B10C5-BB46-4990-A94F-E40B9D520160}...}
Source             : DCOM
TimeGenerated      : 2020/10/22 14:55:13
TimeWritten        : 2020/10/22 14:55:13
UserName           : WIN-JKSSMTI1TM6\Administrator

Index              : 535324
EntryType          : Error
InstanceId         : 10016
Message            : The description for Event ID '10016' in Source 'DCOM' cannot be found.  The local computer may not
                      have the necessary registry information or message DLL files to display the message, or you may n
                     ot have permission to access them.  The following information is part of the event:'アプリケーション固有', '
                     ローカル', 'アクティブ化', '{D63B10C5-BB46-4990-A94F-E40B9D520160}', '{9CA88EE3-ACB7-47C8-AFC4-AB702511C276}
                     ', 'WIN-JKSSMTI1TM6', 'Administrator', 'S-1-5-21-4127652004-385634555-3113667412-500', 'LocalHost 
                     (LRPC 使用)', '利用不可', '利用不可'
Category           : (0)
CategoryNumber     : 0
ReplacementStrings : {アプリケーション固有, ローカル, アクティブ化, {D63B10C5-BB46-4990-A94F-E40B9D520160}...}
Source             : DCOM
TimeGenerated      : 2020/10/22 14:55:10
TimeWritten        : 2020/10/22 14:55:10
UserName           : WIN-JKSSMTI1TM6\Administrator

Index              : 535323
EntryType          : Error
InstanceId         : 10016
Message            : The description for Event ID '10016' in Source 'DCOM' cannot be found.  The local computer may not
                      have the necessary registry information or message DLL files to display the message, or you may n
                     ot have permission to access them.  The following information is part of the event:'アプリケーション固有', '
                     ローカル', 'アクティブ化', '{D63B10C5-BB46-4990-A94F-E40B9D520160}', '{9CA88EE3-ACB7-47C8-AFC4-AB702511C276}
                     ', 'WIN-JKSSMTI1TM6', 'Administrator', 'S-1-5-21-4127652004-385634555-3113667412-500', 'LocalHost 
                     (LRPC 使用)', '利用不可', '利用不可'
Category           : (0)
CategoryNumber     : 0
ReplacementStrings : {アプリケーション固有, ローカル, アクティブ化, {D63B10C5-BB46-4990-A94F-E40B9D520160}...}
Source             : DCOM
TimeGenerated      : 2020/10/22 14:55:08
TimeWritten        : 2020/10/22 14:55:08
UserName           : WIN-JKSSMTI1TM6\Administrator

Index              : 535322
EntryType          : Error
InstanceId         : 10016
Message            : The description for Event ID '10016' in Source 'DCOM' cannot be found.  The local computer may not
                      have the necessary registry information or message DLL files to display the message, or you may n
                     ot have permission to access them.  The following information is part of the event:'アプリケーション固有', '
                     ローカル', 'アクティブ化', '{D63B10C5-BB46-4990-A94F-E40B9D520160}', '{9CA88EE3-ACB7-47C8-AFC4-AB702511C276}
                     ', 'WIN-JKSSMTI1TM6', 'Administrator', 'S-1-5-21-4127652004-385634555-3113667412-500', 'LocalHost 
                     (LRPC 使用)', '利用不可', '利用不可'
Category           : (0)
CategoryNumber     : 0
ReplacementStrings : {アプリケーション固有, ローカル, アクティブ化, {D63B10C5-BB46-4990-A94F-E40B9D520160}...}
Source             : DCOM
TimeGenerated      : 2020/10/22 14:55:03
TimeWritten        : 2020/10/22 14:55:03
UserName           : WIN-JKSSMTI1TM6\Administrator

Index              : 535321
EntryType          : Error
InstanceId         : 10016
Message            : The description for Event ID '10016' in Source 'DCOM' cannot be found.  The local computer may not
                      have the necessary registry information or message DLL files to display the message, or you may n
                     ot have permission to access them.  The following information is part of the event:'アプリケーション固有', '
                     ローカル', 'アクティブ化', '{D63B10C5-BB46-4990-A94F-E40B9D520160}', '{9CA88EE3-ACB7-47C8-AFC4-AB702511C276}
                     ', 'WIN-JKSSMTI1TM6', 'Administrator', 'S-1-5-21-4127652004-385634555-3113667412-500', 'LocalHost 
                     (LRPC 使用)', '利用不可', '利用不可'
Category           : (0)
CategoryNumber     : 0
ReplacementStrings : {アプリケーション固有, ローカル, アクティブ化, {D63B10C5-BB46-4990-A94F-E40B9D520160}...}
Source             : DCOM
TimeGenerated      : 2020/10/22 14:54:59
TimeWritten        : 2020/10/22 14:54:59
UserName           : WIN-JKSSMTI1TM6\Administrator

Index              : 535320
EntryType          : Error
InstanceId         : 10016
Message            : The description for Event ID '10016' in Source 'DCOM' cannot be found.  The local computer may not
                      have the necessary registry information or message DLL files to display the message, or you may n
                     ot have permission to access them.  The following information is part of the event:'アプリケーション固有', '
                     ローカル', 'アクティブ化', '{D63B10C5-BB46-4990-A94F-E40B9D520160}', '{9CA88EE3-ACB7-47C8-AFC4-AB702511C276}
                     ', 'WIN-JKSSMTI1TM6', 'Administrator', 'S-1-5-21-4127652004-385634555-3113667412-500', 'LocalHost 
                     (LRPC 使用)', '利用不可', '利用不可'
Category           : (0)
CategoryNumber     : 0
ReplacementStrings : {アプリケーション固有, ローカル, アクティブ化, {D63B10C5-BB46-4990-A94F-E40B9D520160}...}
Source             : DCOM
TimeGenerated      : 2020/10/22 14:54:57
TimeWritten        : 2020/10/22 14:54:57
UserName           : WIN-JKSSMTI1TM6\Administrator

Index              : 535319
EntryType          : Error
InstanceId         : 10016
Message            : The description for Event ID '10016' in Source 'DCOM' cannot be found.  The local computer may not
                      have the necessary registry information or message DLL files to display the message, or you may n
                     ot have permission to access them.  The following information is part of the event:'アプリケーション固有', '
                     ローカル', 'アクティブ化', '{D63B10C5-BB46-4990-A94F-E40B9D520160}', '{9CA88EE3-ACB7-47C8-AFC4-AB702511C276}
                     ', 'WIN-JKSSMTI1TM6', 'Administrator', 'S-1-5-21-4127652004-385634555-3113667412-500', 'LocalHost 
                     (LRPC 使用)', '利用不可', '利用不可'
Category           : (0)
CategoryNumber     : 0
ReplacementStrings : {アプリケーション固有, ローカル, アクティブ化, {D63B10C5-BB46-4990-A94F-E40B9D520160}...}
Source             : DCOM
TimeGenerated      : 2020/10/22 14:54:54
TimeWritten        : 2020/10/22 14:54:54
UserName           : WIN-JKSSMTI1TM6\Administrator

Index              : 535318
EntryType          : Error
InstanceId         : 10016
Message            : The description for Event ID '10016' in Source 'DCOM' cannot be found.  The local computer may not
                      have the necessary registry information or message DLL files to display the message, or you may n
                     ot have permission to access them.  The following information is part of the event:'アプリケーション固有', '
                     ローカル', 'アクティブ化', '{D63B10C5-BB46-4990-A94F-E40B9D520160}', '{9CA88EE3-ACB7-47C8-AFC4-AB702511C276}
                     ', 'WIN-JKSSMTI1TM6', 'Administrator', 'S-1-5-21-4127652004-385634555-3113667412-500', 'LocalHost 
                     (LRPC 使用)', '利用不可', '利用不可'
Category           : (0)
CategoryNumber     : 0
ReplacementStrings : {アプリケーション固有, ローカル, アクティブ化, {D63B10C5-BB46-4990-A94F-E40B9D520160}...}
Source             : DCOM
TimeGenerated      : 2020/10/22 14:54:52
TimeWritten        : 2020/10/22 14:54:52
UserName           : WIN-JKSSMTI1TM6\Administrator

Index              : 535304
EntryType          : Error
InstanceId         : 3221232506
Message            : Consul サービスは予期せぬ原因により終了しました。このサービスの強制終了は 1 回目です。
Category           : (0)
CategoryNumber     : 0
ReplacementStrings : {Consul, 1}
Source             : Service Control Manager
TimeGenerated      : 2020/10/22 14:53:26
TimeWritten        : 2020/10/22 14:53:26
UserName           : 

Index              : 535273
EntryType          : Error
InstanceId         : 3221232472
Message            : SQLWriter サービスを、次のエラーが原因で開始できませんでした: 
                     %%1053
Category           : (0)
CategoryNumber     : 0
ReplacementStrings : {SQLWriter, %%1053}
Source             : Service Control Manager
TimeGenerated      : 2020/10/22 14:53:29
TimeWritten        : 2020/10/22 14:53:29
UserName           : 

Index              : 535272
EntryType          : Error
InstanceId         : 3221232481
Message            : SQLWriter サービスの接続を待機中にタイムアウト (30000 ミリ秒) になりました。
Category           : (0)
CategoryNumber     : 0
ReplacementStrings : {30000, SQLWriter}
Source             : Service Control Manager
TimeGenerated      : 2020/10/22 14:53:29
TimeWritten        : 2020/10/22 14:53:29
UserName           : 

Index              : 535204
EntryType          : Error
InstanceId         : 1073742825
Message            : The description for Event ID '1073742825' in Source 'BugCheck' cannot be found.  The local compute
                     r may not have the necessary registry information or message DLL files to display the message, or 
                     you may not have permission to access them.  The following information is part of the event:'0xc00
                     0021a (0xffff930ff21a04c0, 0xffffffffc0000006, 0x00007ffe6345e180, 0x000000e74053f240)', 'C:\Windo
                     ws\MEMORY.DMP', 'e19678eb-33bb-4ea8-b907-89534b9afd19'
Category           : (0)
CategoryNumber     : 0
ReplacementStrings : {0xc000021a (0xffff930ff21a04c0, 0xffffffffc0000006, 0x00007ffe6345e180, 0x000000e74053f240), C:\W
                     indows\MEMORY.DMP, e19678eb-33bb-4ea8-b907-89534b9afd19}
Source             : BugCheck
TimeGenerated      : 2020/10/22 14:53:28
TimeWritten        : 2020/10/22 14:53:28
UserName           : 

Index              : 535200
EntryType          : Error
InstanceId         : 2147489656
Message            : 以前のシステム シャットダウン ( ‎2020/‎10/‎22 14:51:50) は予期されていませんでした。
Category           : (0)
CategoryNumber     : 0
ReplacementStrings : {14:51:50, ‎2020/‎10/‎22, , ...}
Source             : EventLog
TimeGenerated      : 2020/10/22 14:53:28
TimeWritten        : 2020/10/22 14:53:28
UserName           : 

Index              : 535189
EntryType          : Error
InstanceId         : 10016
Message            : The description for Event ID '10016' in Source 'DCOM' cannot be found.  The local computer may not
                      have the necessary registry information or message DLL files to display the message, or you may n
                     ot have permission to access them.  The following information is part of the event:'アプリケーション固有', '
                     ローカル', 'アクティブ化', '{D63B10C5-BB46-4990-A94F-E40B9D520160}', '{9CA88EE3-ACB7-47C8-AFC4-AB702511C276}
                     ', 'WIN-JKSSMTI1TM6', 'Administrator', 'S-1-5-21-4127652004-385634555-3113667412-500', 'LocalHost 
                     (LRPC 使用)', '利用不可', '利用不可'
Category           : (0)
CategoryNumber     : 0
ReplacementStrings : {アプリケーション固有, ローカル, アクティブ化, {D63B10C5-BB46-4990-A94F-E40B9D520160}...}
Source             : DCOM
TimeGenerated      : 2020/10/22 14:52:01
TimeWritten        : 2020/10/22 14:52:01
UserName           : WIN-JKSSMTI1TM6\Administrator

Index              : 535188
EntryType          : Error
InstanceId         : 10016
Message            : The description for Event ID '10016' in Source 'DCOM' cannot be found.  The local computer may not
                      have the necessary registry information or message DLL files to display the message, or you may n
                     ot have permission to access them.  The following information is part of the event:'アプリケーション固有', '
                     ローカル', 'アクティブ化', '{D63B10C5-BB46-4990-A94F-E40B9D520160}', '{9CA88EE3-ACB7-47C8-AFC4-AB702511C276}
                     ', 'WIN-JKSSMTI1TM6', 'Administrator', 'S-1-5-21-4127652004-385634555-3113667412-500', 'LocalHost 
                     (LRPC 使用)', '利用不可', '利用不可'
Category           : (0)
CategoryNumber     : 0
ReplacementStrings : {アプリケーション固有, ローカル, アクティブ化, {D63B10C5-BB46-4990-A94F-E40B9D520160}...}
Source             : DCOM
TimeGenerated      : 2020/10/22 14:52:01
TimeWritten        : 2020/10/22 14:52:01
UserName           : WIN-JKSSMTI1TM6\Administrator

