Index              : 495807
EntryType          : Error
InstanceId         : 10016
Message            : The description for Event ID '10016' in Source 'DCOM' cannot be found.  The local computer may not
                      have the necessary registry information or message DLL files to display the message, or you may n
                     ot have permission to access them.  The following information is part of the event:'アプリケーション固有', '
                     ローカル', 'アクティブ化', '{D63B10C5-BB46-4990-A94F-E40B9D520160}', '{9CA88EE3-ACB7-47C8-AFC4-AB702511C276}
                     ', 'WIN-JKSSMTI1TM6', 'Administrator', 'S-1-5-21-4127652004-385634555-3113667412-500', 'LocalHost 
                     (LRPC 使用)', '利用不可', '利用不可'
Category           : (0)
CategoryNumber     : 0
ReplacementStrings : {アプリケーション固有, ローカル, アクティブ化, {D63B10C5-BB46-4990-A94F-E40B9D520160}...}
Source             : DCOM
TimeGenerated      : 2020/09/05 14:44:11
TimeWritten        : 2020/09/05 14:44:11
UserName           : WIN-JKSSMTI1TM6\Administrator

Index              : 495806
EntryType          : Error
InstanceId         : 10016
Message            : The description for Event ID '10016' in Source 'DCOM' cannot be found.  The local computer may not
                      have the necessary registry information or message DLL files to display the message, or you may n
                     ot have permission to access them.  The following information is part of the event:'アプリケーション固有', '
                     ローカル', 'アクティブ化', '{D63B10C5-BB46-4990-A94F-E40B9D520160}', '{9CA88EE3-ACB7-47C8-AFC4-AB702511C276}
                     ', 'WIN-JKSSMTI1TM6', 'Administrator', 'S-1-5-21-4127652004-385634555-3113667412-500', 'LocalHost 
                     (LRPC 使用)', '利用不可', '利用不可'
Category           : (0)
CategoryNumber     : 0
ReplacementStrings : {アプリケーション固有, ローカル, アクティブ化, {D63B10C5-BB46-4990-A94F-E40B9D520160}...}
Source             : DCOM
TimeGenerated      : 2020/09/05 14:44:11
TimeWritten        : 2020/09/05 14:44:11
UserName           : WIN-JKSSMTI1TM6\Administrator

Index              : 495794
EntryType          : Error
InstanceId         : 3221487623
Message            : デバイス \Device\Harddisk0\DR0 に不良ブロックがあります。
Category           : (0)
CategoryNumber     : 0
ReplacementStrings : {\Device\Harddisk0\DR0}
Source             : Disk
TimeGenerated      : 2020/09/05 14:28:58
TimeWritten        : 2020/09/05 14:28:58
UserName           : 

Index              : 495793
EntryType          : Error
InstanceId         : 3221487623
Message            : デバイス \Device\Harddisk0\DR0 に不良ブロックがあります。
Category           : (0)
CategoryNumber     : 0
ReplacementStrings : {\Device\Harddisk0\DR0}
Source             : Disk
TimeGenerated      : 2020/09/05 14:28:58
TimeWritten        : 2020/09/05 14:28:58
UserName           : 

Index              : 495792
EntryType          : Error
InstanceId         : 3221487623
Message            : デバイス \Device\Harddisk0\DR0 に不良ブロックがあります。
Category           : (0)
CategoryNumber     : 0
ReplacementStrings : {\Device\Harddisk0\DR0}
Source             : Disk
TimeGenerated      : 2020/09/05 14:28:58
TimeWritten        : 2020/09/05 14:28:58
UserName           : 

Index              : 495791
EntryType          : Error
InstanceId         : 3221487623
Message            : デバイス \Device\Harddisk0\DR0 に不良ブロックがあります。
Category           : (0)
CategoryNumber     : 0
ReplacementStrings : {\Device\Harddisk0\DR0}
Source             : Disk
TimeGenerated      : 2020/09/05 14:28:57
TimeWritten        : 2020/09/05 14:28:57
UserName           : 

Index              : 495790
EntryType          : Error
InstanceId         : 3221487623
Message            : デバイス \Device\Harddisk0\DR0 に不良ブロックがあります。
Category           : (0)
CategoryNumber     : 0
ReplacementStrings : {\Device\Harddisk0\DR0}
Source             : Disk
TimeGenerated      : 2020/09/05 14:28:57
TimeWritten        : 2020/09/05 14:28:57
UserName           : 

Index              : 495789
EntryType          : Error
InstanceId         : 3221487623
Message            : デバイス \Device\Harddisk0\DR0 に不良ブロックがあります。
Category           : (0)
CategoryNumber     : 0
ReplacementStrings : {\Device\Harddisk0\DR0}
Source             : Disk
TimeGenerated      : 2020/09/05 14:28:57
TimeWritten        : 2020/09/05 14:28:57
UserName           : 

Index              : 495788
EntryType          : Error
InstanceId         : 3221487623
Message            : デバイス \Device\Harddisk0\DR0 に不良ブロックがあります。
Category           : (0)
CategoryNumber     : 0
ReplacementStrings : {\Device\Harddisk0\DR0}
Source             : Disk
TimeGenerated      : 2020/09/05 14:28:57
TimeWritten        : 2020/09/05 14:28:57
UserName           : 

Index              : 495787
EntryType          : Error
InstanceId         : 3221487623
Message            : デバイス \Device\Harddisk0\DR0 に不良ブロックがあります。
Category           : (0)
CategoryNumber     : 0
ReplacementStrings : {\Device\Harddisk0\DR0}
Source             : Disk
TimeGenerated      : 2020/09/05 14:28:57
TimeWritten        : 2020/09/05 14:28:57
UserName           : 

Index              : 495786
EntryType          : Error
InstanceId         : 3221487623
Message            : デバイス \Device\Harddisk0\DR0 に不良ブロックがあります。
Category           : (0)
CategoryNumber     : 0
ReplacementStrings : {\Device\Harddisk0\DR0}
Source             : Disk
TimeGenerated      : 2020/09/05 14:28:57
TimeWritten        : 2020/09/05 14:28:57
UserName           : 

Index              : 495785
EntryType          : Error
InstanceId         : 3221487623
Message            : デバイス \Device\Harddisk0\DR0 に不良ブロックがあります。
Category           : (0)
CategoryNumber     : 0
ReplacementStrings : {\Device\Harddisk0\DR0}
Source             : Disk
TimeGenerated      : 2020/09/05 14:28:57
TimeWritten        : 2020/09/05 14:28:57
UserName           : 

Index              : 495784
EntryType          : Error
InstanceId         : 3221487623
Message            : デバイス \Device\Harddisk0\DR0 に不良ブロックがあります。
Category           : (0)
CategoryNumber     : 0
ReplacementStrings : {\Device\Harddisk0\DR0}
Source             : Disk
TimeGenerated      : 2020/09/05 14:28:57
TimeWritten        : 2020/09/05 14:28:57
UserName           : 

Index              : 495783
EntryType          : Error
InstanceId         : 3221487623
Message            : デバイス \Device\Harddisk0\DR0 に不良ブロックがあります。
Category           : (0)
CategoryNumber     : 0
ReplacementStrings : {\Device\Harddisk0\DR0}
Source             : Disk
TimeGenerated      : 2020/09/05 14:28:57
TimeWritten        : 2020/09/05 14:28:57
UserName           : 

Index              : 495782
EntryType          : Error
InstanceId         : 3221487623
Message            : デバイス \Device\Harddisk0\DR0 に不良ブロックがあります。
Category           : (0)
CategoryNumber     : 0
ReplacementStrings : {\Device\Harddisk0\DR0}
Source             : Disk
TimeGenerated      : 2020/09/05 14:28:57
TimeWritten        : 2020/09/05 14:28:57
UserName           : 

Index              : 495781
EntryType          : Error
InstanceId         : 3221487623
Message            : デバイス \Device\Harddisk0\DR0 に不良ブロックがあります。
Category           : (0)
CategoryNumber     : 0
ReplacementStrings : {\Device\Harddisk0\DR0}
Source             : Disk
TimeGenerated      : 2020/09/05 14:28:57
TimeWritten        : 2020/09/05 14:28:57
UserName           : 

Index              : 495780
EntryType          : Error
InstanceId         : 3221487623
Message            : デバイス \Device\Harddisk0\DR0 に不良ブロックがあります。
Category           : (0)
CategoryNumber     : 0
ReplacementStrings : {\Device\Harddisk0\DR0}
Source             : Disk
TimeGenerated      : 2020/09/05 14:28:57
TimeWritten        : 2020/09/05 14:28:57
UserName           : 

Index              : 495779
EntryType          : Error
InstanceId         : 10016
Message            : The description for Event ID '10016' in Source 'DCOM' cannot be found.  The local computer may not
                      have the necessary registry information or message DLL files to display the message, or you may n
                     ot have permission to access them.  The following information is part of the event:'アプリケーション固有', '
                     ローカル', 'アクティブ化', '{D63B10C5-BB46-4990-A94F-E40B9D520160}', '{9CA88EE3-ACB7-47C8-AFC4-AB702511C276}
                     ', 'WIN-JKSSMTI1TM6', 'Administrator', 'S-1-5-21-4127652004-385634555-3113667412-500', 'LocalHost 
                     (LRPC 使用)', '利用不可', '利用不可'
Category           : (0)
CategoryNumber     : 0
ReplacementStrings : {アプリケーション固有, ローカル, アクティブ化, {D63B10C5-BB46-4990-A94F-E40B9D520160}...}
Source             : DCOM
TimeGenerated      : 2020/09/05 14:28:52
TimeWritten        : 2020/09/05 14:28:52
UserName           : WIN-JKSSMTI1TM6\Administrator

Index              : 495778
EntryType          : Error
InstanceId         : 10016
Message            : The description for Event ID '10016' in Source 'DCOM' cannot be found.  The local computer may not
                      have the necessary registry information or message DLL files to display the message, or you may n
                     ot have permission to access them.  The following information is part of the event:'アプリケーション固有', '
                     ローカル', 'アクティブ化', '{D63B10C5-BB46-4990-A94F-E40B9D520160}', '{9CA88EE3-ACB7-47C8-AFC4-AB702511C276}
                     ', 'WIN-JKSSMTI1TM6', 'Administrator', 'S-1-5-21-4127652004-385634555-3113667412-500', 'LocalHost 
                     (LRPC 使用)', '利用不可', '利用不可'
Category           : (0)
CategoryNumber     : 0
ReplacementStrings : {アプリケーション固有, ローカル, アクティブ化, {D63B10C5-BB46-4990-A94F-E40B9D520160}...}
Source             : DCOM
TimeGenerated      : 2020/09/05 14:28:50
TimeWritten        : 2020/09/05 14:28:50
UserName           : WIN-JKSSMTI1TM6\Administrator

Index              : 495777
EntryType          : Error
InstanceId         : 10016
Message            : The description for Event ID '10016' in Source 'DCOM' cannot be found.  The local computer may not
                      have the necessary registry information or message DLL files to display the message, or you may n
                     ot have permission to access them.  The following information is part of the event:'アプリケーション固有', '
                     ローカル', 'アクティブ化', '{D63B10C5-BB46-4990-A94F-E40B9D520160}', '{9CA88EE3-ACB7-47C8-AFC4-AB702511C276}
                     ', 'WIN-JKSSMTI1TM6', 'Administrator', 'S-1-5-21-4127652004-385634555-3113667412-500', 'LocalHost 
                     (LRPC 使用)', '利用不可', '利用不可'
Category           : (0)
CategoryNumber     : 0
ReplacementStrings : {アプリケーション固有, ローカル, アクティブ化, {D63B10C5-BB46-4990-A94F-E40B9D520160}...}
Source             : DCOM
TimeGenerated      : 2020/09/05 14:28:50
TimeWritten        : 2020/09/05 14:28:50
UserName           : WIN-JKSSMTI1TM6\Administrator

Index              : 495776
EntryType          : Error
InstanceId         : 10016
Message            : The description for Event ID '10016' in Source 'DCOM' cannot be found.  The local computer may not
                      have the necessary registry information or message DLL files to display the message, or you may n
                     ot have permission to access them.  The following information is part of the event:'アプリケーション固有', '
                     ローカル', 'アクティブ化', '{D63B10C5-BB46-4990-A94F-E40B9D520160}', '{9CA88EE3-ACB7-47C8-AFC4-AB702511C276}
                     ', 'WIN-JKSSMTI1TM6', 'Administrator', 'S-1-5-21-4127652004-385634555-3113667412-500', 'LocalHost 
                     (LRPC 使用)', '利用不可', '利用不可'
Category           : (0)
CategoryNumber     : 0
ReplacementStrings : {アプリケーション固有, ローカル, アクティブ化, {D63B10C5-BB46-4990-A94F-E40B9D520160}...}
Source             : DCOM
TimeGenerated      : 2020/09/05 14:28:49
TimeWritten        : 2020/09/05 14:28:49
UserName           : WIN-JKSSMTI1TM6\Administrator

Index              : 495775
EntryType          : Error
InstanceId         : 10016
Message            : The description for Event ID '10016' in Source 'DCOM' cannot be found.  The local computer may not
                      have the necessary registry information or message DLL files to display the message, or you may n
                     ot have permission to access them.  The following information is part of the event:'アプリケーション固有', '
                     ローカル', 'アクティブ化', '{D63B10C5-BB46-4990-A94F-E40B9D520160}', '{9CA88EE3-ACB7-47C8-AFC4-AB702511C276}
                     ', 'WIN-JKSSMTI1TM6', 'Administrator', 'S-1-5-21-4127652004-385634555-3113667412-500', 'LocalHost 
                     (LRPC 使用)', '利用不可', '利用不可'
Category           : (0)
CategoryNumber     : 0
ReplacementStrings : {アプリケーション固有, ローカル, アクティブ化, {D63B10C5-BB46-4990-A94F-E40B9D520160}...}
Source             : DCOM
TimeGenerated      : 2020/09/05 14:28:49
TimeWritten        : 2020/09/05 14:28:49
UserName           : WIN-JKSSMTI1TM6\Administrator

Index              : 495774
EntryType          : Error
InstanceId         : 10016
Message            : The description for Event ID '10016' in Source 'DCOM' cannot be found.  The local computer may not
                      have the necessary registry information or message DLL files to display the message, or you may n
                     ot have permission to access them.  The following information is part of the event:'アプリケーション固有', '
                     ローカル', 'アクティブ化', '{D63B10C5-BB46-4990-A94F-E40B9D520160}', '{9CA88EE3-ACB7-47C8-AFC4-AB702511C276}
                     ', 'WIN-JKSSMTI1TM6', 'Administrator', 'S-1-5-21-4127652004-385634555-3113667412-500', 'LocalHost 
                     (LRPC 使用)', '利用不可', '利用不可'
Category           : (0)
CategoryNumber     : 0
ReplacementStrings : {アプリケーション固有, ローカル, アクティブ化, {D63B10C5-BB46-4990-A94F-E40B9D520160}...}
Source             : DCOM
TimeGenerated      : 2020/09/05 14:28:46
TimeWritten        : 2020/09/05 14:28:46
UserName           : WIN-JKSSMTI1TM6\Administrator

Index              : 495773
EntryType          : Error
InstanceId         : 10016
Message            : The description for Event ID '10016' in Source 'DCOM' cannot be found.  The local computer may not
                      have the necessary registry information or message DLL files to display the message, or you may n
                     ot have permission to access them.  The following information is part of the event:'アプリケーション固有', '
                     ローカル', 'アクティブ化', '{D63B10C5-BB46-4990-A94F-E40B9D520160}', '{9CA88EE3-ACB7-47C8-AFC4-AB702511C276}
                     ', 'WIN-JKSSMTI1TM6', 'Administrator', 'S-1-5-21-4127652004-385634555-3113667412-500', 'LocalHost 
                     (LRPC 使用)', '利用不可', '利用不可'
Category           : (0)
CategoryNumber     : 0
ReplacementStrings : {アプリケーション固有, ローカル, アクティブ化, {D63B10C5-BB46-4990-A94F-E40B9D520160}...}
Source             : DCOM
TimeGenerated      : 2020/09/05 14:28:46
TimeWritten        : 2020/09/05 14:28:46
UserName           : WIN-JKSSMTI1TM6\Administrator

Index              : 495772
EntryType          : Error
InstanceId         : 10016
Message            : The description for Event ID '10016' in Source 'DCOM' cannot be found.  The local computer may not
                      have the necessary registry information or message DLL files to display the message, or you may n
                     ot have permission to access them.  The following information is part of the event:'アプリケーション固有', '
                     ローカル', 'アクティブ化', '{D63B10C5-BB46-4990-A94F-E40B9D520160}', '{9CA88EE3-ACB7-47C8-AFC4-AB702511C276}
                     ', 'WIN-JKSSMTI1TM6', 'Administrator', 'S-1-5-21-4127652004-385634555-3113667412-500', 'LocalHost 
                     (LRPC 使用)', '利用不可', '利用不可'
Category           : (0)
CategoryNumber     : 0
ReplacementStrings : {アプリケーション固有, ローカル, アクティブ化, {D63B10C5-BB46-4990-A94F-E40B9D520160}...}
Source             : DCOM
TimeGenerated      : 2020/09/05 14:28:45
TimeWritten        : 2020/09/05 14:28:45
UserName           : WIN-JKSSMTI1TM6\Administrator

Index              : 495564
EntryType          : Error
InstanceId         : 3221232506
Message            : Consul サービスは予期せぬ原因により終了しました。このサービスの強制終了は 1 回目です。
Category           : (0)
CategoryNumber     : 0
ReplacementStrings : {Consul, 1}
Source             : Service Control Manager
TimeGenerated      : 2020/09/05 9:30:51
TimeWritten        : 2020/09/05 9:30:51
UserName           : 

Index              : 495529
EntryType          : Error
InstanceId         : 3221232472
Message            : SQLWriter サービスを、次のエラーが原因で開始できませんでした: 
                     %%1053
Category           : (0)
CategoryNumber     : 0
ReplacementStrings : {SQLWriter, %%1053}
Source             : Service Control Manager
TimeGenerated      : 2020/09/05 9:30:35
TimeWritten        : 2020/09/05 9:30:35
UserName           : 

Index              : 495528
EntryType          : Error
InstanceId         : 3221232481
Message            : SQLWriter サービスの接続を待機中にタイムアウト (30000 ミリ秒) になりました。
Category           : (0)
CategoryNumber     : 0
ReplacementStrings : {30000, SQLWriter}
Source             : Service Control Manager
TimeGenerated      : 2020/09/05 9:30:35
TimeWritten        : 2020/09/05 9:30:35
UserName           : 

Index              : 495452
EntryType          : Error
InstanceId         : 1073742825
Message            : The description for Event ID '1073742825' in Source 'BugCheck' cannot be found.  The local compute
                     r may not have the necessary registry information or message DLL files to display the message, or 
                     you may not have permission to access them.  The following information is part of the event:'0xc00
                     0021a (0xffff9b847e2d29d0, 0xffffffffc0000006, 0x00007ffeca3710ca, 0x0000008d5743b600)', 'C:\Windo
                     ws\MEMORY.DMP', '9a598443-56a5-4ff6-9944-7e16cca0dbe1'
Category           : (0)
CategoryNumber     : 0
ReplacementStrings : {0xc000021a (0xffff9b847e2d29d0, 0xffffffffc0000006, 0x00007ffeca3710ca, 0x0000008d5743b600), C:\W
                     indows\MEMORY.DMP, 9a598443-56a5-4ff6-9944-7e16cca0dbe1}
Source             : BugCheck
TimeGenerated      : 2020/09/05 9:30:34
TimeWritten        : 2020/09/05 9:30:34
UserName           : 

Index              : 495448
EntryType          : Error
InstanceId         : 2147489656
Message            : 以前のシステム シャットダウン ( ‎2020/‎09/‎05 9:27:51) は予期されていませんでした。
Category           : (0)
CategoryNumber     : 0
ReplacementStrings : {9:27:51, ‎2020/‎09/‎05, , ...}
Source             : EventLog
TimeGenerated      : 2020/09/05 9:30:33
TimeWritten        : 2020/09/05 9:30:33
UserName           : 

Index              : 495446
EntryType          : Error
InstanceId         : 3221487631
Message            : デバイス \Device\Harddisk0\DR0 はまだアクセスできる状態ではありません。
Category           : (0)
CategoryNumber     : 0
ReplacementStrings : {\Device\Harddisk0\DR0}
Source             : Disk
TimeGenerated      : 2020/09/05 9:28:18
TimeWritten        : 2020/09/05 9:28:18
UserName           : 

Index              : 495445
EntryType          : Error
InstanceId         : 3221487631
Message            : デバイス \Device\Harddisk0\DR0 はまだアクセスできる状態ではありません。
Category           : (0)
CategoryNumber     : 0
ReplacementStrings : {\Device\Harddisk0\DR0}
Source             : Disk
TimeGenerated      : 2020/09/05 9:28:18
TimeWritten        : 2020/09/05 9:28:18
UserName           : 

Index              : 495444
EntryType          : Error
InstanceId         : 3221487623
Message            : デバイス \Device\Harddisk0\DR0 に不良ブロックがあります。
Category           : (0)
CategoryNumber     : 0
ReplacementStrings : {\Device\Harddisk0\DR0}
Source             : Disk
TimeGenerated      : 2020/09/05 9:28:18
TimeWritten        : 2020/09/05 9:28:18
UserName           : 

Index              : 495441
EntryType          : Error
InstanceId         : 3221487631
Message            : デバイス \Device\Harddisk0\DR0 はまだアクセスできる状態ではありません。
Category           : (0)
CategoryNumber     : 0
ReplacementStrings : {\Device\Harddisk0\DR0}
Source             : Disk
TimeGenerated      : 2020/09/05 9:28:18
TimeWritten        : 2020/09/05 9:28:18
UserName           : 

Index              : 495440
EntryType          : Error
InstanceId         : 3221487631
Message            : デバイス \Device\Harddisk0\DR0 はまだアクセスできる状態ではありません。
Category           : (0)
CategoryNumber     : 0
ReplacementStrings : {\Device\Harddisk0\DR0}
Source             : Disk
TimeGenerated      : 2020/09/05 9:28:18
TimeWritten        : 2020/09/05 9:28:18
UserName           : 

Index              : 495439
EntryType          : Error
InstanceId         : 3221487631
Message            : デバイス \Device\Harddisk0\DR0 はまだアクセスできる状態ではありません。
Category           : (0)
CategoryNumber     : 0
ReplacementStrings : {\Device\Harddisk0\DR0}
Source             : Disk
TimeGenerated      : 2020/09/05 9:28:18
TimeWritten        : 2020/09/05 9:28:18
UserName           : 

Index              : 495438
EntryType          : Error
InstanceId         : 3221487631
Message            : デバイス \Device\Harddisk0\DR0 はまだアクセスできる状態ではありません。
Category           : (0)
CategoryNumber     : 0
ReplacementStrings : {\Device\Harddisk0\DR0}
Source             : Disk
TimeGenerated      : 2020/09/05 9:28:18
TimeWritten        : 2020/09/05 9:28:18
UserName           : 

Index              : 495437
EntryType          : Error
InstanceId         : 3221487623
Message            : デバイス \Device\Harddisk0\DR0 に不良ブロックがあります。
Category           : (0)
CategoryNumber     : 0
ReplacementStrings : {\Device\Harddisk0\DR0}
Source             : Disk
TimeGenerated      : 2020/09/05 9:28:18
TimeWritten        : 2020/09/05 9:28:18
UserName           : 

Index              : 495436
EntryType          : Error
InstanceId         : 3221487631
Message            : デバイス \Device\Harddisk0\DR0 はまだアクセスできる状態ではありません。
Category           : (0)
CategoryNumber     : 0
ReplacementStrings : {\Device\Harddisk0\DR0}
Source             : Disk
TimeGenerated      : 2020/09/05 9:28:18
TimeWritten        : 2020/09/05 9:28:18
UserName           : 

Index              : 495435
EntryType          : Error
InstanceId         : 3221487623
Message            : デバイス \Device\Harddisk0\DR0 に不良ブロックがあります。
Category           : (0)
CategoryNumber     : 0
ReplacementStrings : {\Device\Harddisk0\DR0}
Source             : Disk
TimeGenerated      : 2020/09/05 9:28:18
TimeWritten        : 2020/09/05 9:28:18
UserName           : 

Index              : 495434
EntryType          : Error
InstanceId         : 3221487631
Message            : デバイス \Device\Harddisk0\DR0 はまだアクセスできる状態ではありません。
Category           : (0)
CategoryNumber     : 0
ReplacementStrings : {\Device\Harddisk0\DR0}
Source             : Disk
TimeGenerated      : 2020/09/05 9:28:18
TimeWritten        : 2020/09/05 9:28:18
UserName           : 

Index              : 495433
EntryType          : Error
InstanceId         : 3221487631
Message            : デバイス \Device\Harddisk0\DR0 はまだアクセスできる状態ではありません。
Category           : (0)
CategoryNumber     : 0
ReplacementStrings : {\Device\Harddisk0\DR0}
Source             : Disk
TimeGenerated      : 2020/09/05 9:28:18
TimeWritten        : 2020/09/05 9:28:18
UserName           : 

Index              : 495432
EntryType          : Error
InstanceId         : 3221487631
Message            : デバイス \Device\Harddisk0\DR0 はまだアクセスできる状態ではありません。
Category           : (0)
CategoryNumber     : 0
ReplacementStrings : {\Device\Harddisk0\DR0}
Source             : Disk
TimeGenerated      : 2020/09/05 9:28:18
TimeWritten        : 2020/09/05 9:28:18
UserName           : 

Index              : 495431
EntryType          : Error
InstanceId         : 3221487631
Message            : デバイス \Device\Harddisk0\DR0 はまだアクセスできる状態ではありません。
Category           : (0)
CategoryNumber     : 0
ReplacementStrings : {\Device\Harddisk0\DR0}
Source             : Disk
TimeGenerated      : 2020/09/05 9:28:18
TimeWritten        : 2020/09/05 9:28:18
UserName           : 

Index              : 495430
EntryType          : Error
InstanceId         : 3221487631
Message            : デバイス \Device\Harddisk0\DR0 はまだアクセスできる状態ではありません。
Category           : (0)
CategoryNumber     : 0
ReplacementStrings : {\Device\Harddisk0\DR0}
Source             : Disk
TimeGenerated      : 2020/09/05 9:28:18
TimeWritten        : 2020/09/05 9:28:18
UserName           : 

Index              : 495429
EntryType          : Error
InstanceId         : 3221487631
Message            : デバイス \Device\Harddisk0\DR0 はまだアクセスできる状態ではありません。
Category           : (0)
CategoryNumber     : 0
ReplacementStrings : {\Device\Harddisk0\DR0}
Source             : Disk
TimeGenerated      : 2020/09/05 9:28:18
TimeWritten        : 2020/09/05 9:28:18
UserName           : 

Index              : 495427
EntryType          : Error
InstanceId         : 3221487631
Message            : デバイス \Device\Harddisk0\DR0 はまだアクセスできる状態ではありません。
Category           : (0)
CategoryNumber     : 0
ReplacementStrings : {\Device\Harddisk0\DR0}
Source             : Disk
TimeGenerated      : 2020/09/05 9:28:18
TimeWritten        : 2020/09/05 9:28:18
UserName           : 

Index              : 495426
EntryType          : Error
InstanceId         : 3221487623
Message            : デバイス \Device\Harddisk0\DR0 に不良ブロックがあります。
Category           : (0)
CategoryNumber     : 0
ReplacementStrings : {\Device\Harddisk0\DR0}
Source             : Disk
TimeGenerated      : 2020/09/05 9:28:18
TimeWritten        : 2020/09/05 9:28:18
UserName           : 

Index              : 495425
EntryType          : Error
InstanceId         : 3221487623
Message            : デバイス \Device\Harddisk0\DR0 に不良ブロックがあります。
Category           : (0)
CategoryNumber     : 0
ReplacementStrings : {\Device\Harddisk0\DR0}
Source             : Disk
TimeGenerated      : 2020/09/05 9:28:18
TimeWritten        : 2020/09/05 9:28:18
UserName           : 

Index              : 495424
EntryType          : Error
InstanceId         : 10016
Message            : The description for Event ID '10016' in Source 'DCOM' cannot be found.  The local computer may not
                      have the necessary registry information or message DLL files to display the message, or you may n
                     ot have permission to access them.  The following information is part of the event:'アプリケーション固有', '
                     ローカル', 'アクティブ化', '{D63B10C5-BB46-4990-A94F-E40B9D520160}', '{9CA88EE3-ACB7-47C8-AFC4-AB702511C276}
                     ', 'WIN-JKSSMTI1TM6', 'Administrator', 'S-1-5-21-4127652004-385634555-3113667412-500', 'LocalHost 
                     (LRPC 使用)', '利用不可', '利用不可'
Category           : (0)
CategoryNumber     : 0
ReplacementStrings : {アプリケーション固有, ローカル, アクティブ化, {D63B10C5-BB46-4990-A94F-E40B9D520160}...}
Source             : DCOM
TimeGenerated      : 2020/09/05 9:28:15
TimeWritten        : 2020/09/05 9:28:15
UserName           : WIN-JKSSMTI1TM6\Administrator

Index              : 495423
EntryType          : Error
InstanceId         : 10016
Message            : The description for Event ID '10016' in Source 'DCOM' cannot be found.  The local computer may not
                      have the necessary registry information or message DLL files to display the message, or you may n
                     ot have permission to access them.  The following information is part of the event:'アプリケーション固有', '
                     ローカル', 'アクティブ化', '{D63B10C5-BB46-4990-A94F-E40B9D520160}', '{9CA88EE3-ACB7-47C8-AFC4-AB702511C276}
                     ', 'WIN-JKSSMTI1TM6', 'Administrator', 'S-1-5-21-4127652004-385634555-3113667412-500', 'LocalHost 
                     (LRPC 使用)', '利用不可', '利用不可'
Category           : (0)
CategoryNumber     : 0
ReplacementStrings : {アプリケーション固有, ローカル, アクティブ化, {D63B10C5-BB46-4990-A94F-E40B9D520160}...}
Source             : DCOM
TimeGenerated      : 2020/09/05 9:28:15
TimeWritten        : 2020/09/05 9:28:15
UserName           : WIN-JKSSMTI1TM6\Administrator

Index              : 495422
EntryType          : Error
InstanceId         : 10016
Message            : The description for Event ID '10016' in Source 'DCOM' cannot be found.  The local computer may not
                      have the necessary registry information or message DLL files to display the message, or you may n
                     ot have permission to access them.  The following information is part of the event:'アプリケーション固有', '
                     ローカル', 'アクティブ化', '{D63B10C5-BB46-4990-A94F-E40B9D520160}', '{9CA88EE3-ACB7-47C8-AFC4-AB702511C276}
                     ', 'WIN-JKSSMTI1TM6', 'Administrator', 'S-1-5-21-4127652004-385634555-3113667412-500', 'LocalHost 
                     (LRPC 使用)', '利用不可', '利用不可'
Category           : (0)
CategoryNumber     : 0
ReplacementStrings : {アプリケーション固有, ローカル, アクティブ化, {D63B10C5-BB46-4990-A94F-E40B9D520160}...}
Source             : DCOM
TimeGenerated      : 2020/09/05 9:28:14
TimeWritten        : 2020/09/05 9:28:14
UserName           : WIN-JKSSMTI1TM6\Administrator

Index              : 495421
EntryType          : Error
InstanceId         : 10016
Message            : The description for Event ID '10016' in Source 'DCOM' cannot be found.  The local computer may not
                      have the necessary registry information or message DLL files to display the message, or you may n
                     ot have permission to access them.  The following information is part of the event:'アプリケーション固有', '
                     ローカル', 'アクティブ化', '{D63B10C5-BB46-4990-A94F-E40B9D520160}', '{9CA88EE3-ACB7-47C8-AFC4-AB702511C276}
                     ', 'WIN-JKSSMTI1TM6', 'Administrator', 'S-1-5-21-4127652004-385634555-3113667412-500', 'LocalHost 
                     (LRPC 使用)', '利用不可', '利用不可'
Category           : (0)
CategoryNumber     : 0
ReplacementStrings : {アプリケーション固有, ローカル, アクティブ化, {D63B10C5-BB46-4990-A94F-E40B9D520160}...}
Source             : DCOM
TimeGenerated      : 2020/09/05 9:28:14
TimeWritten        : 2020/09/05 9:28:14
UserName           : WIN-JKSSMTI1TM6\Administrator

Index              : 495420
EntryType          : Error
InstanceId         : 10016
Message            : The description for Event ID '10016' in Source 'DCOM' cannot be found.  The local computer may not
                      have the necessary registry information or message DLL files to display the message, or you may n
                     ot have permission to access them.  The following information is part of the event:'アプリケーション固有', '
                     ローカル', 'アクティブ化', '{D63B10C5-BB46-4990-A94F-E40B9D520160}', '{9CA88EE3-ACB7-47C8-AFC4-AB702511C276}
                     ', 'WIN-JKSSMTI1TM6', 'Administrator', 'S-1-5-21-4127652004-385634555-3113667412-500', 'LocalHost 
                     (LRPC 使用)', '利用不可', '利用不可'
Category           : (0)
CategoryNumber     : 0
ReplacementStrings : {アプリケーション固有, ローカル, アクティブ化, {D63B10C5-BB46-4990-A94F-E40B9D520160}...}
Source             : DCOM
TimeGenerated      : 2020/09/05 9:28:13
TimeWritten        : 2020/09/05 9:28:13
UserName           : WIN-JKSSMTI1TM6\Administrator

Index              : 495419
EntryType          : Error
InstanceId         : 10016
Message            : The description for Event ID '10016' in Source 'DCOM' cannot be found.  The local computer may not
                      have the necessary registry information or message DLL files to display the message, or you may n
                     ot have permission to access them.  The following information is part of the event:'アプリケーション固有', '
                     ローカル', 'アクティブ化', '{D63B10C5-BB46-4990-A94F-E40B9D520160}', '{9CA88EE3-ACB7-47C8-AFC4-AB702511C276}
                     ', 'WIN-JKSSMTI1TM6', 'Administrator', 'S-1-5-21-4127652004-385634555-3113667412-500', 'LocalHost 
                     (LRPC 使用)', '利用不可', '利用不可'
Category           : (0)
CategoryNumber     : 0
ReplacementStrings : {アプリケーション固有, ローカル, アクティブ化, {D63B10C5-BB46-4990-A94F-E40B9D520160}...}
Source             : DCOM
TimeGenerated      : 2020/09/05 9:28:11
TimeWritten        : 2020/09/05 9:28:11
UserName           : WIN-JKSSMTI1TM6\Administrator

Index              : 495418
EntryType          : Error
InstanceId         : 10016
Message            : The description for Event ID '10016' in Source 'DCOM' cannot be found.  The local computer may not
                      have the necessary registry information or message DLL files to display the message, or you may n
                     ot have permission to access them.  The following information is part of the event:'アプリケーション固有', '
                     ローカル', 'アクティブ化', '{D63B10C5-BB46-4990-A94F-E40B9D520160}', '{9CA88EE3-ACB7-47C8-AFC4-AB702511C276}
                     ', 'WIN-JKSSMTI1TM6', 'Administrator', 'S-1-5-21-4127652004-385634555-3113667412-500', 'LocalHost 
                     (LRPC 使用)', '利用不可', '利用不可'
Category           : (0)
CategoryNumber     : 0
ReplacementStrings : {アプリケーション固有, ローカル, アクティブ化, {D63B10C5-BB46-4990-A94F-E40B9D520160}...}
Source             : DCOM
TimeGenerated      : 2020/09/05 9:28:10
TimeWritten        : 2020/09/05 9:28:10
UserName           : WIN-JKSSMTI1TM6\Administrator

Index              : 495417
EntryType          : Error
InstanceId         : 10016
Message            : The description for Event ID '10016' in Source 'DCOM' cannot be found.  The local computer may not
                      have the necessary registry information or message DLL files to display the message, or you may n
                     ot have permission to access them.  The following information is part of the event:'アプリケーション固有', '
                     ローカル', 'アクティブ化', '{D63B10C5-BB46-4990-A94F-E40B9D520160}', '{9CA88EE3-ACB7-47C8-AFC4-AB702511C276}
                     ', 'WIN-JKSSMTI1TM6', 'Administrator', 'S-1-5-21-4127652004-385634555-3113667412-500', 'LocalHost 
                     (LRPC 使用)', '利用不可', '利用不可'
Category           : (0)
CategoryNumber     : 0
ReplacementStrings : {アプリケーション固有, ローカル, アクティブ化, {D63B10C5-BB46-4990-A94F-E40B9D520160}...}
Source             : DCOM
TimeGenerated      : 2020/09/05 9:28:09
TimeWritten        : 2020/09/05 9:28:09
UserName           : WIN-JKSSMTI1TM6\Administrator

Index              : 494800
EntryType          : Error
InstanceId         : 10016
Message            : The description for Event ID '10016' in Source 'DCOM' cannot be found.  The local computer may not
                      have the necessary registry information or message DLL files to display the message, or you may n
                     ot have permission to access them.  The following information is part of the event:'アプリケーション固有', '
                     ローカル', 'アクティブ化', '{D63B10C5-BB46-4990-A94F-E40B9D520160}', '{9CA88EE3-ACB7-47C8-AFC4-AB702511C276}
                     ', 'WIN-JKSSMTI1TM6', 'Administrator', 'S-1-5-21-4127652004-385634555-3113667412-500', 'LocalHost 
                     (LRPC 使用)', '利用不可', '利用不可'
Category           : (0)
CategoryNumber     : 0
ReplacementStrings : {アプリケーション固有, ローカル, アクティブ化, {D63B10C5-BB46-4990-A94F-E40B9D520160}...}
Source             : DCOM
TimeGenerated      : 2020/09/04 15:32:23
TimeWritten        : 2020/09/04 15:32:23
UserName           : WIN-JKSSMTI1TM6\Administrator

Index              : 494799
EntryType          : Error
InstanceId         : 10016
Message            : The description for Event ID '10016' in Source 'DCOM' cannot be found.  The local computer may not
                      have the necessary registry information or message DLL files to display the message, or you may n
                     ot have permission to access them.  The following information is part of the event:'アプリケーション固有', '
                     ローカル', 'アクティブ化', '{D63B10C5-BB46-4990-A94F-E40B9D520160}', '{9CA88EE3-ACB7-47C8-AFC4-AB702511C276}
                     ', 'WIN-JKSSMTI1TM6', 'Administrator', 'S-1-5-21-4127652004-385634555-3113667412-500', 'LocalHost 
                     (LRPC 使用)', '利用不可', '利用不可'
Category           : (0)
CategoryNumber     : 0
ReplacementStrings : {アプリケーション固有, ローカル, アクティブ化, {D63B10C5-BB46-4990-A94F-E40B9D520160}...}
Source             : DCOM
TimeGenerated      : 2020/09/04 15:32:22
TimeWritten        : 2020/09/04 15:32:22
UserName           : WIN-JKSSMTI1TM6\Administrator

Index              : 494798
EntryType          : Error
InstanceId         : 3221487623
Message            : デバイス \Device\Harddisk0\DR0 に不良ブロックがあります。
Category           : (0)
CategoryNumber     : 0
ReplacementStrings : {\Device\Harddisk0\DR0}
Source             : Disk
TimeGenerated      : 2020/09/04 15:32:21
TimeWritten        : 2020/09/04 15:32:21
UserName           : 

Index              : 494797
EntryType          : Error
InstanceId         : 3221487623
Message            : デバイス \Device\Harddisk0\DR0 に不良ブロックがあります。
Category           : (0)
CategoryNumber     : 0
ReplacementStrings : {\Device\Harddisk0\DR0}
Source             : Disk
TimeGenerated      : 2020/09/04 15:32:21
TimeWritten        : 2020/09/04 15:32:21
UserName           : 

Index              : 494796
EntryType          : Error
InstanceId         : 3221487623
Message            : デバイス \Device\Harddisk0\DR0 に不良ブロックがあります。
Category           : (0)
CategoryNumber     : 0
ReplacementStrings : {\Device\Harddisk0\DR0}
Source             : Disk
TimeGenerated      : 2020/09/04 15:32:21
TimeWritten        : 2020/09/04 15:32:21
UserName           : 

Index              : 494795
EntryType          : Error
InstanceId         : 3221487623
Message            : デバイス \Device\Harddisk0\DR0 に不良ブロックがあります。
Category           : (0)
CategoryNumber     : 0
ReplacementStrings : {\Device\Harddisk0\DR0}
Source             : Disk
TimeGenerated      : 2020/09/04 15:32:20
TimeWritten        : 2020/09/04 15:32:20
UserName           : 

Index              : 494794
EntryType          : Error
InstanceId         : 3221487623
Message            : デバイス \Device\Harddisk0\DR0 に不良ブロックがあります。
Category           : (0)
CategoryNumber     : 0
ReplacementStrings : {\Device\Harddisk0\DR0}
Source             : Disk
TimeGenerated      : 2020/09/04 15:32:20
TimeWritten        : 2020/09/04 15:32:20
UserName           : 

Index              : 494793
EntryType          : Error
InstanceId         : 3221487623
Message            : デバイス \Device\Harddisk0\DR0 に不良ブロックがあります。
Category           : (0)
CategoryNumber     : 0
ReplacementStrings : {\Device\Harddisk0\DR0}
Source             : Disk
TimeGenerated      : 2020/09/04 15:32:20
TimeWritten        : 2020/09/04 15:32:20
UserName           : 

Index              : 494792
EntryType          : Error
InstanceId         : 3221487623
Message            : デバイス \Device\Harddisk0\DR0 に不良ブロックがあります。
Category           : (0)
CategoryNumber     : 0
ReplacementStrings : {\Device\Harddisk0\DR0}
Source             : Disk
TimeGenerated      : 2020/09/04 15:32:20
TimeWritten        : 2020/09/04 15:32:20
UserName           : 

Index              : 494791
EntryType          : Error
InstanceId         : 3221487623
Message            : デバイス \Device\Harddisk0\DR0 に不良ブロックがあります。
Category           : (0)
CategoryNumber     : 0
ReplacementStrings : {\Device\Harddisk0\DR0}
Source             : Disk
TimeGenerated      : 2020/09/04 15:32:20
TimeWritten        : 2020/09/04 15:32:20
UserName           : 

Index              : 494790
EntryType          : Error
InstanceId         : 3221487623
Message            : デバイス \Device\Harddisk0\DR0 に不良ブロックがあります。
Category           : (0)
CategoryNumber     : 0
ReplacementStrings : {\Device\Harddisk0\DR0}
Source             : Disk
TimeGenerated      : 2020/09/04 15:32:20
TimeWritten        : 2020/09/04 15:32:20
UserName           : 

Index              : 494789
EntryType          : Error
InstanceId         : 10016
Message            : The description for Event ID '10016' in Source 'DCOM' cannot be found.  The local computer may not
                      have the necessary registry information or message DLL files to display the message, or you may n
                     ot have permission to access them.  The following information is part of the event:'アプリケーション固有', '
                     ローカル', 'アクティブ化', '{D63B10C5-BB46-4990-A94F-E40B9D520160}', '{9CA88EE3-ACB7-47C8-AFC4-AB702511C276}
                     ', 'WIN-JKSSMTI1TM6', 'Administrator', 'S-1-5-21-4127652004-385634555-3113667412-500', 'LocalHost 
                     (LRPC 使用)', '利用不可', '利用不可'
Category           : (0)
CategoryNumber     : 0
ReplacementStrings : {アプリケーション固有, ローカル, アクティブ化, {D63B10C5-BB46-4990-A94F-E40B9D520160}...}
Source             : DCOM
TimeGenerated      : 2020/09/04 15:32:17
TimeWritten        : 2020/09/04 15:32:17
UserName           : WIN-JKSSMTI1TM6\Administrator

Index              : 494788
EntryType          : Error
InstanceId         : 10016
Message            : The description for Event ID '10016' in Source 'DCOM' cannot be found.  The local computer may not
                      have the necessary registry information or message DLL files to display the message, or you may n
                     ot have permission to access them.  The following information is part of the event:'アプリケーション固有', '
                     ローカル', 'アクティブ化', '{D63B10C5-BB46-4990-A94F-E40B9D520160}', '{9CA88EE3-ACB7-47C8-AFC4-AB702511C276}
                     ', 'WIN-JKSSMTI1TM6', 'Administrator', 'S-1-5-21-4127652004-385634555-3113667412-500', 'LocalHost 
                     (LRPC 使用)', '利用不可', '利用不可'
Category           : (0)
CategoryNumber     : 0
ReplacementStrings : {アプリケーション固有, ローカル, アクティブ化, {D63B10C5-BB46-4990-A94F-E40B9D520160}...}
Source             : DCOM
TimeGenerated      : 2020/09/04 15:32:17
TimeWritten        : 2020/09/04 15:32:17
UserName           : WIN-JKSSMTI1TM6\Administrator

Index              : 494787
EntryType          : Error
InstanceId         : 10016
Message            : The description for Event ID '10016' in Source 'DCOM' cannot be found.  The local computer may not
                      have the necessary registry information or message DLL files to display the message, or you may n
                     ot have permission to access them.  The following information is part of the event:'アプリケーション固有', '
                     ローカル', 'アクティブ化', '{D63B10C5-BB46-4990-A94F-E40B9D520160}', '{9CA88EE3-ACB7-47C8-AFC4-AB702511C276}
                     ', 'WIN-JKSSMTI1TM6', 'Administrator', 'S-1-5-21-4127652004-385634555-3113667412-500', 'LocalHost 
                     (LRPC 使用)', '利用不可', '利用不可'
Category           : (0)
CategoryNumber     : 0
ReplacementStrings : {アプリケーション固有, ローカル, アクティブ化, {D63B10C5-BB46-4990-A94F-E40B9D520160}...}
Source             : DCOM
TimeGenerated      : 2020/09/04 15:32:16
TimeWritten        : 2020/09/04 15:32:16
UserName           : WIN-JKSSMTI1TM6\Administrator

Index              : 494786
EntryType          : Error
InstanceId         : 10016
Message            : The description for Event ID '10016' in Source 'DCOM' cannot be found.  The local computer may not
                      have the necessary registry information or message DLL files to display the message, or you may n
                     ot have permission to access them.  The following information is part of the event:'アプリケーション固有', '
                     ローカル', 'アクティブ化', '{D63B10C5-BB46-4990-A94F-E40B9D520160}', '{9CA88EE3-ACB7-47C8-AFC4-AB702511C276}
                     ', 'WIN-JKSSMTI1TM6', 'Administrator', 'S-1-5-21-4127652004-385634555-3113667412-500', 'LocalHost 
                     (LRPC 使用)', '利用不可', '利用不可'
Category           : (0)
CategoryNumber     : 0
ReplacementStrings : {アプリケーション固有, ローカル, アクティブ化, {D63B10C5-BB46-4990-A94F-E40B9D520160}...}
Source             : DCOM
TimeGenerated      : 2020/09/04 15:32:16
TimeWritten        : 2020/09/04 15:32:16
UserName           : WIN-JKSSMTI1TM6\Administrator

Index              : 494785
EntryType          : Error
InstanceId         : 10016
Message            : The description for Event ID '10016' in Source 'DCOM' cannot be found.  The local computer may not
                      have the necessary registry information or message DLL files to display the message, or you may n
                     ot have permission to access them.  The following information is part of the event:'アプリケーション固有', '
                     ローカル', 'アクティブ化', '{D63B10C5-BB46-4990-A94F-E40B9D520160}', '{9CA88EE3-ACB7-47C8-AFC4-AB702511C276}
                     ', 'WIN-JKSSMTI1TM6', 'Administrator', 'S-1-5-21-4127652004-385634555-3113667412-500', 'LocalHost 
                     (LRPC 使用)', '利用不可', '利用不可'
Category           : (0)
CategoryNumber     : 0
ReplacementStrings : {アプリケーション固有, ローカル, アクティブ化, {D63B10C5-BB46-4990-A94F-E40B9D520160}...}
Source             : DCOM
TimeGenerated      : 2020/09/04 15:32:16
TimeWritten        : 2020/09/04 15:32:16
UserName           : WIN-JKSSMTI1TM6\Administrator

Index              : 494784
EntryType          : Error
InstanceId         : 10016
Message            : The description for Event ID '10016' in Source 'DCOM' cannot be found.  The local computer may not
                      have the necessary registry information or message DLL files to display the message, or you may n
                     ot have permission to access them.  The following information is part of the event:'アプリケーション固有', '
                     ローカル', 'アクティブ化', '{D63B10C5-BB46-4990-A94F-E40B9D520160}', '{9CA88EE3-ACB7-47C8-AFC4-AB702511C276}
                     ', 'WIN-JKSSMTI1TM6', 'Administrator', 'S-1-5-21-4127652004-385634555-3113667412-500', 'LocalHost 
                     (LRPC 使用)', '利用不可', '利用不可'
Category           : (0)
CategoryNumber     : 0
ReplacementStrings : {アプリケーション固有, ローカル, アクティブ化, {D63B10C5-BB46-4990-A94F-E40B9D520160}...}
Source             : DCOM
TimeGenerated      : 2020/09/04 15:32:15
TimeWritten        : 2020/09/04 15:32:15
UserName           : WIN-JKSSMTI1TM6\Administrator

Index              : 494783
EntryType          : Error
InstanceId         : 10016
Message            : The description for Event ID '10016' in Source 'DCOM' cannot be found.  The local computer may not
                      have the necessary registry information or message DLL files to display the message, or you may n
                     ot have permission to access them.  The following information is part of the event:'アプリケーション固有', '
                     ローカル', 'アクティブ化', '{D63B10C5-BB46-4990-A94F-E40B9D520160}', '{9CA88EE3-ACB7-47C8-AFC4-AB702511C276}
                     ', 'WIN-JKSSMTI1TM6', 'Administrator', 'S-1-5-21-4127652004-385634555-3113667412-500', 'LocalHost 
                     (LRPC 使用)', '利用不可', '利用不可'
Category           : (0)
CategoryNumber     : 0
ReplacementStrings : {アプリケーション固有, ローカル, アクティブ化, {D63B10C5-BB46-4990-A94F-E40B9D520160}...}
Source             : DCOM
TimeGenerated      : 2020/09/04 15:32:05
TimeWritten        : 2020/09/04 15:32:05
UserName           : WIN-JKSSMTI1TM6\Administrator

Index              : 494782
EntryType          : Error
InstanceId         : 10016
Message            : The description for Event ID '10016' in Source 'DCOM' cannot be found.  The local computer may not
                      have the necessary registry information or message DLL files to display the message, or you may n
                     ot have permission to access them.  The following information is part of the event:'アプリケーション固有', '
                     ローカル', 'アクティブ化', '{D63B10C5-BB46-4990-A94F-E40B9D520160}', '{9CA88EE3-ACB7-47C8-AFC4-AB702511C276}
                     ', 'WIN-JKSSMTI1TM6', 'Administrator', 'S-1-5-21-4127652004-385634555-3113667412-500', 'LocalHost 
                     (LRPC 使用)', '利用不可', '利用不可'
Category           : (0)
CategoryNumber     : 0
ReplacementStrings : {アプリケーション固有, ローカル, アクティブ化, {D63B10C5-BB46-4990-A94F-E40B9D520160}...}
Source             : DCOM
TimeGenerated      : 2020/09/04 15:32:05
TimeWritten        : 2020/09/04 15:32:05
UserName           : WIN-JKSSMTI1TM6\Administrator

Index              : 494781
EntryType          : Error
InstanceId         : 10016
Message            : The description for Event ID '10016' in Source 'DCOM' cannot be found.  The local computer may not
                      have the necessary registry information or message DLL files to display the message, or you may n
                     ot have permission to access them.  The following information is part of the event:'アプリケーション固有', '
                     ローカル', 'アクティブ化', '{D63B10C5-BB46-4990-A94F-E40B9D520160}', '{9CA88EE3-ACB7-47C8-AFC4-AB702511C276}
                     ', 'WIN-JKSSMTI1TM6', 'Administrator', 'S-1-5-21-4127652004-385634555-3113667412-500', 'LocalHost 
                     (LRPC 使用)', '利用不可', '利用不可'
Category           : (0)
CategoryNumber     : 0
ReplacementStrings : {アプリケーション固有, ローカル, アクティブ化, {D63B10C5-BB46-4990-A94F-E40B9D520160}...}
Source             : DCOM
TimeGenerated      : 2020/09/04 15:32:03
TimeWritten        : 2020/09/04 15:32:03
UserName           : WIN-JKSSMTI1TM6\Administrator

Index              : 494780
EntryType          : Error
InstanceId         : 10016
Message            : The description for Event ID '10016' in Source 'DCOM' cannot be found.  The local computer may not
                      have the necessary registry information or message DLL files to display the message, or you may n
                     ot have permission to access them.  The following information is part of the event:'アプリケーション固有', '
                     ローカル', 'アクティブ化', '{D63B10C5-BB46-4990-A94F-E40B9D520160}', '{9CA88EE3-ACB7-47C8-AFC4-AB702511C276}
                     ', 'WIN-JKSSMTI1TM6', 'Administrator', 'S-1-5-21-4127652004-385634555-3113667412-500', 'LocalHost 
                     (LRPC 使用)', '利用不可', '利用不可'
Category           : (0)
CategoryNumber     : 0
ReplacementStrings : {アプリケーション固有, ローカル, アクティブ化, {D63B10C5-BB46-4990-A94F-E40B9D520160}...}
Source             : DCOM
TimeGenerated      : 2020/09/04 15:32:01
TimeWritten        : 2020/09/04 15:32:01
UserName           : WIN-JKSSMTI1TM6\Administrator

