Index              : 494644
EntryType          : Error
InstanceId         : 3221487623
Message            : デバイス \Device\Harddisk0\DR0 に不良ブロックがあります。
Category           : (0)
CategoryNumber     : 0
ReplacementStrings : {\Device\Harddisk0\DR0}
Source             : Disk
TimeGenerated      : 2020/09/04 15:09:31
TimeWritten        : 2020/09/04 15:09:31
UserName           : 

Index              : 494643
EntryType          : Error
InstanceId         : 3221487623
Message            : デバイス \Device\Harddisk0\DR0 に不良ブロックがあります。
Category           : (0)
CategoryNumber     : 0
ReplacementStrings : {\Device\Harddisk0\DR0}
Source             : Disk
TimeGenerated      : 2020/09/04 15:09:31
TimeWritten        : 2020/09/04 15:09:31
UserName           : 

Index              : 494642
EntryType          : Error
InstanceId         : 3221487623
Message            : デバイス \Device\Harddisk0\DR0 に不良ブロックがあります。
Category           : (0)
CategoryNumber     : 0
ReplacementStrings : {\Device\Harddisk0\DR0}
Source             : Disk
TimeGenerated      : 2020/09/04 15:09:31
TimeWritten        : 2020/09/04 15:09:31
UserName           : 

Index              : 494641
EntryType          : Error
InstanceId         : 3221487623
Message            : デバイス \Device\Harddisk0\DR0 に不良ブロックがあります。
Category           : (0)
CategoryNumber     : 0
ReplacementStrings : {\Device\Harddisk0\DR0}
Source             : Disk
TimeGenerated      : 2020/09/04 15:09:31
TimeWritten        : 2020/09/04 15:09:31
UserName           : 

Index              : 494640
EntryType          : Error
InstanceId         : 3221487623
Message            : デバイス \Device\Harddisk0\DR0 に不良ブロックがあります。
Category           : (0)
CategoryNumber     : 0
ReplacementStrings : {\Device\Harddisk0\DR0}
Source             : Disk
TimeGenerated      : 2020/09/04 15:09:31
TimeWritten        : 2020/09/04 15:09:31
UserName           : 

Index              : 494639
EntryType          : Error
InstanceId         : 10016
Message            : The description for Event ID '10016' in Source 'DCOM' cannot be found.  The local computer may not
                      have the necessary registry information or message DLL files to display the message, or you may n
                     ot have permission to access them.  The following information is part of the event:'アプリケーション固有', '
                     ローカル', 'アクティブ化', '{D63B10C5-BB46-4990-A94F-E40B9D520160}', '{9CA88EE3-ACB7-47C8-AFC4-AB702511C276}
                     ', 'WIN-JKSSMTI1TM6', 'Administrator', 'S-1-5-21-4127652004-385634555-3113667412-500', 'LocalHost 
                     (LRPC 使用)', '利用不可', '利用不可'
Category           : (0)
CategoryNumber     : 0
ReplacementStrings : {アプリケーション固有, ローカル, アクティブ化, {D63B10C5-BB46-4990-A94F-E40B9D520160}...}
Source             : DCOM
TimeGenerated      : 2020/09/04 15:09:26
TimeWritten        : 2020/09/04 15:09:26
UserName           : WIN-JKSSMTI1TM6\Administrator

Index              : 494638
EntryType          : Error
InstanceId         : 10016
Message            : The description for Event ID '10016' in Source 'DCOM' cannot be found.  The local computer may not
                      have the necessary registry information or message DLL files to display the message, or you may n
                     ot have permission to access them.  The following information is part of the event:'アプリケーション固有', '
                     ローカル', 'アクティブ化', '{D63B10C5-BB46-4990-A94F-E40B9D520160}', '{9CA88EE3-ACB7-47C8-AFC4-AB702511C276}
                     ', 'WIN-JKSSMTI1TM6', 'Administrator', 'S-1-5-21-4127652004-385634555-3113667412-500', 'LocalHost 
                     (LRPC 使用)', '利用不可', '利用不可'
Category           : (0)
CategoryNumber     : 0
ReplacementStrings : {アプリケーション固有, ローカル, アクティブ化, {D63B10C5-BB46-4990-A94F-E40B9D520160}...}
Source             : DCOM
TimeGenerated      : 2020/09/04 15:09:26
TimeWritten        : 2020/09/04 15:09:26
UserName           : WIN-JKSSMTI1TM6\Administrator

Index              : 494637
EntryType          : Error
InstanceId         : 10016
Message            : The description for Event ID '10016' in Source 'DCOM' cannot be found.  The local computer may not
                      have the necessary registry information or message DLL files to display the message, or you may n
                     ot have permission to access them.  The following information is part of the event:'アプリケーション固有', '
                     ローカル', 'アクティブ化', '{D63B10C5-BB46-4990-A94F-E40B9D520160}', '{9CA88EE3-ACB7-47C8-AFC4-AB702511C276}
                     ', 'WIN-JKSSMTI1TM6', 'Administrator', 'S-1-5-21-4127652004-385634555-3113667412-500', 'LocalHost 
                     (LRPC 使用)', '利用不可', '利用不可'
Category           : (0)
CategoryNumber     : 0
ReplacementStrings : {アプリケーション固有, ローカル, アクティブ化, {D63B10C5-BB46-4990-A94F-E40B9D520160}...}
Source             : DCOM
TimeGenerated      : 2020/09/04 15:09:25
TimeWritten        : 2020/09/04 15:09:25
UserName           : WIN-JKSSMTI1TM6\Administrator

Index              : 494636
EntryType          : Error
InstanceId         : 10016
Message            : The description for Event ID '10016' in Source 'DCOM' cannot be found.  The local computer may not
                      have the necessary registry information or message DLL files to display the message, or you may n
                     ot have permission to access them.  The following information is part of the event:'アプリケーション固有', '
                     ローカル', 'アクティブ化', '{D63B10C5-BB46-4990-A94F-E40B9D520160}', '{9CA88EE3-ACB7-47C8-AFC4-AB702511C276}
                     ', 'WIN-JKSSMTI1TM6', 'Administrator', 'S-1-5-21-4127652004-385634555-3113667412-500', 'LocalHost 
                     (LRPC 使用)', '利用不可', '利用不可'
Category           : (0)
CategoryNumber     : 0
ReplacementStrings : {アプリケーション固有, ローカル, アクティブ化, {D63B10C5-BB46-4990-A94F-E40B9D520160}...}
Source             : DCOM
TimeGenerated      : 2020/09/04 15:09:24
TimeWritten        : 2020/09/04 15:09:24
UserName           : WIN-JKSSMTI1TM6\Administrator

Index              : 494635
EntryType          : Error
InstanceId         : 10016
Message            : The description for Event ID '10016' in Source 'DCOM' cannot be found.  The local computer may not
                      have the necessary registry information or message DLL files to display the message, or you may n
                     ot have permission to access them.  The following information is part of the event:'アプリケーション固有', '
                     ローカル', 'アクティブ化', '{D63B10C5-BB46-4990-A94F-E40B9D520160}', '{9CA88EE3-ACB7-47C8-AFC4-AB702511C276}
                     ', 'WIN-JKSSMTI1TM6', 'Administrator', 'S-1-5-21-4127652004-385634555-3113667412-500', 'LocalHost 
                     (LRPC 使用)', '利用不可', '利用不可'
Category           : (0)
CategoryNumber     : 0
ReplacementStrings : {アプリケーション固有, ローカル, アクティブ化, {D63B10C5-BB46-4990-A94F-E40B9D520160}...}
Source             : DCOM
TimeGenerated      : 2020/09/04 15:09:24
TimeWritten        : 2020/09/04 15:09:24
UserName           : WIN-JKSSMTI1TM6\Administrator

Index              : 494634
EntryType          : Error
InstanceId         : 10016
Message            : The description for Event ID '10016' in Source 'DCOM' cannot be found.  The local computer may not
                      have the necessary registry information or message DLL files to display the message, or you may n
                     ot have permission to access them.  The following information is part of the event:'アプリケーション固有', '
                     ローカル', 'アクティブ化', '{D63B10C5-BB46-4990-A94F-E40B9D520160}', '{9CA88EE3-ACB7-47C8-AFC4-AB702511C276}
                     ', 'WIN-JKSSMTI1TM6', 'Administrator', 'S-1-5-21-4127652004-385634555-3113667412-500', 'LocalHost 
                     (LRPC 使用)', '利用不可', '利用不可'
Category           : (0)
CategoryNumber     : 0
ReplacementStrings : {アプリケーション固有, ローカル, アクティブ化, {D63B10C5-BB46-4990-A94F-E40B9D520160}...}
Source             : DCOM
TimeGenerated      : 2020/09/04 15:09:21
TimeWritten        : 2020/09/04 15:09:21
UserName           : WIN-JKSSMTI1TM6\Administrator

Index              : 494633
EntryType          : Error
InstanceId         : 10016
Message            : The description for Event ID '10016' in Source 'DCOM' cannot be found.  The local computer may not
                      have the necessary registry information or message DLL files to display the message, or you may n
                     ot have permission to access them.  The following information is part of the event:'アプリケーション固有', '
                     ローカル', 'アクティブ化', '{D63B10C5-BB46-4990-A94F-E40B9D520160}', '{9CA88EE3-ACB7-47C8-AFC4-AB702511C276}
                     ', 'WIN-JKSSMTI1TM6', 'Administrator', 'S-1-5-21-4127652004-385634555-3113667412-500', 'LocalHost 
                     (LRPC 使用)', '利用不可', '利用不可'
Category           : (0)
CategoryNumber     : 0
ReplacementStrings : {アプリケーション固有, ローカル, アクティブ化, {D63B10C5-BB46-4990-A94F-E40B9D520160}...}
Source             : DCOM
TimeGenerated      : 2020/09/04 15:09:21
TimeWritten        : 2020/09/04 15:09:21
UserName           : WIN-JKSSMTI1TM6\Administrator

Index              : 494632
EntryType          : Error
InstanceId         : 10016
Message            : The description for Event ID '10016' in Source 'DCOM' cannot be found.  The local computer may not
                      have the necessary registry information or message DLL files to display the message, or you may n
                     ot have permission to access them.  The following information is part of the event:'アプリケーション固有', '
                     ローカル', 'アクティブ化', '{D63B10C5-BB46-4990-A94F-E40B9D520160}', '{9CA88EE3-ACB7-47C8-AFC4-AB702511C276}
                     ', 'WIN-JKSSMTI1TM6', 'Administrator', 'S-1-5-21-4127652004-385634555-3113667412-500', 'LocalHost 
                     (LRPC 使用)', '利用不可', '利用不可'
Category           : (0)
CategoryNumber     : 0
ReplacementStrings : {アプリケーション固有, ローカル, アクティブ化, {D63B10C5-BB46-4990-A94F-E40B9D520160}...}
Source             : DCOM
TimeGenerated      : 2020/09/04 15:09:19
TimeWritten        : 2020/09/04 15:09:19
UserName           : WIN-JKSSMTI1TM6\Administrator

Index              : 494604
EntryType          : Error
InstanceId         : 3221232506
Message            : Consul サービスは予期せぬ原因により終了しました。このサービスの強制終了は 1 回目です。
Category           : (0)
CategoryNumber     : 0
ReplacementStrings : {Consul, 1}
Source             : Service Control Manager
TimeGenerated      : 2020/09/04 15:03:01
TimeWritten        : 2020/09/04 15:03:01
UserName           : 

Index              : 494566
EntryType          : Error
InstanceId         : 3221232472
Message            : SQLWriter サービスを、次のエラーが原因で開始できませんでした: 
                     %%1053
Category           : (0)
CategoryNumber     : 0
ReplacementStrings : {SQLWriter, %%1053}
Source             : Service Control Manager
TimeGenerated      : 2020/09/04 15:02:44
TimeWritten        : 2020/09/04 15:02:44
UserName           : 

Index              : 494565
EntryType          : Error
InstanceId         : 3221232481
Message            : SQLWriter サービスの接続を待機中にタイムアウト (30000 ミリ秒) になりました。
Category           : (0)
CategoryNumber     : 0
ReplacementStrings : {30000, SQLWriter}
Source             : Service Control Manager
TimeGenerated      : 2020/09/04 15:02:44
TimeWritten        : 2020/09/04 15:02:44
UserName           : 

Index              : 494489
EntryType          : Error
InstanceId         : 1073742825
Message            : The description for Event ID '1073742825' in Source 'BugCheck' cannot be found.  The local compute
                     r may not have the necessary registry information or message DLL files to display the message, or 
                     you may not have permission to access them.  The following information is part of the event:'0xc00
                     0021a (0xffffb90858b12770, 0xffffffffc0000006, 0x00007ffff42110ca, 0x00000074a64fd300)', 'C:\Windo
                     ws\MEMORY.DMP', '3ef58e99-995a-4c7b-a1c2-8a9ca545e90f'
Category           : (0)
CategoryNumber     : 0
ReplacementStrings : {0xc000021a (0xffffb90858b12770, 0xffffffffc0000006, 0x00007ffff42110ca, 0x00000074a64fd300), C:\W
                     indows\MEMORY.DMP, 3ef58e99-995a-4c7b-a1c2-8a9ca545e90f}
Source             : BugCheck
TimeGenerated      : 2020/09/04 15:02:44
TimeWritten        : 2020/09/04 15:02:44
UserName           : 

Index              : 494485
EntryType          : Error
InstanceId         : 2147489656
Message            : 以前のシステム シャットダウン ( ‎2020/‎09/‎04 14:59:20) は予期されていませんでした。
Category           : (0)
CategoryNumber     : 0
ReplacementStrings : {14:59:20, ‎2020/‎09/‎04, , ...}
Source             : EventLog
TimeGenerated      : 2020/09/04 15:02:43
TimeWritten        : 2020/09/04 15:02:43
UserName           : 

Index              : 494426
EntryType          : Error
InstanceId         : 3221487623
Message            : デバイス \Device\Harddisk0\DR0 に不良ブロックがあります。
Category           : (0)
CategoryNumber     : 0
ReplacementStrings : {\Device\Harddisk0\DR0}
Source             : Disk
TimeGenerated      : 2020/09/04 14:10:17
TimeWritten        : 2020/09/04 14:10:17
UserName           : 

Index              : 494425
EntryType          : Error
InstanceId         : 3221487623
Message            : デバイス \Device\Harddisk0\DR0 に不良ブロックがあります。
Category           : (0)
CategoryNumber     : 0
ReplacementStrings : {\Device\Harddisk0\DR0}
Source             : Disk
TimeGenerated      : 2020/09/04 14:10:16
TimeWritten        : 2020/09/04 14:10:16
UserName           : 

Index              : 494424
EntryType          : Error
InstanceId         : 3221487623
Message            : デバイス \Device\Harddisk0\DR0 に不良ブロックがあります。
Category           : (0)
CategoryNumber     : 0
ReplacementStrings : {\Device\Harddisk0\DR0}
Source             : Disk
TimeGenerated      : 2020/09/04 14:10:16
TimeWritten        : 2020/09/04 14:10:16
UserName           : 

Index              : 494423
EntryType          : Error
InstanceId         : 3221487623
Message            : デバイス \Device\Harddisk0\DR0 に不良ブロックがあります。
Category           : (0)
CategoryNumber     : 0
ReplacementStrings : {\Device\Harddisk0\DR0}
Source             : Disk
TimeGenerated      : 2020/09/04 14:10:16
TimeWritten        : 2020/09/04 14:10:16
UserName           : 

Index              : 494422
EntryType          : Error
InstanceId         : 3221487623
Message            : デバイス \Device\Harddisk0\DR0 に不良ブロックがあります。
Category           : (0)
CategoryNumber     : 0
ReplacementStrings : {\Device\Harddisk0\DR0}
Source             : Disk
TimeGenerated      : 2020/09/04 14:10:16
TimeWritten        : 2020/09/04 14:10:16
UserName           : 

Index              : 494421
EntryType          : Error
InstanceId         : 3221487623
Message            : デバイス \Device\Harddisk0\DR0 に不良ブロックがあります。
Category           : (0)
CategoryNumber     : 0
ReplacementStrings : {\Device\Harddisk0\DR0}
Source             : Disk
TimeGenerated      : 2020/09/04 14:10:16
TimeWritten        : 2020/09/04 14:10:16
UserName           : 

Index              : 494420
EntryType          : Error
InstanceId         : 3221487623
Message            : デバイス \Device\Harddisk0\DR0 に不良ブロックがあります。
Category           : (0)
CategoryNumber     : 0
ReplacementStrings : {\Device\Harddisk0\DR0}
Source             : Disk
TimeGenerated      : 2020/09/04 14:10:16
TimeWritten        : 2020/09/04 14:10:16
UserName           : 

Index              : 494419
EntryType          : Error
InstanceId         : 3221487623
Message            : デバイス \Device\Harddisk0\DR0 に不良ブロックがあります。
Category           : (0)
CategoryNumber     : 0
ReplacementStrings : {\Device\Harddisk0\DR0}
Source             : Disk
TimeGenerated      : 2020/09/04 14:10:16
TimeWritten        : 2020/09/04 14:10:16
UserName           : 

Index              : 494418
EntryType          : Error
InstanceId         : 3221487623
Message            : デバイス \Device\Harddisk0\DR0 に不良ブロックがあります。
Category           : (0)
CategoryNumber     : 0
ReplacementStrings : {\Device\Harddisk0\DR0}
Source             : Disk
TimeGenerated      : 2020/09/04 14:10:16
TimeWritten        : 2020/09/04 14:10:16
UserName           : 

Index              : 494417
EntryType          : Error
InstanceId         : 3221487623
Message            : デバイス \Device\Harddisk0\DR0 に不良ブロックがあります。
Category           : (0)
CategoryNumber     : 0
ReplacementStrings : {\Device\Harddisk0\DR0}
Source             : Disk
TimeGenerated      : 2020/09/04 14:10:16
TimeWritten        : 2020/09/04 14:10:16
UserName           : 

Index              : 494416
EntryType          : Error
InstanceId         : 3221487623
Message            : デバイス \Device\Harddisk0\DR0 に不良ブロックがあります。
Category           : (0)
CategoryNumber     : 0
ReplacementStrings : {\Device\Harddisk0\DR0}
Source             : Disk
TimeGenerated      : 2020/09/04 14:10:16
TimeWritten        : 2020/09/04 14:10:16
UserName           : 

Index              : 494415
EntryType          : Error
InstanceId         : 3221487623
Message            : デバイス \Device\Harddisk0\DR0 に不良ブロックがあります。
Category           : (0)
CategoryNumber     : 0
ReplacementStrings : {\Device\Harddisk0\DR0}
Source             : Disk
TimeGenerated      : 2020/09/04 14:10:16
TimeWritten        : 2020/09/04 14:10:16
UserName           : 

Index              : 494414
EntryType          : Error
InstanceId         : 3221487623
Message            : デバイス \Device\Harddisk0\DR0 に不良ブロックがあります。
Category           : (0)
CategoryNumber     : 0
ReplacementStrings : {\Device\Harddisk0\DR0}
Source             : Disk
TimeGenerated      : 2020/09/04 14:10:16
TimeWritten        : 2020/09/04 14:10:16
UserName           : 

Index              : 494413
EntryType          : Error
InstanceId         : 3221487623
Message            : デバイス \Device\Harddisk0\DR0 に不良ブロックがあります。
Category           : (0)
CategoryNumber     : 0
ReplacementStrings : {\Device\Harddisk0\DR0}
Source             : Disk
TimeGenerated      : 2020/09/04 14:10:16
TimeWritten        : 2020/09/04 14:10:16
UserName           : 

Index              : 494412
EntryType          : Error
InstanceId         : 3221487623
Message            : デバイス \Device\Harddisk0\DR0 に不良ブロックがあります。
Category           : (0)
CategoryNumber     : 0
ReplacementStrings : {\Device\Harddisk0\DR0}
Source             : Disk
TimeGenerated      : 2020/09/04 14:10:16
TimeWritten        : 2020/09/04 14:10:16
UserName           : 

Index              : 494402
EntryType          : Error
InstanceId         : 10016
Message            : The description for Event ID '10016' in Source 'DCOM' cannot be found.  The local computer may not
                      have the necessary registry information or message DLL files to display the message, or you may n
                     ot have permission to access them.  The following information is part of the event:'アプリケーション固有', '
                     ローカル', 'アクティブ化', '{8D8F4F83-3594-4F07-8369-FC3C3CAE4919}', '{F72671A9-012C-4725-9D2F-2A4D32D65169}
                     ', 'NT AUTHORITY', 'SYSTEM', 'S-1-5-18', 'LocalHost (LRPC 使用)', '利用不可', '利用不可'
Category           : (0)
CategoryNumber     : 0
ReplacementStrings : {アプリケーション固有, ローカル, アクティブ化, {8D8F4F83-3594-4F07-8369-FC3C3CAE4919}...}
Source             : DCOM
TimeGenerated      : 2020/09/04 14:08:59
TimeWritten        : 2020/09/04 14:08:59
UserName           : NT AUTHORITY\SYSTEM

Index              : 494381
EntryType          : Error
InstanceId         : 3221232506
Message            : Consul サービスは予期せぬ原因により終了しました。このサービスの強制終了は 1 回目です。
Category           : (0)
CategoryNumber     : 0
ReplacementStrings : {Consul, 1}
Source             : Service Control Manager
TimeGenerated      : 2020/09/04 14:06:37
TimeWritten        : 2020/09/04 14:06:37
UserName           : 

Index              : 494346
EntryType          : Error
InstanceId         : 3221232472
Message            : SQLWriter サービスを、次のエラーが原因で開始できませんでした: 
                     %%1053
Category           : (0)
CategoryNumber     : 0
ReplacementStrings : {SQLWriter, %%1053}
Source             : Service Control Manager
TimeGenerated      : 2020/09/04 14:06:21
TimeWritten        : 2020/09/04 14:06:21
UserName           : 

Index              : 494345
EntryType          : Error
InstanceId         : 3221232481
Message            : SQLWriter サービスの接続を待機中にタイムアウト (30000 ミリ秒) になりました。
Category           : (0)
CategoryNumber     : 0
ReplacementStrings : {30000, SQLWriter}
Source             : Service Control Manager
TimeGenerated      : 2020/09/04 14:06:21
TimeWritten        : 2020/09/04 14:06:21
UserName           : 

Index              : 494268
EntryType          : Error
InstanceId         : 1073742825
Message            : The description for Event ID '1073742825' in Source 'BugCheck' cannot be found.  The local compute
                     r may not have the necessary registry information or message DLL files to display the message, or 
                     you may not have permission to access them.  The following information is part of the event:'0xc00
                     0021a (0xffffaa878c8794a0, 0xffffffffc0000006, 0x00007ffcaa1610ca, 0x00000004933bbac0)', 'C:\Windo
                     ws\MEMORY.DMP', 'b52bfd53-d494-40c9-b537-43d73b12e209'
Category           : (0)
CategoryNumber     : 0
ReplacementStrings : {0xc000021a (0xffffaa878c8794a0, 0xffffffffc0000006, 0x00007ffcaa1610ca, 0x00000004933bbac0), C:\W
                     indows\MEMORY.DMP, b52bfd53-d494-40c9-b537-43d73b12e209}
Source             : BugCheck
TimeGenerated      : 2020/09/04 14:06:20
TimeWritten        : 2020/09/04 14:06:20
UserName           : 

Index              : 494264
EntryType          : Error
InstanceId         : 2147489656
Message            : 以前のシステム シャットダウン ( ‎2020/‎09/‎04 14:03:29) は予期されていませんでした。
Category           : (0)
CategoryNumber     : 0
ReplacementStrings : {14:03:29, ‎2020/‎09/‎04, , ...}
Source             : EventLog
TimeGenerated      : 2020/09/04 14:06:19
TimeWritten        : 2020/09/04 14:06:19
UserName           : 

Index              : 494261
EntryType          : Error
InstanceId         : 3221487631
Message            : デバイス \Device\Harddisk0\DR0 はまだアクセスできる状態ではありません。
Category           : (0)
CategoryNumber     : 0
ReplacementStrings : {\Device\Harddisk0\DR0}
Source             : Disk
TimeGenerated      : 2020/09/04 14:03:34
TimeWritten        : 2020/09/04 14:03:34
UserName           : 

Index              : 494260
EntryType          : Error
InstanceId         : 3221487631
Message            : デバイス \Device\Harddisk0\DR0 はまだアクセスできる状態ではありません。
Category           : (0)
CategoryNumber     : 0
ReplacementStrings : {\Device\Harddisk0\DR0}
Source             : Disk
TimeGenerated      : 2020/09/04 14:03:34
TimeWritten        : 2020/09/04 14:03:34
UserName           : 

Index              : 494259
EntryType          : Error
InstanceId         : 3221487623
Message            : デバイス \Device\Harddisk0\DR0 に不良ブロックがあります。
Category           : (0)
CategoryNumber     : 0
ReplacementStrings : {\Device\Harddisk0\DR0}
Source             : Disk
TimeGenerated      : 2020/09/04 14:03:34
TimeWritten        : 2020/09/04 14:03:34
UserName           : 

Index              : 494258
EntryType          : Error
InstanceId         : 3221487631
Message            : デバイス \Device\Harddisk0\DR0 はまだアクセスできる状態ではありません。
Category           : (0)
CategoryNumber     : 0
ReplacementStrings : {\Device\Harddisk0\DR0}
Source             : Disk
TimeGenerated      : 2020/09/04 14:03:34
TimeWritten        : 2020/09/04 14:03:34
UserName           : 

Index              : 494257
EntryType          : Error
InstanceId         : 3221487623
Message            : デバイス \Device\Harddisk0\DR0 に不良ブロックがあります。
Category           : (0)
CategoryNumber     : 0
ReplacementStrings : {\Device\Harddisk0\DR0}
Source             : Disk
TimeGenerated      : 2020/09/04 14:03:34
TimeWritten        : 2020/09/04 14:03:34
UserName           : 

Index              : 494256
EntryType          : Error
InstanceId         : 3221487631
Message            : デバイス \Device\Harddisk0\DR0 はまだアクセスできる状態ではありません。
Category           : (0)
CategoryNumber     : 0
ReplacementStrings : {\Device\Harddisk0\DR0}
Source             : Disk
TimeGenerated      : 2020/09/04 14:03:34
TimeWritten        : 2020/09/04 14:03:34
UserName           : 

Index              : 494255
EntryType          : Error
InstanceId         : 3221487623
Message            : デバイス \Device\Harddisk0\DR0 に不良ブロックがあります。
Category           : (0)
CategoryNumber     : 0
ReplacementStrings : {\Device\Harddisk0\DR0}
Source             : Disk
TimeGenerated      : 2020/09/04 14:03:34
TimeWritten        : 2020/09/04 14:03:34
UserName           : 

Index              : 494254
EntryType          : Error
InstanceId         : 3221487631
Message            : デバイス \Device\Harddisk0\DR0 はまだアクセスできる状態ではありません。
Category           : (0)
CategoryNumber     : 0
ReplacementStrings : {\Device\Harddisk0\DR0}
Source             : Disk
TimeGenerated      : 2020/09/04 14:03:34
TimeWritten        : 2020/09/04 14:03:34
UserName           : 

Index              : 494253
EntryType          : Error
InstanceId         : 3221487631
Message            : デバイス \Device\Harddisk0\DR0 はまだアクセスできる状態ではありません。
Category           : (0)
CategoryNumber     : 0
ReplacementStrings : {\Device\Harddisk0\DR0}
Source             : Disk
TimeGenerated      : 2020/09/04 14:03:34
TimeWritten        : 2020/09/04 14:03:34
UserName           : 

Index              : 494252
EntryType          : Error
InstanceId         : 3221487631
Message            : デバイス \Device\Harddisk0\DR0 はまだアクセスできる状態ではありません。
Category           : (0)
CategoryNumber     : 0
ReplacementStrings : {\Device\Harddisk0\DR0}
Source             : Disk
TimeGenerated      : 2020/09/04 14:03:34
TimeWritten        : 2020/09/04 14:03:34
UserName           : 

Index              : 494251
EntryType          : Error
InstanceId         : 3221487623
Message            : デバイス \Device\Harddisk0\DR0 に不良ブロックがあります。
Category           : (0)
CategoryNumber     : 0
ReplacementStrings : {\Device\Harddisk0\DR0}
Source             : Disk
TimeGenerated      : 2020/09/04 14:03:34
TimeWritten        : 2020/09/04 14:03:34
UserName           : 

Index              : 494250
EntryType          : Error
InstanceId         : 3221487631
Message            : デバイス \Device\Harddisk0\DR0 はまだアクセスできる状態ではありません。
Category           : (0)
CategoryNumber     : 0
ReplacementStrings : {\Device\Harddisk0\DR0}
Source             : Disk
TimeGenerated      : 2020/09/04 14:03:34
TimeWritten        : 2020/09/04 14:03:34
UserName           : 

Index              : 494248
EntryType          : Error
InstanceId         : 3221487623
Message            : デバイス \Device\Harddisk0\DR0 に不良ブロックがあります。
Category           : (0)
CategoryNumber     : 0
ReplacementStrings : {\Device\Harddisk0\DR0}
Source             : Disk
TimeGenerated      : 2020/09/04 14:03:34
TimeWritten        : 2020/09/04 14:03:34
UserName           : 

Index              : 494247
EntryType          : Error
InstanceId         : 3221487631
Message            : デバイス \Device\Harddisk0\DR0 はまだアクセスできる状態ではありません。
Category           : (0)
CategoryNumber     : 0
ReplacementStrings : {\Device\Harddisk0\DR0}
Source             : Disk
TimeGenerated      : 2020/09/04 14:03:34
TimeWritten        : 2020/09/04 14:03:34
UserName           : 

Index              : 494246
EntryType          : Error
InstanceId         : 3221487631
Message            : デバイス \Device\Harddisk0\DR0 はまだアクセスできる状態ではありません。
Category           : (0)
CategoryNumber     : 0
ReplacementStrings : {\Device\Harddisk0\DR0}
Source             : Disk
TimeGenerated      : 2020/09/04 14:03:34
TimeWritten        : 2020/09/04 14:03:34
UserName           : 

Index              : 494245
EntryType          : Error
InstanceId         : 3221487631
Message            : デバイス \Device\Harddisk0\DR0 はまだアクセスできる状態ではありません。
Category           : (0)
CategoryNumber     : 0
ReplacementStrings : {\Device\Harddisk0\DR0}
Source             : Disk
TimeGenerated      : 2020/09/04 14:03:34
TimeWritten        : 2020/09/04 14:03:34
UserName           : 

Index              : 494244
EntryType          : Error
InstanceId         : 3221487631
Message            : デバイス \Device\Harddisk0\DR0 はまだアクセスできる状態ではありません。
Category           : (0)
CategoryNumber     : 0
ReplacementStrings : {\Device\Harddisk0\DR0}
Source             : Disk
TimeGenerated      : 2020/09/04 14:03:34
TimeWritten        : 2020/09/04 14:03:34
UserName           : 

Index              : 494243
EntryType          : Error
InstanceId         : 3221487623
Message            : デバイス \Device\Harddisk0\DR0 に不良ブロックがあります。
Category           : (0)
CategoryNumber     : 0
ReplacementStrings : {\Device\Harddisk0\DR0}
Source             : Disk
TimeGenerated      : 2020/09/04 14:03:34
TimeWritten        : 2020/09/04 14:03:34
UserName           : 

Index              : 494242
EntryType          : Error
InstanceId         : 3221487623
Message            : デバイス \Device\Harddisk0\DR0 に不良ブロックがあります。
Category           : (0)
CategoryNumber     : 0
ReplacementStrings : {\Device\Harddisk0\DR0}
Source             : Disk
TimeGenerated      : 2020/09/04 14:03:34
TimeWritten        : 2020/09/04 14:03:34
UserName           : 

Index              : 494241
EntryType          : Error
InstanceId         : 3221487631
Message            : デバイス \Device\Harddisk0\DR0 はまだアクセスできる状態ではありません。
Category           : (0)
CategoryNumber     : 0
ReplacementStrings : {\Device\Harddisk0\DR0}
Source             : Disk
TimeGenerated      : 2020/09/04 14:03:34
TimeWritten        : 2020/09/04 14:03:34
UserName           : 

Index              : 494240
EntryType          : Error
InstanceId         : 3221487631
Message            : デバイス \Device\Harddisk0\DR0 はまだアクセスできる状態ではありません。
Category           : (0)
CategoryNumber     : 0
ReplacementStrings : {\Device\Harddisk0\DR0}
Source             : Disk
TimeGenerated      : 2020/09/04 14:03:34
TimeWritten        : 2020/09/04 14:03:34
UserName           : 

Index              : 494239
EntryType          : Error
InstanceId         : 3221487631
Message            : デバイス \Device\Harddisk0\DR0 はまだアクセスできる状態ではありません。
Category           : (0)
CategoryNumber     : 0
ReplacementStrings : {\Device\Harddisk0\DR0}
Source             : Disk
TimeGenerated      : 2020/09/04 14:03:34
TimeWritten        : 2020/09/04 14:03:34
UserName           : 

Index              : 494238
EntryType          : Error
InstanceId         : 10016
Message            : The description for Event ID '10016' in Source 'DCOM' cannot be found.  The local computer may not
                      have the necessary registry information or message DLL files to display the message, or you may n
                     ot have permission to access them.  The following information is part of the event:'アプリケーション固有', '
                     ローカル', 'アクティブ化', '{D63B10C5-BB46-4990-A94F-E40B9D520160}', '{9CA88EE3-ACB7-47C8-AFC4-AB702511C276}
                     ', 'WIN-JKSSMTI1TM6', 'Administrator', 'S-1-5-21-4127652004-385634555-3113667412-500', 'LocalHost 
                     (LRPC 使用)', '利用不可', '利用不可'
Category           : (0)
CategoryNumber     : 0
ReplacementStrings : {アプリケーション固有, ローカル, アクティブ化, {D63B10C5-BB46-4990-A94F-E40B9D520160}...}
Source             : DCOM
TimeGenerated      : 2020/09/04 14:03:31
TimeWritten        : 2020/09/04 14:03:31
UserName           : WIN-JKSSMTI1TM6\Administrator

Index              : 494237
EntryType          : Error
InstanceId         : 10016
Message            : The description for Event ID '10016' in Source 'DCOM' cannot be found.  The local computer may not
                      have the necessary registry information or message DLL files to display the message, or you may n
                     ot have permission to access them.  The following information is part of the event:'アプリケーション固有', '
                     ローカル', 'アクティブ化', '{D63B10C5-BB46-4990-A94F-E40B9D520160}', '{9CA88EE3-ACB7-47C8-AFC4-AB702511C276}
                     ', 'WIN-JKSSMTI1TM6', 'Administrator', 'S-1-5-21-4127652004-385634555-3113667412-500', 'LocalHost 
                     (LRPC 使用)', '利用不可', '利用不可'
Category           : (0)
CategoryNumber     : 0
ReplacementStrings : {アプリケーション固有, ローカル, アクティブ化, {D63B10C5-BB46-4990-A94F-E40B9D520160}...}
Source             : DCOM
TimeGenerated      : 2020/09/04 14:03:31
TimeWritten        : 2020/09/04 14:03:31
UserName           : WIN-JKSSMTI1TM6\Administrator

Index              : 494236
EntryType          : Error
InstanceId         : 10016
Message            : The description for Event ID '10016' in Source 'DCOM' cannot be found.  The local computer may not
                      have the necessary registry information or message DLL files to display the message, or you may n
                     ot have permission to access them.  The following information is part of the event:'アプリケーション固有', '
                     ローカル', 'アクティブ化', '{D63B10C5-BB46-4990-A94F-E40B9D520160}', '{9CA88EE3-ACB7-47C8-AFC4-AB702511C276}
                     ', 'WIN-JKSSMTI1TM6', 'Administrator', 'S-1-5-21-4127652004-385634555-3113667412-500', 'LocalHost 
                     (LRPC 使用)', '利用不可', '利用不可'
Category           : (0)
CategoryNumber     : 0
ReplacementStrings : {アプリケーション固有, ローカル, アクティブ化, {D63B10C5-BB46-4990-A94F-E40B9D520160}...}
Source             : DCOM
TimeGenerated      : 2020/09/04 14:03:31
TimeWritten        : 2020/09/04 14:03:31
UserName           : WIN-JKSSMTI1TM6\Administrator

Index              : 494235
EntryType          : Error
InstanceId         : 10016
Message            : The description for Event ID '10016' in Source 'DCOM' cannot be found.  The local computer may not
                      have the necessary registry information or message DLL files to display the message, or you may n
                     ot have permission to access them.  The following information is part of the event:'アプリケーション固有', '
                     ローカル', 'アクティブ化', '{D63B10C5-BB46-4990-A94F-E40B9D520160}', '{9CA88EE3-ACB7-47C8-AFC4-AB702511C276}
                     ', 'WIN-JKSSMTI1TM6', 'Administrator', 'S-1-5-21-4127652004-385634555-3113667412-500', 'LocalHost 
                     (LRPC 使用)', '利用不可', '利用不可'
Category           : (0)
CategoryNumber     : 0
ReplacementStrings : {アプリケーション固有, ローカル, アクティブ化, {D63B10C5-BB46-4990-A94F-E40B9D520160}...}
Source             : DCOM
TimeGenerated      : 2020/09/04 14:03:30
TimeWritten        : 2020/09/04 14:03:30
UserName           : WIN-JKSSMTI1TM6\Administrator

Index              : 494234
EntryType          : Error
InstanceId         : 10016
Message            : The description for Event ID '10016' in Source 'DCOM' cannot be found.  The local computer may not
                      have the necessary registry information or message DLL files to display the message, or you may n
                     ot have permission to access them.  The following information is part of the event:'アプリケーション固有', '
                     ローカル', 'アクティブ化', '{D63B10C5-BB46-4990-A94F-E40B9D520160}', '{9CA88EE3-ACB7-47C8-AFC4-AB702511C276}
                     ', 'WIN-JKSSMTI1TM6', 'Administrator', 'S-1-5-21-4127652004-385634555-3113667412-500', 'LocalHost 
                     (LRPC 使用)', '利用不可', '利用不可'
Category           : (0)
CategoryNumber     : 0
ReplacementStrings : {アプリケーション固有, ローカル, アクティブ化, {D63B10C5-BB46-4990-A94F-E40B9D520160}...}
Source             : DCOM
TimeGenerated      : 2020/09/04 14:03:30
TimeWritten        : 2020/09/04 14:03:30
UserName           : WIN-JKSSMTI1TM6\Administrator

Index              : 494233
EntryType          : Error
InstanceId         : 10016
Message            : The description for Event ID '10016' in Source 'DCOM' cannot be found.  The local computer may not
                      have the necessary registry information or message DLL files to display the message, or you may n
                     ot have permission to access them.  The following information is part of the event:'アプリケーション固有', '
                     ローカル', 'アクティブ化', '{D63B10C5-BB46-4990-A94F-E40B9D520160}', '{9CA88EE3-ACB7-47C8-AFC4-AB702511C276}
                     ', 'WIN-JKSSMTI1TM6', 'Administrator', 'S-1-5-21-4127652004-385634555-3113667412-500', 'LocalHost 
                     (LRPC 使用)', '利用不可', '利用不可'
Category           : (0)
CategoryNumber     : 0
ReplacementStrings : {アプリケーション固有, ローカル, アクティブ化, {D63B10C5-BB46-4990-A94F-E40B9D520160}...}
Source             : DCOM
TimeGenerated      : 2020/09/04 14:03:27
TimeWritten        : 2020/09/04 14:03:27
UserName           : WIN-JKSSMTI1TM6\Administrator

Index              : 494232
EntryType          : Error
InstanceId         : 10016
Message            : The description for Event ID '10016' in Source 'DCOM' cannot be found.  The local computer may not
                      have the necessary registry information or message DLL files to display the message, or you may n
                     ot have permission to access them.  The following information is part of the event:'アプリケーション固有', '
                     ローカル', 'アクティブ化', '{D63B10C5-BB46-4990-A94F-E40B9D520160}', '{9CA88EE3-ACB7-47C8-AFC4-AB702511C276}
                     ', 'WIN-JKSSMTI1TM6', 'Administrator', 'S-1-5-21-4127652004-385634555-3113667412-500', 'LocalHost 
                     (LRPC 使用)', '利用不可', '利用不可'
Category           : (0)
CategoryNumber     : 0
ReplacementStrings : {アプリケーション固有, ローカル, アクティブ化, {D63B10C5-BB46-4990-A94F-E40B9D520160}...}
Source             : DCOM
TimeGenerated      : 2020/09/04 14:03:27
TimeWritten        : 2020/09/04 14:03:27
UserName           : WIN-JKSSMTI1TM6\Administrator

Index              : 494231
EntryType          : Error
InstanceId         : 10016
Message            : The description for Event ID '10016' in Source 'DCOM' cannot be found.  The local computer may not
                      have the necessary registry information or message DLL files to display the message, or you may n
                     ot have permission to access them.  The following information is part of the event:'アプリケーション固有', '
                     ローカル', 'アクティブ化', '{D63B10C5-BB46-4990-A94F-E40B9D520160}', '{9CA88EE3-ACB7-47C8-AFC4-AB702511C276}
                     ', 'WIN-JKSSMTI1TM6', 'Administrator', 'S-1-5-21-4127652004-385634555-3113667412-500', 'LocalHost 
                     (LRPC 使用)', '利用不可', '利用不可'
Category           : (0)
CategoryNumber     : 0
ReplacementStrings : {アプリケーション固有, ローカル, アクティブ化, {D63B10C5-BB46-4990-A94F-E40B9D520160}...}
Source             : DCOM
TimeGenerated      : 2020/09/04 14:03:27
TimeWritten        : 2020/09/04 14:03:27
UserName           : WIN-JKSSMTI1TM6\Administrator

Index              : 494229
EntryType          : Error
InstanceId         : 3221487623
Message            : デバイス \Device\Harddisk0\DR0 に不良ブロックがあります。
Category           : (0)
CategoryNumber     : 0
ReplacementStrings : {\Device\Harddisk0\DR0}
Source             : Disk
TimeGenerated      : 2020/09/04 14:03:14
TimeWritten        : 2020/09/04 14:03:14
UserName           : 

Index              : 494228
EntryType          : Error
InstanceId         : 3221487623
Message            : デバイス \Device\Harddisk0\DR0 に不良ブロックがあります。
Category           : (0)
CategoryNumber     : 0
ReplacementStrings : {\Device\Harddisk0\DR0}
Source             : Disk
TimeGenerated      : 2020/09/04 14:03:14
TimeWritten        : 2020/09/04 14:03:14
UserName           : 

Index              : 494227
EntryType          : Error
InstanceId         : 3221487623
Message            : デバイス \Device\Harddisk0\DR0 に不良ブロックがあります。
Category           : (0)
CategoryNumber     : 0
ReplacementStrings : {\Device\Harddisk0\DR0}
Source             : Disk
TimeGenerated      : 2020/09/04 14:03:13
TimeWritten        : 2020/09/04 14:03:13
UserName           : 

Index              : 494226
EntryType          : Error
InstanceId         : 3221487623
Message            : デバイス \Device\Harddisk0\DR0 に不良ブロックがあります。
Category           : (0)
CategoryNumber     : 0
ReplacementStrings : {\Device\Harddisk0\DR0}
Source             : Disk
TimeGenerated      : 2020/09/04 14:03:13
TimeWritten        : 2020/09/04 14:03:13
UserName           : 

Index              : 494225
EntryType          : Error
InstanceId         : 3221487623
Message            : デバイス \Device\Harddisk0\DR0 に不良ブロックがあります。
Category           : (0)
CategoryNumber     : 0
ReplacementStrings : {\Device\Harddisk0\DR0}
Source             : Disk
TimeGenerated      : 2020/09/04 14:03:13
TimeWritten        : 2020/09/04 14:03:13
UserName           : 

Index              : 494224
EntryType          : Error
InstanceId         : 3221487623
Message            : デバイス \Device\Harddisk0\DR0 に不良ブロックがあります。
Category           : (0)
CategoryNumber     : 0
ReplacementStrings : {\Device\Harddisk0\DR0}
Source             : Disk
TimeGenerated      : 2020/09/04 14:03:13
TimeWritten        : 2020/09/04 14:03:13
UserName           : 

Index              : 494223
EntryType          : Error
InstanceId         : 3221487623
Message            : デバイス \Device\Harddisk0\DR0 に不良ブロックがあります。
Category           : (0)
CategoryNumber     : 0
ReplacementStrings : {\Device\Harddisk0\DR0}
Source             : Disk
TimeGenerated      : 2020/09/04 14:03:13
TimeWritten        : 2020/09/04 14:03:13
UserName           : 

Index              : 494222
EntryType          : Error
InstanceId         : 3221487623
Message            : デバイス \Device\Harddisk0\DR0 に不良ブロックがあります。
Category           : (0)
CategoryNumber     : 0
ReplacementStrings : {\Device\Harddisk0\DR0}
Source             : Disk
TimeGenerated      : 2020/09/04 14:03:13
TimeWritten        : 2020/09/04 14:03:13
UserName           : 

Index              : 494221
EntryType          : Error
InstanceId         : 3221487623
Message            : デバイス \Device\Harddisk0\DR0 に不良ブロックがあります。
Category           : (0)
CategoryNumber     : 0
ReplacementStrings : {\Device\Harddisk0\DR0}
Source             : Disk
TimeGenerated      : 2020/09/04 14:03:13
TimeWritten        : 2020/09/04 14:03:13
UserName           : 

Index              : 494220
EntryType          : Error
InstanceId         : 10016
Message            : The description for Event ID '10016' in Source 'DCOM' cannot be found.  The local computer may not
                      have the necessary registry information or message DLL files to display the message, or you may n
                     ot have permission to access them.  The following information is part of the event:'アプリケーション固有', '
                     ローカル', 'アクティブ化', '{D63B10C5-BB46-4990-A94F-E40B9D520160}', '{9CA88EE3-ACB7-47C8-AFC4-AB702511C276}
                     ', 'WIN-JKSSMTI1TM6', 'Administrator', 'S-1-5-21-4127652004-385634555-3113667412-500', 'LocalHost 
                     (LRPC 使用)', '利用不可', '利用不可'
Category           : (0)
CategoryNumber     : 0
ReplacementStrings : {アプリケーション固有, ローカル, アクティブ化, {D63B10C5-BB46-4990-A94F-E40B9D520160}...}
Source             : DCOM
TimeGenerated      : 2020/09/04 14:03:10
TimeWritten        : 2020/09/04 14:03:10
UserName           : WIN-JKSSMTI1TM6\Administrator

Index              : 494219
EntryType          : Error
InstanceId         : 10016
Message            : The description for Event ID '10016' in Source 'DCOM' cannot be found.  The local computer may not
                      have the necessary registry information or message DLL files to display the message, or you may n
                     ot have permission to access them.  The following information is part of the event:'アプリケーション固有', '
                     ローカル', 'アクティブ化', '{D63B10C5-BB46-4990-A94F-E40B9D520160}', '{9CA88EE3-ACB7-47C8-AFC4-AB702511C276}
                     ', 'WIN-JKSSMTI1TM6', 'Administrator', 'S-1-5-21-4127652004-385634555-3113667412-500', 'LocalHost 
                     (LRPC 使用)', '利用不可', '利用不可'
Category           : (0)
CategoryNumber     : 0
ReplacementStrings : {アプリケーション固有, ローカル, アクティブ化, {D63B10C5-BB46-4990-A94F-E40B9D520160}...}
Source             : DCOM
TimeGenerated      : 2020/09/04 14:03:10
TimeWritten        : 2020/09/04 14:03:10
UserName           : WIN-JKSSMTI1TM6\Administrator

Index              : 494218
EntryType          : Error
InstanceId         : 10016
Message            : The description for Event ID '10016' in Source 'DCOM' cannot be found.  The local computer may not
                      have the necessary registry information or message DLL files to display the message, or you may n
                     ot have permission to access them.  The following information is part of the event:'アプリケーション固有', '
                     ローカル', 'アクティブ化', '{D63B10C5-BB46-4990-A94F-E40B9D520160}', '{9CA88EE3-ACB7-47C8-AFC4-AB702511C276}
                     ', 'WIN-JKSSMTI1TM6', 'Administrator', 'S-1-5-21-4127652004-385634555-3113667412-500', 'LocalHost 
                     (LRPC 使用)', '利用不可', '利用不可'
Category           : (0)
CategoryNumber     : 0
ReplacementStrings : {アプリケーション固有, ローカル, アクティブ化, {D63B10C5-BB46-4990-A94F-E40B9D520160}...}
Source             : DCOM
TimeGenerated      : 2020/09/04 14:03:10
TimeWritten        : 2020/09/04 14:03:10
UserName           : WIN-JKSSMTI1TM6\Administrator

Index              : 494217
EntryType          : Error
InstanceId         : 10016
Message            : The description for Event ID '10016' in Source 'DCOM' cannot be found.  The local computer may not
                      have the necessary registry information or message DLL files to display the message, or you may n
                     ot have permission to access them.  The following information is part of the event:'アプリケーション固有', '
                     ローカル', 'アクティブ化', '{D63B10C5-BB46-4990-A94F-E40B9D520160}', '{9CA88EE3-ACB7-47C8-AFC4-AB702511C276}
                     ', 'WIN-JKSSMTI1TM6', 'Administrator', 'S-1-5-21-4127652004-385634555-3113667412-500', 'LocalHost 
                     (LRPC 使用)', '利用不可', '利用不可'
Category           : (0)
CategoryNumber     : 0
ReplacementStrings : {アプリケーション固有, ローカル, アクティブ化, {D63B10C5-BB46-4990-A94F-E40B9D520160}...}
Source             : DCOM
TimeGenerated      : 2020/09/04 14:03:09
TimeWritten        : 2020/09/04 14:03:09
UserName           : WIN-JKSSMTI1TM6\Administrator

Index              : 494216
EntryType          : Error
InstanceId         : 10016
Message            : The description for Event ID '10016' in Source 'DCOM' cannot be found.  The local computer may not
                      have the necessary registry information or message DLL files to display the message, or you may n
                     ot have permission to access them.  The following information is part of the event:'アプリケーション固有', '
                     ローカル', 'アクティブ化', '{D63B10C5-BB46-4990-A94F-E40B9D520160}', '{9CA88EE3-ACB7-47C8-AFC4-AB702511C276}
                     ', 'WIN-JKSSMTI1TM6', 'Administrator', 'S-1-5-21-4127652004-385634555-3113667412-500', 'LocalHost 
                     (LRPC 使用)', '利用不可', '利用不可'
Category           : (0)
CategoryNumber     : 0
ReplacementStrings : {アプリケーション固有, ローカル, アクティブ化, {D63B10C5-BB46-4990-A94F-E40B9D520160}...}
Source             : DCOM
TimeGenerated      : 2020/09/04 14:03:09
TimeWritten        : 2020/09/04 14:03:09
UserName           : WIN-JKSSMTI1TM6\Administrator

Index              : 494215
EntryType          : Error
InstanceId         : 10016
Message            : The description for Event ID '10016' in Source 'DCOM' cannot be found.  The local computer may not
                      have the necessary registry information or message DLL files to display the message, or you may n
                     ot have permission to access them.  The following information is part of the event:'アプリケーション固有', '
                     ローカル', 'アクティブ化', '{D63B10C5-BB46-4990-A94F-E40B9D520160}', '{9CA88EE3-ACB7-47C8-AFC4-AB702511C276}
                     ', 'WIN-JKSSMTI1TM6', 'Administrator', 'S-1-5-21-4127652004-385634555-3113667412-500', 'LocalHost 
                     (LRPC 使用)', '利用不可', '利用不可'
Category           : (0)
CategoryNumber     : 0
ReplacementStrings : {アプリケーション固有, ローカル, アクティブ化, {D63B10C5-BB46-4990-A94F-E40B9D520160}...}
Source             : DCOM
TimeGenerated      : 2020/09/04 14:03:07
TimeWritten        : 2020/09/04 14:03:07
UserName           : WIN-JKSSMTI1TM6\Administrator

Index              : 494214
EntryType          : Error
InstanceId         : 10016
Message            : The description for Event ID '10016' in Source 'DCOM' cannot be found.  The local computer may not
                      have the necessary registry information or message DLL files to display the message, or you may n
                     ot have permission to access them.  The following information is part of the event:'アプリケーション固有', '
                     ローカル', 'アクティブ化', '{D63B10C5-BB46-4990-A94F-E40B9D520160}', '{9CA88EE3-ACB7-47C8-AFC4-AB702511C276}
                     ', 'WIN-JKSSMTI1TM6', 'Administrator', 'S-1-5-21-4127652004-385634555-3113667412-500', 'LocalHost 
                     (LRPC 使用)', '利用不可', '利用不可'
Category           : (0)
CategoryNumber     : 0
ReplacementStrings : {アプリケーション固有, ローカル, アクティブ化, {D63B10C5-BB46-4990-A94F-E40B9D520160}...}
Source             : DCOM
TimeGenerated      : 2020/09/04 14:03:06
TimeWritten        : 2020/09/04 14:03:06
UserName           : WIN-JKSSMTI1TM6\Administrator

