

Index              : 483379
EntryType          : Error
InstanceId         : 10016
Message            : ソース 'DCOM' のイベント ID '10016' の説明が見つかりません。必要なレジストリ情報またはメッセージを表示するメッセージ DLL ファイルがローカル コンピューターに存在しない可能
                     性があります。または、これらのデータへのアクセス許可がユーザーに与えられていない可能性があります。次の情報はイベントの一部です:'アプリケーション固有', 'ローカル', 'アクティブ化', '{
                     8D8F4F83-3594-4F07-8369-FC3C3CAE4919}', '{F72671A9-012C-4725-9D2F-2A4D32D65169}', 'NT AUTHORITY', 
                     'SYSTEM', 'S-1-5-18', 'LocalHost (LRPC 使用)', '利用不可', '利用不可'
Category           : (0)
CategoryNumber     : 0
ReplacementStrings : {アプリケーション固有, ローカル, アクティブ化, {8D8F4F83-3594-4F07-8369-FC3C3CAE4919}...}
Source             : DCOM
TimeGenerated      : 2020/08/23 9:43:23
TimeWritten        : 2020/08/23 9:43:23
UserName           : NT AUTHORITY\SYSTEM

Index              : 475966
EntryType          : Error
InstanceId         : 3221232506
Message            : Consul サービスは予期せぬ原因により終了しました。このサービスの強制終了は 1 回目です。
Category           : (0)
CategoryNumber     : 0
ReplacementStrings : {Consul, 1}
Source             : Service Control Manager
TimeGenerated      : 2020/08/14 14:49:23
TimeWritten        : 2020/08/14 14:49:23
UserName           : 

Index              : 475938
EntryType          : Error
InstanceId         : 3221232472
Message            : SQLWriter サービスを、次のエラーが原因で開始できませんでした: 
                     %%1053
Category           : (0)
CategoryNumber     : 0
ReplacementStrings : {SQLWriter, %%1053}
Source             : Service Control Manager
TimeGenerated      : 2020/08/14 14:49:06
TimeWritten        : 2020/08/14 14:49:06
UserName           : 

Index              : 475937
EntryType          : Error
InstanceId         : 3221232481
Message            : SQLWriter サービスの接続を待機中にタイムアウト (30000 ミリ秒) になりました。
Category           : (0)
CategoryNumber     : 0
ReplacementStrings : {30000, SQLWriter}
Source             : Service Control Manager
TimeGenerated      : 2020/08/14 14:49:06
TimeWritten        : 2020/08/14 14:49:06
UserName           : 

Index              : 475792
EntryType          : Error
InstanceId         : 3221232515
Message            : Update Orchestrator Service for Windows Update サービスは、プレシャットダウン コントロールを受け取った後に正しくシャットダウンされませんでした。
Category           : (0)
CategoryNumber     : 0
ReplacementStrings : {Update Orchestrator Service for Windows Update}
Source             : Service Control Manager
TimeGenerated      : 2020/08/14 14:42:49
TimeWritten        : 2020/08/14 14:42:49
UserName           : 

Index              : 475785
EntryType          : Error
InstanceId         : 10016
Message            : ソース 'DCOM' のイベント ID '10016' の説明が見つかりません。必要なレジストリ情報またはメッセージを表示するメッセージ DLL ファイルがローカル コンピューターに存在しない可能
                     性があります。または、これらのデータへのアクセス許可がユーザーに与えられていない可能性があります。次の情報はイベントの一部です:'アプリケーション固有', 'ローカル', 'アクティブ化', '{
                     D63B10C5-BB46-4990-A94F-E40B9D520160}', '{9CA88EE3-ACB7-47C8-AFC4-AB702511C276}', 'NT AUTHORITY', 
                     'SYSTEM', 'S-1-5-18', 'LocalHost (LRPC 使用)', '利用不可', '利用不可'
Category           : (0)
CategoryNumber     : 0
ReplacementStrings : {アプリケーション固有, ローカル, アクティブ化, {D63B10C5-BB46-4990-A94F-E40B9D520160}...}
Source             : DCOM
TimeGenerated      : 2020/08/14 14:41:50
TimeWritten        : 2020/08/14 14:41:50
UserName           : NT AUTHORITY\SYSTEM

Index              : 475647
EntryType          : Error
InstanceId         : 3221232472
Message            : SQL Server VSS Writer サービスを、次のエラーが原因で開始できませんでした: 
                     %%1053
Category           : (0)
CategoryNumber     : 0
ReplacementStrings : {SQL Server VSS Writer, %%1053}
Source             : Service Control Manager
TimeGenerated      : 2020/08/14 11:05:32
TimeWritten        : 2020/08/14 11:05:32
UserName           : 

Index              : 475646
EntryType          : Error
InstanceId         : 3221232481
Message            : SQL Server VSS Writer サービスの接続を待機中にタイムアウト (30000 ミリ秒) になりました。
Category           : (0)
CategoryNumber     : 0
ReplacementStrings : {30000, SQL Server VSS Writer}
Source             : Service Control Manager
TimeGenerated      : 2020/08/14 11:05:32
TimeWritten        : 2020/08/14 11:05:32
UserName           : 

Index              : 475582
EntryType          : Error
InstanceId         : 3221487623
Message            : デバイス \Device\Harddisk0\DR0 に不良ブロックがあります。
Category           : (0)
CategoryNumber     : 0
ReplacementStrings : {\Device\Harddisk0\DR0}
Source             : Disk
TimeGenerated      : 2020/08/14 10:24:44
TimeWritten        : 2020/08/14 10:24:44
UserName           : 

Index              : 475581
EntryType          : Error
InstanceId         : 3221487623
Message            : デバイス \Device\Harddisk0\DR0 に不良ブロックがあります。
Category           : (0)
CategoryNumber     : 0
ReplacementStrings : {\Device\Harddisk0\DR0}
Source             : Disk
TimeGenerated      : 2020/08/14 10:24:44
TimeWritten        : 2020/08/14 10:24:44
UserName           : 

Index              : 475580
EntryType          : Error
InstanceId         : 3221487623
Message            : デバイス \Device\Harddisk0\DR0 に不良ブロックがあります。
Category           : (0)
CategoryNumber     : 0
ReplacementStrings : {\Device\Harddisk0\DR0}
Source             : Disk
TimeGenerated      : 2020/08/14 10:24:44
TimeWritten        : 2020/08/14 10:24:44
UserName           : 

Index              : 475579
EntryType          : Error
InstanceId         : 3221487623
Message            : デバイス \Device\Harddisk0\DR0 に不良ブロックがあります。
Category           : (0)
CategoryNumber     : 0
ReplacementStrings : {\Device\Harddisk0\DR0}
Source             : Disk
TimeGenerated      : 2020/08/14 10:24:44
TimeWritten        : 2020/08/14 10:24:44
UserName           : 

Index              : 475578
EntryType          : Error
InstanceId         : 3221487623
Message            : デバイス \Device\Harddisk0\DR0 に不良ブロックがあります。
Category           : (0)
CategoryNumber     : 0
ReplacementStrings : {\Device\Harddisk0\DR0}
Source             : Disk
TimeGenerated      : 2020/08/14 10:24:44
TimeWritten        : 2020/08/14 10:24:44
UserName           : 

Index              : 475577
EntryType          : Error
InstanceId         : 3221487623
Message            : デバイス \Device\Harddisk0\DR0 に不良ブロックがあります。
Category           : (0)
CategoryNumber     : 0
ReplacementStrings : {\Device\Harddisk0\DR0}
Source             : Disk
TimeGenerated      : 2020/08/14 10:24:44
TimeWritten        : 2020/08/14 10:24:44
UserName           : 

Index              : 475576
EntryType          : Error
InstanceId         : 3221487623
Message            : デバイス \Device\Harddisk0\DR0 に不良ブロックがあります。
Category           : (0)
CategoryNumber     : 0
ReplacementStrings : {\Device\Harddisk0\DR0}
Source             : Disk
TimeGenerated      : 2020/08/14 10:24:44
TimeWritten        : 2020/08/14 10:24:44
UserName           : 

Index              : 475575
EntryType          : Error
InstanceId         : 3221487623
Message            : デバイス \Device\Harddisk0\DR0 に不良ブロックがあります。
Category           : (0)
CategoryNumber     : 0
ReplacementStrings : {\Device\Harddisk0\DR0}
Source             : Disk
TimeGenerated      : 2020/08/14 10:24:44
TimeWritten        : 2020/08/14 10:24:44
UserName           : 

Index              : 475574
EntryType          : Error
InstanceId         : 3221487623
Message            : デバイス \Device\Harddisk0\DR0 に不良ブロックがあります。
Category           : (0)
CategoryNumber     : 0
ReplacementStrings : {\Device\Harddisk0\DR0}
Source             : Disk
TimeGenerated      : 2020/08/14 10:24:44
TimeWritten        : 2020/08/14 10:24:44
UserName           : 

Index              : 475573
EntryType          : Error
InstanceId         : 3221487623
Message            : デバイス \Device\Harddisk0\DR0 に不良ブロックがあります。
Category           : (0)
CategoryNumber     : 0
ReplacementStrings : {\Device\Harddisk0\DR0}
Source             : Disk
TimeGenerated      : 2020/08/14 10:24:44
TimeWritten        : 2020/08/14 10:24:44
UserName           : 

Index              : 475572
EntryType          : Error
InstanceId         : 3221487623
Message            : デバイス \Device\Harddisk0\DR0 に不良ブロックがあります。
Category           : (0)
CategoryNumber     : 0
ReplacementStrings : {\Device\Harddisk0\DR0}
Source             : Disk
TimeGenerated      : 2020/08/14 10:24:44
TimeWritten        : 2020/08/14 10:24:44
UserName           : 

Index              : 475571
EntryType          : Error
InstanceId         : 3221487623
Message            : デバイス \Device\Harddisk0\DR0 に不良ブロックがあります。
Category           : (0)
CategoryNumber     : 0
ReplacementStrings : {\Device\Harddisk0\DR0}
Source             : Disk
TimeGenerated      : 2020/08/14 10:24:44
TimeWritten        : 2020/08/14 10:24:44
UserName           : 

Index              : 475570
EntryType          : Error
InstanceId         : 3221487623
Message            : デバイス \Device\Harddisk0\DR0 に不良ブロックがあります。
Category           : (0)
CategoryNumber     : 0
ReplacementStrings : {\Device\Harddisk0\DR0}
Source             : Disk
TimeGenerated      : 2020/08/14 10:24:44
TimeWritten        : 2020/08/14 10:24:44
UserName           : 

Index              : 475569
EntryType          : Error
InstanceId         : 3221487623
Message            : デバイス \Device\Harddisk0\DR0 に不良ブロックがあります。
Category           : (0)
CategoryNumber     : 0
ReplacementStrings : {\Device\Harddisk0\DR0}
Source             : Disk
TimeGenerated      : 2020/08/14 10:24:44
TimeWritten        : 2020/08/14 10:24:44
UserName           : 

Index              : 475568
EntryType          : Error
InstanceId         : 3221487623
Message            : デバイス \Device\Harddisk0\DR0 に不良ブロックがあります。
Category           : (0)
CategoryNumber     : 0
ReplacementStrings : {\Device\Harddisk0\DR0}
Source             : Disk
TimeGenerated      : 2020/08/14 10:24:43
TimeWritten        : 2020/08/14 10:24:43
UserName           : 

Index              : 475542
EntryType          : Error
InstanceId         : 10016
Message            : ソース 'DCOM' のイベント ID '10016' の説明が見つかりません。必要なレジストリ情報またはメッセージを表示するメッセージ DLL ファイルがローカル コンピューターに存在しない可能
                     性があります。または、これらのデータへのアクセス許可がユーザーに与えられていない可能性があります。次の情報はイベントの一部です:'アプリケーション固有', 'ローカル', 'アクティブ化', '{
                     8D8F4F83-3594-4F07-8369-FC3C3CAE4919}', '{F72671A9-012C-4725-9D2F-2A4D32D65169}', 'NT AUTHORITY', 
                     'SYSTEM', 'S-1-5-18', 'LocalHost (LRPC 使用)', '利用不可', '利用不可'
Category           : (0)
CategoryNumber     : 0
ReplacementStrings : {アプリケーション固有, ローカル, アクティブ化, {8D8F4F83-3594-4F07-8369-FC3C3CAE4919}...}
Source             : DCOM
TimeGenerated      : 2020/08/14 10:21:10
TimeWritten        : 2020/08/14 10:21:10
UserName           : NT AUTHORITY\SYSTEM

Index              : 458943
EntryType          : Error
InstanceId         : 3221232506
Message            : Consul サービスは予期せぬ原因により終了しました。このサービスの強制終了は 1 回目です。
Category           : (0)
CategoryNumber     : 0
ReplacementStrings : {Consul, 1}
Source             : Service Control Manager
TimeGenerated      : 2020/07/25 21:46:40
TimeWritten        : 2020/07/25 21:46:40
UserName           : 

Index              : 458923
EntryType          : Error
InstanceId         : 10016
Message            : ソース 'DCOM' のイベント ID '10016' の説明が見つかりません。必要なレジストリ情報またはメッセージを表示するメッセージ DLL ファイルがローカル コンピューターに存在しない可能
                     性があります。または、これらのデータへのアクセス許可がユーザーに与えられていない可能性があります。次の情報はイベントの一部です:'アプリケーション固有', 'ローカル', 'アクティブ化', '{
                     D63B10C5-BB46-4990-A94F-E40B9D520160}', '{9CA88EE3-ACB7-47C8-AFC4-AB702511C276}', 'NT SERVICE', 'P
                     owerBIReportServer', 'S-1-5-80-1730998386-2757299892-37364343-1607169425-3512908663', 'LocalHost (
                     LRPC 使用)', '利用不可', '利用不可'
Category           : (0)
CategoryNumber     : 0
ReplacementStrings : {アプリケーション固有, ローカル, アクティブ化, {D63B10C5-BB46-4990-A94F-E40B9D520160}...}
Source             : DCOM
TimeGenerated      : 2020/07/25 21:46:23
TimeWritten        : 2020/07/25 21:46:23
UserName           : 

Index              : 458922
EntryType          : Error
InstanceId         : 10016
Message            : ソース 'DCOM' のイベント ID '10016' の説明が見つかりません。必要なレジストリ情報またはメッセージを表示するメッセージ DLL ファイルがローカル コンピューターに存在しない可能
                     性があります。または、これらのデータへのアクセス許可がユーザーに与えられていない可能性があります。次の情報はイベントの一部です:'アプリケーション固有', 'ローカル', 'アクティブ化', '{
                     D63B10C5-BB46-4990-A94F-E40B9D520160}', '{9CA88EE3-ACB7-47C8-AFC4-AB702511C276}', 'NT SERVICE', 'M
                     SSQL$SQLEXPRESS', 'S-1-5-80-3880006512-4290199581-1648723128-3569869737-3631323133', 'LocalHost (L
                     RPC 使用)', '利用不可', '利用不可'
Category           : (0)
CategoryNumber     : 0
ReplacementStrings : {アプリケーション固有, ローカル, アクティブ化, {D63B10C5-BB46-4990-A94F-E40B9D520160}...}
Source             : DCOM
TimeGenerated      : 2020/07/25 21:46:23
TimeWritten        : 2020/07/25 21:46:23
UserName           : 

Index              : 458921
EntryType          : Error
InstanceId         : 10016
Message            : ソース 'DCOM' のイベント ID '10016' の説明が見つかりません。必要なレジストリ情報またはメッセージを表示するメッセージ DLL ファイルがローカル コンピューターに存在しない可能
                     性があります。または、これらのデータへのアクセス許可がユーザーに与えられていない可能性があります。次の情報はイベントの一部です:'アプリケーション固有', 'ローカル', 'アクティブ化', '{
                     D63B10C5-BB46-4990-A94F-E40B9D520160}', '{9CA88EE3-ACB7-47C8-AFC4-AB702511C276}', 'NT SERVICE', 'S
                     QLTELEMETRY$SQLEXPRESS', 'S-1-5-80-1985561900-798682989-2213159822-1904180398-3434236965', 'LocalH
                     ost (LRPC 使用)', '利用不可', '利用不可'
Category           : (0)
CategoryNumber     : 0
ReplacementStrings : {アプリケーション固有, ローカル, アクティブ化, {D63B10C5-BB46-4990-A94F-E40B9D520160}...}
Source             : DCOM
TimeGenerated      : 2020/07/25 21:46:23
TimeWritten        : 2020/07/25 21:46:23
UserName           : 

Index              : 458828
EntryType          : Error
InstanceId         : 2147489656
Message            : 以前のシステム シャットダウン ( ‎2020/‎07/‎25 20:56:54) は予期されていませんでした。
Category           : (0)
CategoryNumber     : 0
ReplacementStrings : {20:56:54, ‎2020/‎07/‎25, , ...}
Source             : EventLog
TimeGenerated      : 2020/07/25 21:46:20
TimeWritten        : 2020/07/25 21:46:20
UserName           : 

Index              : 457547
EntryType          : Error
InstanceId         : 10016
Message            : ソース 'DCOM' のイベント ID '10016' の説明が見つかりません。必要なレジストリ情報またはメッセージを表示するメッセージ DLL ファイルがローカル コンピューターに存在しない可能
                     性があります。または、これらのデータへのアクセス許可がユーザーに与えられていない可能性があります。次の情報はイベントの一部です:'アプリケーション固有', 'ローカル', 'アクティブ化', '{
                     D63B10C5-BB46-4990-A94F-E40B9D520160}', '{9CA88EE3-ACB7-47C8-AFC4-AB702511C276}', 'NT SERVICE', 'M
                     SSQL$SQLEXPRESS', 'S-1-5-80-3880006512-4290199581-1648723128-3569869737-3631323133', 'LocalHost (L
                     RPC 使用)', '利用不可', '利用不可'
Category           : (0)
CategoryNumber     : 0
ReplacementStrings : {アプリケーション固有, ローカル, アクティブ化, {D63B10C5-BB46-4990-A94F-E40B9D520160}...}
Source             : DCOM
TimeGenerated      : 2020/07/24 6:10:13
TimeWritten        : 2020/07/24 6:10:13
UserName           : 

Index              : 457546
EntryType          : Error
InstanceId         : 10016
Message            : ソース 'DCOM' のイベント ID '10016' の説明が見つかりません。必要なレジストリ情報またはメッセージを表示するメッセージ DLL ファイルがローカル コンピューターに存在しない可能
                     性があります。または、これらのデータへのアクセス許可がユーザーに与えられていない可能性があります。次の情報はイベントの一部です:'アプリケーション固有', 'ローカル', 'アクティブ化', '{
                     D63B10C5-BB46-4990-A94F-E40B9D520160}', '{9CA88EE3-ACB7-47C8-AFC4-AB702511C276}', 'NT SERVICE', 'P
                     owerBIReportServer', 'S-1-5-80-1730998386-2757299892-37364343-1607169425-3512908663', 'LocalHost (
                     LRPC 使用)', '利用不可', '利用不可'
Category           : (0)
CategoryNumber     : 0
ReplacementStrings : {アプリケーション固有, ローカル, アクティブ化, {D63B10C5-BB46-4990-A94F-E40B9D520160}...}
Source             : DCOM
TimeGenerated      : 2020/07/24 6:10:13
TimeWritten        : 2020/07/24 6:10:13
UserName           : 

Index              : 457545
EntryType          : Error
InstanceId         : 10016
Message            : ソース 'DCOM' のイベント ID '10016' の説明が見つかりません。必要なレジストリ情報またはメッセージを表示するメッセージ DLL ファイルがローカル コンピューターに存在しない可能
                     性があります。または、これらのデータへのアクセス許可がユーザーに与えられていない可能性があります。次の情報はイベントの一部です:'アプリケーション固有', 'ローカル', 'アクティブ化', '{
                     D63B10C5-BB46-4990-A94F-E40B9D520160}', '{9CA88EE3-ACB7-47C8-AFC4-AB702511C276}', 'NT SERVICE', 'S
                     QLTELEMETRY$SQLEXPRESS', 'S-1-5-80-1985561900-798682989-2213159822-1904180398-3434236965', 'LocalH
                     ost (LRPC 使用)', '利用不可', '利用不可'
Category           : (0)
CategoryNumber     : 0
ReplacementStrings : {アプリケーション固有, ローカル, アクティブ化, {D63B10C5-BB46-4990-A94F-E40B9D520160}...}
Source             : DCOM
TimeGenerated      : 2020/07/24 6:10:13
TimeWritten        : 2020/07/24 6:10:13
UserName           : 

Index              : 457461
EntryType          : Error
InstanceId         : 1073742825
Message            : ソース 'BugCheck' のイベント ID '1073742825' の説明が見つかりません。必要なレジストリ情報またはメッセージを表示するメッセージ DLL ファイルがローカル コンピュータ
                     ーに存在しない可能性があります。または、これらのデータへのアクセス許可がユーザーに与えられていない可能性があります。次の情報はイベントの一部です:'0xc000021a (0xffffb582ba
                     fe5a00, 0xffffffffc0000006, 0x00007ffdbacffb19, 0x000000dd724faa40)', 'C:\Windows\MEMORY.DMP', '89
                     ddcfb0-f3d9-4b0b-8b6b-210ac0755373'
Category           : (0)
CategoryNumber     : 0
ReplacementStrings : {0xc000021a (0xffffb582bafe5a00, 0xffffffffc0000006, 0x00007ffdbacffb19, 0x000000dd724faa40), C:\W
                     indows\MEMORY.DMP, 89ddcfb0-f3d9-4b0b-8b6b-210ac0755373}
Source             : BugCheck
TimeGenerated      : 2020/07/24 6:10:12
TimeWritten        : 2020/07/24 6:10:12
UserName           : 

Index              : 457457
EntryType          : Error
InstanceId         : 2147489656
Message            : 以前のシステム シャットダウン ( ‎2020/‎07/‎24 6:06:58) は予期されていませんでした。
Category           : (0)
CategoryNumber     : 0
ReplacementStrings : {6:06:58, ‎2020/‎07/‎24, , ...}
Source             : EventLog
TimeGenerated      : 2020/07/24 6:10:11
TimeWritten        : 2020/07/24 6:10:11
UserName           : 

Index              : 456097
EntryType          : Error
InstanceId         : 3221487623
Message            : デバイス \Device\Harddisk0\DR0 に不良ブロックがあります。
Category           : (0)
CategoryNumber     : 0
ReplacementStrings : {\Device\Harddisk0\DR0}
Source             : Disk
TimeGenerated      : 2020/07/22 11:45:48
TimeWritten        : 2020/07/22 11:45:48
UserName           : 

Index              : 456096
EntryType          : Error
InstanceId         : 3221487623
Message            : デバイス \Device\Harddisk0\DR0 に不良ブロックがあります。
Category           : (0)
CategoryNumber     : 0
ReplacementStrings : {\Device\Harddisk0\DR0}
Source             : Disk
TimeGenerated      : 2020/07/22 11:45:48
TimeWritten        : 2020/07/22 11:45:48
UserName           : 

Index              : 456095
EntryType          : Error
InstanceId         : 3221487623
Message            : デバイス \Device\Harddisk0\DR0 に不良ブロックがあります。
Category           : (0)
CategoryNumber     : 0
ReplacementStrings : {\Device\Harddisk0\DR0}
Source             : Disk
TimeGenerated      : 2020/07/22 11:45:48
TimeWritten        : 2020/07/22 11:45:48
UserName           : 

Index              : 456094
EntryType          : Error
InstanceId         : 3221487623
Message            : デバイス \Device\Harddisk0\DR0 に不良ブロックがあります。
Category           : (0)
CategoryNumber     : 0
ReplacementStrings : {\Device\Harddisk0\DR0}
Source             : Disk
TimeGenerated      : 2020/07/22 11:45:48
TimeWritten        : 2020/07/22 11:45:48
UserName           : 

Index              : 456093
EntryType          : Error
InstanceId         : 3221487623
Message            : デバイス \Device\Harddisk0\DR0 に不良ブロックがあります。
Category           : (0)
CategoryNumber     : 0
ReplacementStrings : {\Device\Harddisk0\DR0}
Source             : Disk
TimeGenerated      : 2020/07/22 11:45:48
TimeWritten        : 2020/07/22 11:45:48
UserName           : 

Index              : 456092
EntryType          : Error
InstanceId         : 3221487623
Message            : デバイス \Device\Harddisk0\DR0 に不良ブロックがあります。
Category           : (0)
CategoryNumber     : 0
ReplacementStrings : {\Device\Harddisk0\DR0}
Source             : Disk
TimeGenerated      : 2020/07/22 11:45:48
TimeWritten        : 2020/07/22 11:45:48
UserName           : 

Index              : 456091
EntryType          : Error
InstanceId         : 3221487623
Message            : デバイス \Device\Harddisk0\DR0 に不良ブロックがあります。
Category           : (0)
CategoryNumber     : 0
ReplacementStrings : {\Device\Harddisk0\DR0}
Source             : Disk
TimeGenerated      : 2020/07/22 11:45:48
TimeWritten        : 2020/07/22 11:45:48
UserName           : 

Index              : 456090
EntryType          : Error
InstanceId         : 10016
Message            : ソース 'DCOM' のイベント ID '10016' の説明が見つかりません。必要なレジストリ情報またはメッセージを表示するメッセージ DLL ファイルがローカル コンピューターに存在しない可能
                     性があります。または、これらのデータへのアクセス許可がユーザーに与えられていない可能性があります。次の情報はイベントの一部です:'アプリケーション固有', 'ローカル', 'アクティブ化', '{
                     D63B10C5-BB46-4990-A94F-E40B9D520160}', '{9CA88EE3-ACB7-47C8-AFC4-AB702511C276}', 'WIN-JKSSMTI1TM6
                     ', 'Administrator', 'S-1-5-21-4127652004-385634555-3113667412-500', 'LocalHost (LRPC 使用)', '利用不可',
                      '利用不可'
Category           : (0)
CategoryNumber     : 0
ReplacementStrings : {アプリケーション固有, ローカル, アクティブ化, {D63B10C5-BB46-4990-A94F-E40B9D520160}...}
Source             : DCOM
TimeGenerated      : 2020/07/22 11:45:39
TimeWritten        : 2020/07/22 11:45:39
UserName           : WIN-JKSSMTI1TM6\Administrator

Index              : 456089
EntryType          : Error
InstanceId         : 10016
Message            : ソース 'DCOM' のイベント ID '10016' の説明が見つかりません。必要なレジストリ情報またはメッセージを表示するメッセージ DLL ファイルがローカル コンピューターに存在しない可能
                     性があります。または、これらのデータへのアクセス許可がユーザーに与えられていない可能性があります。次の情報はイベントの一部です:'アプリケーション固有', 'ローカル', 'アクティブ化', '{
                     D63B10C5-BB46-4990-A94F-E40B9D520160}', '{9CA88EE3-ACB7-47C8-AFC4-AB702511C276}', 'WIN-JKSSMTI1TM6
                     ', 'Administrator', 'S-1-5-21-4127652004-385634555-3113667412-500', 'LocalHost (LRPC 使用)', '利用不可',
                      '利用不可'
Category           : (0)
CategoryNumber     : 0
ReplacementStrings : {アプリケーション固有, ローカル, アクティブ化, {D63B10C5-BB46-4990-A94F-E40B9D520160}...}
Source             : DCOM
TimeGenerated      : 2020/07/22 11:45:39
TimeWritten        : 2020/07/22 11:45:39
UserName           : WIN-JKSSMTI1TM6\Administrator

Index              : 456088
EntryType          : Error
InstanceId         : 10016
Message            : ソース 'DCOM' のイベント ID '10016' の説明が見つかりません。必要なレジストリ情報またはメッセージを表示するメッセージ DLL ファイルがローカル コンピューターに存在しない可能
                     性があります。または、これらのデータへのアクセス許可がユーザーに与えられていない可能性があります。次の情報はイベントの一部です:'アプリケーション固有', 'ローカル', 'アクティブ化', '{
                     D63B10C5-BB46-4990-A94F-E40B9D520160}', '{9CA88EE3-ACB7-47C8-AFC4-AB702511C276}', 'WIN-JKSSMTI1TM6
                     ', 'Administrator', 'S-1-5-21-4127652004-385634555-3113667412-500', 'LocalHost (LRPC 使用)', '利用不可',
                      '利用不可'
Category           : (0)
CategoryNumber     : 0
ReplacementStrings : {アプリケーション固有, ローカル, アクティブ化, {D63B10C5-BB46-4990-A94F-E40B9D520160}...}
Source             : DCOM
TimeGenerated      : 2020/07/22 11:45:39
TimeWritten        : 2020/07/22 11:45:39
UserName           : WIN-JKSSMTI1TM6\Administrator

Index              : 456087
EntryType          : Error
InstanceId         : 10016
Message            : ソース 'DCOM' のイベント ID '10016' の説明が見つかりません。必要なレジストリ情報またはメッセージを表示するメッセージ DLL ファイルがローカル コンピューターに存在しない可能
                     性があります。または、これらのデータへのアクセス許可がユーザーに与えられていない可能性があります。次の情報はイベントの一部です:'アプリケーション固有', 'ローカル', 'アクティブ化', '{
                     D63B10C5-BB46-4990-A94F-E40B9D520160}', '{9CA88EE3-ACB7-47C8-AFC4-AB702511C276}', 'WIN-JKSSMTI1TM6
                     ', 'Administrator', 'S-1-5-21-4127652004-385634555-3113667412-500', 'LocalHost (LRPC 使用)', '利用不可',
                      '利用不可'
Category           : (0)
CategoryNumber     : 0
ReplacementStrings : {アプリケーション固有, ローカル, アクティブ化, {D63B10C5-BB46-4990-A94F-E40B9D520160}...}
Source             : DCOM
TimeGenerated      : 2020/07/22 11:45:36
TimeWritten        : 2020/07/22 11:45:36
UserName           : WIN-JKSSMTI1TM6\Administrator

Index              : 456086
EntryType          : Error
InstanceId         : 10016
Message            : ソース 'DCOM' のイベント ID '10016' の説明が見つかりません。必要なレジストリ情報またはメッセージを表示するメッセージ DLL ファイルがローカル コンピューターに存在しない可能
                     性があります。または、これらのデータへのアクセス許可がユーザーに与えられていない可能性があります。次の情報はイベントの一部です:'アプリケーション固有', 'ローカル', 'アクティブ化', '{
                     D63B10C5-BB46-4990-A94F-E40B9D520160}', '{9CA88EE3-ACB7-47C8-AFC4-AB702511C276}', 'WIN-JKSSMTI1TM6
                     ', 'Administrator', 'S-1-5-21-4127652004-385634555-3113667412-500', 'LocalHost (LRPC 使用)', '利用不可',
                      '利用不可'
Category           : (0)
CategoryNumber     : 0
ReplacementStrings : {アプリケーション固有, ローカル, アクティブ化, {D63B10C5-BB46-4990-A94F-E40B9D520160}...}
Source             : DCOM
TimeGenerated      : 2020/07/22 11:45:36
TimeWritten        : 2020/07/22 11:45:36
UserName           : WIN-JKSSMTI1TM6\Administrator

Index              : 456085
EntryType          : Error
InstanceId         : 10016
Message            : ソース 'DCOM' のイベント ID '10016' の説明が見つかりません。必要なレジストリ情報またはメッセージを表示するメッセージ DLL ファイルがローカル コンピューターに存在しない可能
                     性があります。または、これらのデータへのアクセス許可がユーザーに与えられていない可能性があります。次の情報はイベントの一部です:'アプリケーション固有', 'ローカル', 'アクティブ化', '{
                     D63B10C5-BB46-4990-A94F-E40B9D520160}', '{9CA88EE3-ACB7-47C8-AFC4-AB702511C276}', 'WIN-JKSSMTI1TM6
                     ', 'Administrator', 'S-1-5-21-4127652004-385634555-3113667412-500', 'LocalHost (LRPC 使用)', '利用不可',
                      '利用不可'
Category           : (0)
CategoryNumber     : 0
ReplacementStrings : {アプリケーション固有, ローカル, アクティブ化, {D63B10C5-BB46-4990-A94F-E40B9D520160}...}
Source             : DCOM
TimeGenerated      : 2020/07/22 11:45:36
TimeWritten        : 2020/07/22 11:45:36
UserName           : WIN-JKSSMTI1TM6\Administrator

Index              : 456084
EntryType          : Error
InstanceId         : 10016
Message            : ソース 'DCOM' のイベント ID '10016' の説明が見つかりません。必要なレジストリ情報またはメッセージを表示するメッセージ DLL ファイルがローカル コンピューターに存在しない可能
                     性があります。または、これらのデータへのアクセス許可がユーザーに与えられていない可能性があります。次の情報はイベントの一部です:'アプリケーション固有', 'ローカル', 'アクティブ化', '{
                     D63B10C5-BB46-4990-A94F-E40B9D520160}', '{9CA88EE3-ACB7-47C8-AFC4-AB702511C276}', 'WIN-JKSSMTI1TM6
                     ', 'Administrator', 'S-1-5-21-4127652004-385634555-3113667412-500', 'LocalHost (LRPC 使用)', '利用不可',
                      '利用不可'
Category           : (0)
CategoryNumber     : 0
ReplacementStrings : {アプリケーション固有, ローカル, アクティブ化, {D63B10C5-BB46-4990-A94F-E40B9D520160}...}
Source             : DCOM
TimeGenerated      : 2020/07/22 11:45:35
TimeWritten        : 2020/07/22 11:45:35
UserName           : WIN-JKSSMTI1TM6\Administrator

Index              : 456070
EntryType          : Error
InstanceId         : 3221487623
Message            : デバイス \Device\Harddisk0\DR0 に不良ブロックがあります。
Category           : (0)
CategoryNumber     : 0
ReplacementStrings : {\Device\Harddisk0\DR0}
Source             : Disk
TimeGenerated      : 2020/07/22 11:22:14
TimeWritten        : 2020/07/22 11:22:14
UserName           : 

Index              : 456069
EntryType          : Error
InstanceId         : 3221487623
Message            : デバイス \Device\Harddisk0\DR0 に不良ブロックがあります。
Category           : (0)
CategoryNumber     : 0
ReplacementStrings : {\Device\Harddisk0\DR0}
Source             : Disk
TimeGenerated      : 2020/07/22 11:22:14
TimeWritten        : 2020/07/22 11:22:14
UserName           : 

Index              : 456068
EntryType          : Error
InstanceId         : 3221487623
Message            : デバイス \Device\Harddisk0\DR0 に不良ブロックがあります。
Category           : (0)
CategoryNumber     : 0
ReplacementStrings : {\Device\Harddisk0\DR0}
Source             : Disk
TimeGenerated      : 2020/07/22 11:22:14
TimeWritten        : 2020/07/22 11:22:14
UserName           : 

Index              : 456067
EntryType          : Error
InstanceId         : 3221487623
Message            : デバイス \Device\Harddisk0\DR0 に不良ブロックがあります。
Category           : (0)
CategoryNumber     : 0
ReplacementStrings : {\Device\Harddisk0\DR0}
Source             : Disk
TimeGenerated      : 2020/07/22 11:22:14
TimeWritten        : 2020/07/22 11:22:14
UserName           : 

Index              : 456066
EntryType          : Error
InstanceId         : 3221487623
Message            : デバイス \Device\Harddisk0\DR0 に不良ブロックがあります。
Category           : (0)
CategoryNumber     : 0
ReplacementStrings : {\Device\Harddisk0\DR0}
Source             : Disk
TimeGenerated      : 2020/07/22 11:22:14
TimeWritten        : 2020/07/22 11:22:14
UserName           : 

Index              : 456065
EntryType          : Error
InstanceId         : 3221487623
Message            : デバイス \Device\Harddisk0\DR0 に不良ブロックがあります。
Category           : (0)
CategoryNumber     : 0
ReplacementStrings : {\Device\Harddisk0\DR0}
Source             : Disk
TimeGenerated      : 2020/07/22 11:22:14
TimeWritten        : 2020/07/22 11:22:14
UserName           : 

Index              : 456064
EntryType          : Error
InstanceId         : 3221487623
Message            : デバイス \Device\Harddisk0\DR0 に不良ブロックがあります。
Category           : (0)
CategoryNumber     : 0
ReplacementStrings : {\Device\Harddisk0\DR0}
Source             : Disk
TimeGenerated      : 2020/07/22 11:22:14
TimeWritten        : 2020/07/22 11:22:14
UserName           : 

Index              : 456063
EntryType          : Error
InstanceId         : 3221487623
Message            : デバイス \Device\Harddisk0\DR0 に不良ブロックがあります。
Category           : (0)
CategoryNumber     : 0
ReplacementStrings : {\Device\Harddisk0\DR0}
Source             : Disk
TimeGenerated      : 2020/07/22 11:22:13
TimeWritten        : 2020/07/22 11:22:13
UserName           : 

Index              : 456062
EntryType          : Error
InstanceId         : 3221487623
Message            : デバイス \Device\Harddisk0\DR0 に不良ブロックがあります。
Category           : (0)
CategoryNumber     : 0
ReplacementStrings : {\Device\Harddisk0\DR0}
Source             : Disk
TimeGenerated      : 2020/07/22 11:22:13
TimeWritten        : 2020/07/22 11:22:13
UserName           : 

Index              : 456061
EntryType          : Error
InstanceId         : 10016
Message            : ソース 'DCOM' のイベント ID '10016' の説明が見つかりません。必要なレジストリ情報またはメッセージを表示するメッセージ DLL ファイルがローカル コンピューターに存在しない可能
                     性があります。または、これらのデータへのアクセス許可がユーザーに与えられていない可能性があります。次の情報はイベントの一部です:'アプリケーション固有', 'ローカル', 'アクティブ化', '{
                     D63B10C5-BB46-4990-A94F-E40B9D520160}', '{9CA88EE3-ACB7-47C8-AFC4-AB702511C276}', 'WIN-JKSSMTI1TM6
                     ', 'Administrator', 'S-1-5-21-4127652004-385634555-3113667412-500', 'LocalHost (LRPC 使用)', '利用不可',
                      '利用不可'
Category           : (0)
CategoryNumber     : 0
ReplacementStrings : {アプリケーション固有, ローカル, アクティブ化, {D63B10C5-BB46-4990-A94F-E40B9D520160}...}
Source             : DCOM
TimeGenerated      : 2020/07/22 11:22:06
TimeWritten        : 2020/07/22 11:22:06
UserName           : WIN-JKSSMTI1TM6\Administrator

Index              : 456060
EntryType          : Error
InstanceId         : 10016
Message            : ソース 'DCOM' のイベント ID '10016' の説明が見つかりません。必要なレジストリ情報またはメッセージを表示するメッセージ DLL ファイルがローカル コンピューターに存在しない可能
                     性があります。または、これらのデータへのアクセス許可がユーザーに与えられていない可能性があります。次の情報はイベントの一部です:'アプリケーション固有', 'ローカル', 'アクティブ化', '{
                     D63B10C5-BB46-4990-A94F-E40B9D520160}', '{9CA88EE3-ACB7-47C8-AFC4-AB702511C276}', 'WIN-JKSSMTI1TM6
                     ', 'Administrator', 'S-1-5-21-4127652004-385634555-3113667412-500', 'LocalHost (LRPC 使用)', '利用不可',
                      '利用不可'
Category           : (0)
CategoryNumber     : 0
ReplacementStrings : {アプリケーション固有, ローカル, アクティブ化, {D63B10C5-BB46-4990-A94F-E40B9D520160}...}
Source             : DCOM
TimeGenerated      : 2020/07/22 11:22:06
TimeWritten        : 2020/07/22 11:22:06
UserName           : WIN-JKSSMTI1TM6\Administrator

Index              : 456059
EntryType          : Error
InstanceId         : 10016
Message            : ソース 'DCOM' のイベント ID '10016' の説明が見つかりません。必要なレジストリ情報またはメッセージを表示するメッセージ DLL ファイルがローカル コンピューターに存在しない可能
                     性があります。または、これらのデータへのアクセス許可がユーザーに与えられていない可能性があります。次の情報はイベントの一部です:'アプリケーション固有', 'ローカル', 'アクティブ化', '{
                     D63B10C5-BB46-4990-A94F-E40B9D520160}', '{9CA88EE3-ACB7-47C8-AFC4-AB702511C276}', 'WIN-JKSSMTI1TM6
                     ', 'Administrator', 'S-1-5-21-4127652004-385634555-3113667412-500', 'LocalHost (LRPC 使用)', '利用不可',
                      '利用不可'
Category           : (0)
CategoryNumber     : 0
ReplacementStrings : {アプリケーション固有, ローカル, アクティブ化, {D63B10C5-BB46-4990-A94F-E40B9D520160}...}
Source             : DCOM
TimeGenerated      : 2020/07/22 11:22:05
TimeWritten        : 2020/07/22 11:22:05
UserName           : WIN-JKSSMTI1TM6\Administrator

Index              : 456058
EntryType          : Error
InstanceId         : 10016
Message            : ソース 'DCOM' のイベント ID '10016' の説明が見つかりません。必要なレジストリ情報またはメッセージを表示するメッセージ DLL ファイルがローカル コンピューターに存在しない可能
                     性があります。または、これらのデータへのアクセス許可がユーザーに与えられていない可能性があります。次の情報はイベントの一部です:'アプリケーション固有', 'ローカル', 'アクティブ化', '{
                     D63B10C5-BB46-4990-A94F-E40B9D520160}', '{9CA88EE3-ACB7-47C8-AFC4-AB702511C276}', 'WIN-JKSSMTI1TM6
                     ', 'Administrator', 'S-1-5-21-4127652004-385634555-3113667412-500', 'LocalHost (LRPC 使用)', '利用不可',
                      '利用不可'
Category           : (0)
CategoryNumber     : 0
ReplacementStrings : {アプリケーション固有, ローカル, アクティブ化, {D63B10C5-BB46-4990-A94F-E40B9D520160}...}
Source             : DCOM
TimeGenerated      : 2020/07/22 11:22:03
TimeWritten        : 2020/07/22 11:22:03
UserName           : WIN-JKSSMTI1TM6\Administrator

Index              : 456057
EntryType          : Error
InstanceId         : 10016
Message            : ソース 'DCOM' のイベント ID '10016' の説明が見つかりません。必要なレジストリ情報またはメッセージを表示するメッセージ DLL ファイルがローカル コンピューターに存在しない可能
                     性があります。または、これらのデータへのアクセス許可がユーザーに与えられていない可能性があります。次の情報はイベントの一部です:'アプリケーション固有', 'ローカル', 'アクティブ化', '{
                     D63B10C5-BB46-4990-A94F-E40B9D520160}', '{9CA88EE3-ACB7-47C8-AFC4-AB702511C276}', 'WIN-JKSSMTI1TM6
                     ', 'Administrator', 'S-1-5-21-4127652004-385634555-3113667412-500', 'LocalHost (LRPC 使用)', '利用不可',
                      '利用不可'
Category           : (0)
CategoryNumber     : 0
ReplacementStrings : {アプリケーション固有, ローカル, アクティブ化, {D63B10C5-BB46-4990-A94F-E40B9D520160}...}
Source             : DCOM
TimeGenerated      : 2020/07/22 11:22:02
TimeWritten        : 2020/07/22 11:22:02
UserName           : WIN-JKSSMTI1TM6\Administrator

Index              : 456056
EntryType          : Error
InstanceId         : 10016
Message            : ソース 'DCOM' のイベント ID '10016' の説明が見つかりません。必要なレジストリ情報またはメッセージを表示するメッセージ DLL ファイルがローカル コンピューターに存在しない可能
                     性があります。または、これらのデータへのアクセス許可がユーザーに与えられていない可能性があります。次の情報はイベントの一部です:'アプリケーション固有', 'ローカル', 'アクティブ化', '{
                     D63B10C5-BB46-4990-A94F-E40B9D520160}', '{9CA88EE3-ACB7-47C8-AFC4-AB702511C276}', 'WIN-JKSSMTI1TM6
                     ', 'Administrator', 'S-1-5-21-4127652004-385634555-3113667412-500', 'LocalHost (LRPC 使用)', '利用不可',
                      '利用不可'
Category           : (0)
CategoryNumber     : 0
ReplacementStrings : {アプリケーション固有, ローカル, アクティブ化, {D63B10C5-BB46-4990-A94F-E40B9D520160}...}
Source             : DCOM
TimeGenerated      : 2020/07/22 11:22:02
TimeWritten        : 2020/07/22 11:22:02
UserName           : WIN-JKSSMTI1TM6\Administrator

Index              : 456055
EntryType          : Error
InstanceId         : 10016
Message            : ソース 'DCOM' のイベント ID '10016' の説明が見つかりません。必要なレジストリ情報またはメッセージを表示するメッセージ DLL ファイルがローカル コンピューターに存在しない可能
                     性があります。または、これらのデータへのアクセス許可がユーザーに与えられていない可能性があります。次の情報はイベントの一部です:'アプリケーション固有', 'ローカル', 'アクティブ化', '{
                     D63B10C5-BB46-4990-A94F-E40B9D520160}', '{9CA88EE3-ACB7-47C8-AFC4-AB702511C276}', 'WIN-JKSSMTI1TM6
                     ', 'Administrator', 'S-1-5-21-4127652004-385634555-3113667412-500', 'LocalHost (LRPC 使用)', '利用不可',
                      '利用不可'
Category           : (0)
CategoryNumber     : 0
ReplacementStrings : {アプリケーション固有, ローカル, アクティブ化, {D63B10C5-BB46-4990-A94F-E40B9D520160}...}
Source             : DCOM
TimeGenerated      : 2020/07/22 11:22:02
TimeWritten        : 2020/07/22 11:22:02
UserName           : WIN-JKSSMTI1TM6\Administrator

Index              : 456032
EntryType          : Error
InstanceId         : 3221487623
Message            : デバイス \Device\Harddisk0\DR0 に不良ブロックがあります。
Category           : (0)
CategoryNumber     : 0
ReplacementStrings : {\Device\Harddisk0\DR0}
Source             : Disk
TimeGenerated      : 2020/07/22 10:37:57
TimeWritten        : 2020/07/22 10:37:57
UserName           : 

Index              : 456031
EntryType          : Error
InstanceId         : 3221487623
Message            : デバイス \Device\Harddisk0\DR0 に不良ブロックがあります。
Category           : (0)
CategoryNumber     : 0
ReplacementStrings : {\Device\Harddisk0\DR0}
Source             : Disk
TimeGenerated      : 2020/07/22 10:37:57
TimeWritten        : 2020/07/22 10:37:57
UserName           : 

Index              : 456030
EntryType          : Error
InstanceId         : 3221487623
Message            : デバイス \Device\Harddisk0\DR0 に不良ブロックがあります。
Category           : (0)
CategoryNumber     : 0
ReplacementStrings : {\Device\Harddisk0\DR0}
Source             : Disk
TimeGenerated      : 2020/07/22 10:37:57
TimeWritten        : 2020/07/22 10:37:57
UserName           : 

Index              : 456029
EntryType          : Error
InstanceId         : 3221487623
Message            : デバイス \Device\Harddisk0\DR0 に不良ブロックがあります。
Category           : (0)
CategoryNumber     : 0
ReplacementStrings : {\Device\Harddisk0\DR0}
Source             : Disk
TimeGenerated      : 2020/07/22 10:37:57
TimeWritten        : 2020/07/22 10:37:57
UserName           : 

Index              : 456028
EntryType          : Error
InstanceId         : 3221487623
Message            : デバイス \Device\Harddisk0\DR0 に不良ブロックがあります。
Category           : (0)
CategoryNumber     : 0
ReplacementStrings : {\Device\Harddisk0\DR0}
Source             : Disk
TimeGenerated      : 2020/07/22 10:37:57
TimeWritten        : 2020/07/22 10:37:57
UserName           : 

Index              : 456027
EntryType          : Error
InstanceId         : 3221487623
Message            : デバイス \Device\Harddisk0\DR0 に不良ブロックがあります。
Category           : (0)
CategoryNumber     : 0
ReplacementStrings : {\Device\Harddisk0\DR0}
Source             : Disk
TimeGenerated      : 2020/07/22 10:37:57
TimeWritten        : 2020/07/22 10:37:57
UserName           : 

Index              : 456026
EntryType          : Error
InstanceId         : 3221487623
Message            : デバイス \Device\Harddisk0\DR0 に不良ブロックがあります。
Category           : (0)
CategoryNumber     : 0
ReplacementStrings : {\Device\Harddisk0\DR0}
Source             : Disk
TimeGenerated      : 2020/07/22 10:37:57
TimeWritten        : 2020/07/22 10:37:57
UserName           : 

Index              : 456025
EntryType          : Error
InstanceId         : 3221487623
Message            : デバイス \Device\Harddisk0\DR0 に不良ブロックがあります。
Category           : (0)
CategoryNumber     : 0
ReplacementStrings : {\Device\Harddisk0\DR0}
Source             : Disk
TimeGenerated      : 2020/07/22 10:37:56
TimeWritten        : 2020/07/22 10:37:56
UserName           : 

Index              : 456024
EntryType          : Error
InstanceId         : 3221487623
Message            : デバイス \Device\Harddisk0\DR0 に不良ブロックがあります。
Category           : (0)
CategoryNumber     : 0
ReplacementStrings : {\Device\Harddisk0\DR0}
Source             : Disk
TimeGenerated      : 2020/07/22 10:37:56
TimeWritten        : 2020/07/22 10:37:56
UserName           : 

Index              : 456022
EntryType          : Error
InstanceId         : 10016
Message            : ソース 'DCOM' のイベント ID '10016' の説明が見つかりません。必要なレジストリ情報またはメッセージを表示するメッセージ DLL ファイルがローカル コンピューターに存在しない可能
                     性があります。または、これらのデータへのアクセス許可がユーザーに与えられていない可能性があります。次の情報はイベントの一部です:'アプリケーション固有', 'ローカル', 'アクティブ化', '{
                     D63B10C5-BB46-4990-A94F-E40B9D520160}', '{9CA88EE3-ACB7-47C8-AFC4-AB702511C276}', 'WIN-JKSSMTI1TM6
                     ', 'Administrator', 'S-1-5-21-4127652004-385634555-3113667412-500', 'LocalHost (LRPC 使用)', '利用不可',
                      '利用不可'
Category           : (0)
CategoryNumber     : 0
ReplacementStrings : {アプリケーション固有, ローカル, アクティブ化, {D63B10C5-BB46-4990-A94F-E40B9D520160}...}
Source             : DCOM
TimeGenerated      : 2020/07/22 10:37:49
TimeWritten        : 2020/07/22 10:37:49
UserName           : WIN-JKSSMTI1TM6\Administrator

Index              : 456021
EntryType          : Error
InstanceId         : 10016
Message            : ソース 'DCOM' のイベント ID '10016' の説明が見つかりません。必要なレジストリ情報またはメッセージを表示するメッセージ DLL ファイルがローカル コンピューターに存在しない可能
                     性があります。または、これらのデータへのアクセス許可がユーザーに与えられていない可能性があります。次の情報はイベントの一部です:'アプリケーション固有', 'ローカル', 'アクティブ化', '{
                     D63B10C5-BB46-4990-A94F-E40B9D520160}', '{9CA88EE3-ACB7-47C8-AFC4-AB702511C276}', 'WIN-JKSSMTI1TM6
                     ', 'Administrator', 'S-1-5-21-4127652004-385634555-3113667412-500', 'LocalHost (LRPC 使用)', '利用不可',
                      '利用不可'
Category           : (0)
CategoryNumber     : 0
ReplacementStrings : {アプリケーション固有, ローカル, アクティブ化, {D63B10C5-BB46-4990-A94F-E40B9D520160}...}
Source             : DCOM
TimeGenerated      : 2020/07/22 10:37:49
TimeWritten        : 2020/07/22 10:37:49
UserName           : WIN-JKSSMTI1TM6\Administrator

Index              : 456020
EntryType          : Error
InstanceId         : 10016
Message            : ソース 'DCOM' のイベント ID '10016' の説明が見つかりません。必要なレジストリ情報またはメッセージを表示するメッセージ DLL ファイルがローカル コンピューターに存在しない可能
                     性があります。または、これらのデータへのアクセス許可がユーザーに与えられていない可能性があります。次の情報はイベントの一部です:'アプリケーション固有', 'ローカル', 'アクティブ化', '{
                     D63B10C5-BB46-4990-A94F-E40B9D520160}', '{9CA88EE3-ACB7-47C8-AFC4-AB702511C276}', 'WIN-JKSSMTI1TM6
                     ', 'Administrator', 'S-1-5-21-4127652004-385634555-3113667412-500', 'LocalHost (LRPC 使用)', '利用不可',
                      '利用不可'
Category           : (0)
CategoryNumber     : 0
ReplacementStrings : {アプリケーション固有, ローカル, アクティブ化, {D63B10C5-BB46-4990-A94F-E40B9D520160}...}
Source             : DCOM
TimeGenerated      : 2020/07/22 10:37:48
TimeWritten        : 2020/07/22 10:37:48
UserName           : WIN-JKSSMTI1TM6\Administrator

Index              : 456019
EntryType          : Error
InstanceId         : 10016
Message            : ソース 'DCOM' のイベント ID '10016' の説明が見つかりません。必要なレジストリ情報またはメッセージを表示するメッセージ DLL ファイルがローカル コンピューターに存在しない可能
                     性があります。または、これらのデータへのアクセス許可がユーザーに与えられていない可能性があります。次の情報はイベントの一部です:'アプリケーション固有', 'ローカル', 'アクティブ化', '{
                     D63B10C5-BB46-4990-A94F-E40B9D520160}', '{9CA88EE3-ACB7-47C8-AFC4-AB702511C276}', 'WIN-JKSSMTI1TM6
                     ', 'Administrator', 'S-1-5-21-4127652004-385634555-3113667412-500', 'LocalHost (LRPC 使用)', '利用不可',
                      '利用不可'
Category           : (0)
CategoryNumber     : 0
ReplacementStrings : {アプリケーション固有, ローカル, アクティブ化, {D63B10C5-BB46-4990-A94F-E40B9D520160}...}
Source             : DCOM
TimeGenerated      : 2020/07/22 10:37:46
TimeWritten        : 2020/07/22 10:37:46
UserName           : WIN-JKSSMTI1TM6\Administrator

Index              : 456018
EntryType          : Error
InstanceId         : 10016
Message            : ソース 'DCOM' のイベント ID '10016' の説明が見つかりません。必要なレジストリ情報またはメッセージを表示するメッセージ DLL ファイルがローカル コンピューターに存在しない可能
                     性があります。または、これらのデータへのアクセス許可がユーザーに与えられていない可能性があります。次の情報はイベントの一部です:'アプリケーション固有', 'ローカル', 'アクティブ化', '{
                     D63B10C5-BB46-4990-A94F-E40B9D520160}', '{9CA88EE3-ACB7-47C8-AFC4-AB702511C276}', 'WIN-JKSSMTI1TM6
                     ', 'Administrator', 'S-1-5-21-4127652004-385634555-3113667412-500', 'LocalHost (LRPC 使用)', '利用不可',
                      '利用不可'
Category           : (0)
CategoryNumber     : 0
ReplacementStrings : {アプリケーション固有, ローカル, アクティブ化, {D63B10C5-BB46-4990-A94F-E40B9D520160}...}
Source             : DCOM
TimeGenerated      : 2020/07/22 10:37:46
TimeWritten        : 2020/07/22 10:37:46
UserName           : WIN-JKSSMTI1TM6\Administrator

Index              : 456017
EntryType          : Error
InstanceId         : 10016
Message            : ソース 'DCOM' のイベント ID '10016' の説明が見つかりません。必要なレジストリ情報またはメッセージを表示するメッセージ DLL ファイルがローカル コンピューターに存在しない可能
                     性があります。または、これらのデータへのアクセス許可がユーザーに与えられていない可能性があります。次の情報はイベントの一部です:'アプリケーション固有', 'ローカル', 'アクティブ化', '{
                     D63B10C5-BB46-4990-A94F-E40B9D520160}', '{9CA88EE3-ACB7-47C8-AFC4-AB702511C276}', 'WIN-JKSSMTI1TM6
                     ', 'Administrator', 'S-1-5-21-4127652004-385634555-3113667412-500', 'LocalHost (LRPC 使用)', '利用不可',
                      '利用不可'
Category           : (0)
CategoryNumber     : 0
ReplacementStrings : {アプリケーション固有, ローカル, アクティブ化, {D63B10C5-BB46-4990-A94F-E40B9D520160}...}
Source             : DCOM
TimeGenerated      : 2020/07/22 10:37:45
TimeWritten        : 2020/07/22 10:37:45
UserName           : WIN-JKSSMTI1TM6\Administrator

Index              : 456016
EntryType          : Error
InstanceId         : 10016
Message            : ソース 'DCOM' のイベント ID '10016' の説明が見つかりません。必要なレジストリ情報またはメッセージを表示するメッセージ DLL ファイルがローカル コンピューターに存在しない可能
                     性があります。または、これらのデータへのアクセス許可がユーザーに与えられていない可能性があります。次の情報はイベントの一部です:'アプリケーション固有', 'ローカル', 'アクティブ化', '{
                     D63B10C5-BB46-4990-A94F-E40B9D520160}', '{9CA88EE3-ACB7-47C8-AFC4-AB702511C276}', 'WIN-JKSSMTI1TM6
                     ', 'Administrator', 'S-1-5-21-4127652004-385634555-3113667412-500', 'LocalHost (LRPC 使用)', '利用不可',
                      '利用不可'
Category           : (0)
CategoryNumber     : 0
ReplacementStrings : {アプリケーション固有, ローカル, アクティブ化, {D63B10C5-BB46-4990-A94F-E40B9D520160}...}
Source             : DCOM
TimeGenerated      : 2020/07/22 10:37:45
TimeWritten        : 2020/07/22 10:37:45
UserName           : WIN-JKSSMTI1TM6\Administrator

Index              : 456003
EntryType          : Error
InstanceId         : 3221487623
Message            : デバイス \Device\Harddisk0\DR0 に不良ブロックがあります。
Category           : (0)
CategoryNumber     : 0
ReplacementStrings : {\Device\Harddisk0\DR0}
Source             : Disk
TimeGenerated      : 2020/07/22 10:20:20
TimeWritten        : 2020/07/22 10:20:20
UserName           : 

Index              : 456002
EntryType          : Error
InstanceId         : 3221487623
Message            : デバイス \Device\Harddisk0\DR0 に不良ブロックがあります。
Category           : (0)
CategoryNumber     : 0
ReplacementStrings : {\Device\Harddisk0\DR0}
Source             : Disk
TimeGenerated      : 2020/07/22 10:20:20
TimeWritten        : 2020/07/22 10:20:20
UserName           : 

Index              : 456001
EntryType          : Error
InstanceId         : 3221487623
Message            : デバイス \Device\Harddisk0\DR0 に不良ブロックがあります。
Category           : (0)
CategoryNumber     : 0
ReplacementStrings : {\Device\Harddisk0\DR0}
Source             : Disk
TimeGenerated      : 2020/07/22 10:20:20
TimeWritten        : 2020/07/22 10:20:20
UserName           : 

Index              : 456000
EntryType          : Error
InstanceId         : 3221487623
Message            : デバイス \Device\Harddisk0\DR0 に不良ブロックがあります。
Category           : (0)
CategoryNumber     : 0
ReplacementStrings : {\Device\Harddisk0\DR0}
Source             : Disk
TimeGenerated      : 2020/07/22 10:20:19
TimeWritten        : 2020/07/22 10:20:19
UserName           : 

Index              : 455999
EntryType          : Error
InstanceId         : 3221487623
Message            : デバイス \Device\Harddisk0\DR0 に不良ブロックがあります。
Category           : (0)
CategoryNumber     : 0
ReplacementStrings : {\Device\Harddisk0\DR0}
Source             : Disk
TimeGenerated      : 2020/07/22 10:20:19
TimeWritten        : 2020/07/22 10:20:19
UserName           : 

Index              : 455998
EntryType          : Error
InstanceId         : 3221487631
Message            : デバイス \Device\Harddisk0\DR0 はまだアクセスできる状態ではありません。
Category           : (0)
CategoryNumber     : 0
ReplacementStrings : {\Device\Harddisk0\DR0}
Source             : Disk
TimeGenerated      : 2020/07/22 10:20:19
TimeWritten        : 2020/07/22 10:20:19
UserName           : 

Index              : 455997
EntryType          : Error
InstanceId         : 3221487623
Message            : デバイス \Device\Harddisk0\DR0 に不良ブロックがあります。
Category           : (0)
CategoryNumber     : 0
ReplacementStrings : {\Device\Harddisk0\DR0}
Source             : Disk
TimeGenerated      : 2020/07/22 10:20:19
TimeWritten        : 2020/07/22 10:20:19
UserName           : 

