Index              : 437657
EntryType          : Error
InstanceId         : 10016
Message            : ソース 'DCOM' のイベント ID '10016' の説明が見つかりません。必要なレジストリ情報またはメッセージを表示するメッセージ DLL ファイルがローカル コンピューターに存在しない可能
                     性があります。または、これらのデータへのアクセス許可がユーザーに与えられていない可能性があります。次の情報はイベントの一部です:'アプリケーション固有', 'ローカル', 'アクティブ化', '{
                     8D8F4F83-3594-4F07-8369-FC3C3CAE4919}', '{F72671A9-012C-4725-9D2F-2A4D32D65169}', 'NT AUTHORITY', 
                     'SYSTEM', 'S-1-5-18', 'LocalHost (LRPC 使用)', '利用不可', '利用不可'
Category           : (0)
CategoryNumber     : 0
ReplacementStrings : {アプリケーション固有, ローカル, アクティブ化, {8D8F4F83-3594-4F07-8369-FC3C3CAE4919}...}
Source             : DCOM
TimeGenerated      : 2020/07/02 6:36:37
TimeWritten        : 2020/07/02 6:36:37
UserName           : NT AUTHORITY\SYSTEM

Index              : 437602
EntryType          : Error
InstanceId         : 10016
Message            : ソース 'DCOM' のイベント ID '10016' の説明が見つかりません。必要なレジストリ情報またはメッセージを表示するメッセージ DLL ファイルがローカル コンピューターに存在しない可能
                     性があります。または、これらのデータへのアクセス許可がユーザーに与えられていない可能性があります。次の情報はイベントの一部です:'アプリケーション固有', 'ローカル', 'アクティブ化', '{
                     D63B10C5-BB46-4990-A94F-E40B9D520160}', '{9CA88EE3-ACB7-47C8-AFC4-AB702511C276}', 'NT SERVICE', 'P
                     owerBIReportServer', 'S-1-5-80-1730998386-2757299892-37364343-1607169425-3512908663', 'LocalHost (
                     LRPC 使用)', '利用不可', '利用不可'
Category           : (0)
CategoryNumber     : 0
ReplacementStrings : {アプリケーション固有, ローカル, アクティブ化, {D63B10C5-BB46-4990-A94F-E40B9D520160}...}
Source             : DCOM
TimeGenerated      : 2020/07/02 6:32:13
TimeWritten        : 2020/07/02 6:32:13
UserName           : 

Index              : 437601
EntryType          : Error
InstanceId         : 10016
Message            : ソース 'DCOM' のイベント ID '10016' の説明が見つかりません。必要なレジストリ情報またはメッセージを表示するメッセージ DLL ファイルがローカル コンピューターに存在しない可能
                     性があります。または、これらのデータへのアクセス許可がユーザーに与えられていない可能性があります。次の情報はイベントの一部です:'アプリケーション固有', 'ローカル', 'アクティブ化', '{
                     D63B10C5-BB46-4990-A94F-E40B9D520160}', '{9CA88EE3-ACB7-47C8-AFC4-AB702511C276}', 'NT SERVICE', 'M
                     SSQL$SQLEXPRESS', 'S-1-5-80-3880006512-4290199581-1648723128-3569869737-3631323133', 'LocalHost (L
                     RPC 使用)', '利用不可', '利用不可'
Category           : (0)
CategoryNumber     : 0
ReplacementStrings : {アプリケーション固有, ローカル, アクティブ化, {D63B10C5-BB46-4990-A94F-E40B9D520160}...}
Source             : DCOM
TimeGenerated      : 2020/07/02 6:32:13
TimeWritten        : 2020/07/02 6:32:13
UserName           : 

Index              : 437600
EntryType          : Error
InstanceId         : 10016
Message            : ソース 'DCOM' のイベント ID '10016' の説明が見つかりません。必要なレジストリ情報またはメッセージを表示するメッセージ DLL ファイルがローカル コンピューターに存在しない可能
                     性があります。または、これらのデータへのアクセス許可がユーザーに与えられていない可能性があります。次の情報はイベントの一部です:'アプリケーション固有', 'ローカル', 'アクティブ化', '{
                     D63B10C5-BB46-4990-A94F-E40B9D520160}', '{9CA88EE3-ACB7-47C8-AFC4-AB702511C276}', 'NT SERVICE', 'S
                     QLTELEMETRY$SQLEXPRESS', 'S-1-5-80-1985561900-798682989-2213159822-1904180398-3434236965', 'LocalH
                     ost (LRPC 使用)', '利用不可', '利用不可'
Category           : (0)
CategoryNumber     : 0
ReplacementStrings : {アプリケーション固有, ローカル, アクティブ化, {D63B10C5-BB46-4990-A94F-E40B9D520160}...}
Source             : DCOM
TimeGenerated      : 2020/07/02 6:32:13
TimeWritten        : 2020/07/02 6:32:13
UserName           : 

Index              : 437488
EntryType          : Error
InstanceId         : 1073742825
Message            : ソース 'BugCheck' のイベント ID '1073742825' の説明が見つかりません。必要なレジストリ情報またはメッセージを表示するメッセージ DLL ファイルがローカル コンピュータ
                     ーに存在しない可能性があります。または、これらのデータへのアクセス許可がユーザーに与えられていない可能性があります。次の情報はイベントの一部です:'0xc000021a (0xffffbd8ed6
                     c1b5f0, 0xffffffffc0000006, 0x00007ffb011080a9, 0x0000003c6283efc0)', 'C:\Windows\Minidump\070220-
                     5703-01.dmp', 'e2e03764-1668-4b91-ab0b-212e2b44e93f'
Category           : (0)
CategoryNumber     : 0
ReplacementStrings : {0xc000021a (0xffffbd8ed6c1b5f0, 0xffffffffc0000006, 0x00007ffb011080a9, 0x0000003c6283efc0), C:\W
                     indows\Minidump\070220-5703-01.dmp, e2e03764-1668-4b91-ab0b-212e2b44e93f}
Source             : BugCheck
TimeGenerated      : 2020/07/02 6:32:11
TimeWritten        : 2020/07/02 6:32:11
UserName           : 

Index              : 437484
EntryType          : Error
InstanceId         : 2147489656
Message            : 以前のシステム シャットダウン ( ‎2020/‎07/‎02 6:31:27) は予期されていませんでした。
Category           : (0)
CategoryNumber     : 0
ReplacementStrings : {6:31:27, ‎2020/‎07/‎02, , ...}
Source             : EventLog
TimeGenerated      : 2020/07/02 6:32:10
TimeWritten        : 2020/07/02 6:32:10
UserName           : 

Index              : 437482
EntryType          : Error
InstanceId         : 10016
Message            : ソース 'DCOM' のイベント ID '10016' の説明が見つかりません。必要なレジストリ情報またはメッセージを表示するメッセージ DLL ファイルがローカル コンピューターに存在しない可能
                     性があります。または、これらのデータへのアクセス許可がユーザーに与えられていない可能性があります。次の情報はイベントの一部です:'アプリケーション固有', 'ローカル', 'アクティブ化', '{
                     D63B10C5-BB46-4990-A94F-E40B9D520160}', '{9CA88EE3-ACB7-47C8-AFC4-AB702511C276}', 'WIN-JKSSMTI1TM6
                     ', 'Administrator', 'S-1-5-21-4127652004-385634555-3113667412-500', 'LocalHost (LRPC 使用)', '利用不可',
                      '利用不可'
Category           : (0)
CategoryNumber     : 0
ReplacementStrings : {アプリケーション固有, ローカル, アクティブ化, {D63B10C5-BB46-4990-A94F-E40B9D520160}...}
Source             : DCOM
TimeGenerated      : 2020/07/02 6:30:52
TimeWritten        : 2020/07/02 6:30:52
UserName           : WIN-JKSSMTI1TM6\Administrator

Index              : 426604
EntryType          : Error
InstanceId         : 3221487623
Message            : デバイス \Device\Harddisk0\DR0 に不良ブロックがあります。
Category           : (0)
CategoryNumber     : 0
ReplacementStrings : {\Device\Harddisk0\DR0}
Source             : Disk
TimeGenerated      : 2020/06/17 17:56:52
TimeWritten        : 2020/06/17 17:56:52
UserName           : 

Index              : 426603
EntryType          : Error
InstanceId         : 3221487623
Message            : デバイス \Device\Harddisk0\DR0 に不良ブロックがあります。
Category           : (0)
CategoryNumber     : 0
ReplacementStrings : {\Device\Harddisk0\DR0}
Source             : Disk
TimeGenerated      : 2020/06/17 17:56:52
TimeWritten        : 2020/06/17 17:56:52
UserName           : 

Index              : 426602
EntryType          : Error
InstanceId         : 3221487623
Message            : デバイス \Device\Harddisk0\DR0 に不良ブロックがあります。
Category           : (0)
CategoryNumber     : 0
ReplacementStrings : {\Device\Harddisk0\DR0}
Source             : Disk
TimeGenerated      : 2020/06/17 17:56:52
TimeWritten        : 2020/06/17 17:56:52
UserName           : 

Index              : 426601
EntryType          : Error
InstanceId         : 3221487623
Message            : デバイス \Device\Harddisk0\DR0 に不良ブロックがあります。
Category           : (0)
CategoryNumber     : 0
ReplacementStrings : {\Device\Harddisk0\DR0}
Source             : Disk
TimeGenerated      : 2020/06/17 17:56:52
TimeWritten        : 2020/06/17 17:56:52
UserName           : 

Index              : 426185
EntryType          : Error
InstanceId         : 3221487623
Message            : デバイス \Device\Harddisk0\DR0 に不良ブロックがあります。
Category           : (0)
CategoryNumber     : 0
ReplacementStrings : {\Device\Harddisk0\DR0}
Source             : Disk
TimeGenerated      : 2020/06/17 4:41:55
TimeWritten        : 2020/06/17 4:41:55
UserName           : 

Index              : 426184
EntryType          : Error
InstanceId         : 3221487623
Message            : デバイス \Device\Harddisk0\DR0 に不良ブロックがあります。
Category           : (0)
CategoryNumber     : 0
ReplacementStrings : {\Device\Harddisk0\DR0}
Source             : Disk
TimeGenerated      : 2020/06/17 4:41:55
TimeWritten        : 2020/06/17 4:41:55
UserName           : 

Index              : 426183
EntryType          : Error
InstanceId         : 3221487623
Message            : デバイス \Device\Harddisk0\DR0 に不良ブロックがあります。
Category           : (0)
CategoryNumber     : 0
ReplacementStrings : {\Device\Harddisk0\DR0}
Source             : Disk
TimeGenerated      : 2020/06/17 4:41:55
TimeWritten        : 2020/06/17 4:41:55
UserName           : 

Index              : 426182
EntryType          : Error
InstanceId         : 3221487623
Message            : デバイス \Device\Harddisk0\DR0 に不良ブロックがあります。
Category           : (0)
CategoryNumber     : 0
ReplacementStrings : {\Device\Harddisk0\DR0}
Source             : Disk
TimeGenerated      : 2020/06/17 4:41:55
TimeWritten        : 2020/06/17 4:41:55
UserName           : 

Index              : 425854
EntryType          : Error
InstanceId         : 3221487623
Message            : デバイス \Device\Harddisk0\DR0 に不良ブロックがあります。
Category           : (0)
CategoryNumber     : 0
ReplacementStrings : {\Device\Harddisk0\DR0}
Source             : Disk
TimeGenerated      : 2020/06/16 18:02:04
TimeWritten        : 2020/06/16 18:02:04
UserName           : 

Index              : 425853
EntryType          : Error
InstanceId         : 3221487623
Message            : デバイス \Device\Harddisk0\DR0 に不良ブロックがあります。
Category           : (0)
CategoryNumber     : 0
ReplacementStrings : {\Device\Harddisk0\DR0}
Source             : Disk
TimeGenerated      : 2020/06/16 18:02:04
TimeWritten        : 2020/06/16 18:02:04
UserName           : 

Index              : 425852
EntryType          : Error
InstanceId         : 3221487623
Message            : デバイス \Device\Harddisk0\DR0 に不良ブロックがあります。
Category           : (0)
CategoryNumber     : 0
ReplacementStrings : {\Device\Harddisk0\DR0}
Source             : Disk
TimeGenerated      : 2020/06/16 18:02:04
TimeWritten        : 2020/06/16 18:02:04
UserName           : 

Index              : 425851
EntryType          : Error
InstanceId         : 3221487623
Message            : デバイス \Device\Harddisk0\DR0 に不良ブロックがあります。
Category           : (0)
CategoryNumber     : 0
ReplacementStrings : {\Device\Harddisk0\DR0}
Source             : Disk
TimeGenerated      : 2020/06/16 18:02:04
TimeWritten        : 2020/06/16 18:02:04
UserName           : 

Index              : 425850
EntryType          : Error
InstanceId         : 3221487623
Message            : デバイス \Device\Harddisk0\DR0 に不良ブロックがあります。
Category           : (0)
CategoryNumber     : 0
ReplacementStrings : {\Device\Harddisk0\DR0}
Source             : Disk
TimeGenerated      : 2020/06/16 18:02:04
TimeWritten        : 2020/06/16 18:02:04
UserName           : 

Index              : 425849
EntryType          : Error
InstanceId         : 3221487623
Message            : デバイス \Device\Harddisk0\DR0 に不良ブロックがあります。
Category           : (0)
CategoryNumber     : 0
ReplacementStrings : {\Device\Harddisk0\DR0}
Source             : Disk
TimeGenerated      : 2020/06/16 18:02:04
TimeWritten        : 2020/06/16 18:02:04
UserName           : 

Index              : 425848
EntryType          : Error
InstanceId         : 3221487623
Message            : デバイス \Device\Harddisk0\DR0 に不良ブロックがあります。
Category           : (0)
CategoryNumber     : 0
ReplacementStrings : {\Device\Harddisk0\DR0}
Source             : Disk
TimeGenerated      : 2020/06/16 18:02:04
TimeWritten        : 2020/06/16 18:02:04
UserName           : 

Index              : 425847
EntryType          : Error
InstanceId         : 3221487623
Message            : デバイス \Device\Harddisk0\DR0 に不良ブロックがあります。
Category           : (0)
CategoryNumber     : 0
ReplacementStrings : {\Device\Harddisk0\DR0}
Source             : Disk
TimeGenerated      : 2020/06/16 18:02:03
TimeWritten        : 2020/06/16 18:02:03
UserName           : 

Index              : 425846
EntryType          : Error
InstanceId         : 3221487623
Message            : デバイス \Device\Harddisk0\DR0 に不良ブロックがあります。
Category           : (0)
CategoryNumber     : 0
ReplacementStrings : {\Device\Harddisk0\DR0}
Source             : Disk
TimeGenerated      : 2020/06/16 18:02:03
TimeWritten        : 2020/06/16 18:02:03
UserName           : 

Index              : 425845
EntryType          : Error
InstanceId         : 3221487623
Message            : デバイス \Device\Harddisk0\DR0 に不良ブロックがあります。
Category           : (0)
CategoryNumber     : 0
ReplacementStrings : {\Device\Harddisk0\DR0}
Source             : Disk
TimeGenerated      : 2020/06/16 18:02:03
TimeWritten        : 2020/06/16 18:02:03
UserName           : 

Index              : 421142
EntryType          : Error
InstanceId         : 10016
Message            : ソース 'DCOM' のイベント ID '10016' の説明が見つかりません。必要なレジストリ情報またはメッセージを表示するメッセージ DLL ファイルがローカル コンピューターに存在しない可能
                     性があります。または、これらのデータへのアクセス許可がユーザーに与えられていない可能性があります。次の情報はイベントの一部です:'アプリケーション固有', 'ローカル', 'アクティブ化', '{
                     8D8F4F83-3594-4F07-8369-FC3C3CAE4919}', '{F72671A9-012C-4725-9D2F-2A4D32D65169}', 'NT AUTHORITY', 
                     'SYSTEM', 'S-1-5-18', 'LocalHost (LRPC 使用)', '利用不可', '利用不可'
Category           : (0)
CategoryNumber     : 0
ReplacementStrings : {アプリケーション固有, ローカル, アクティブ化, {8D8F4F83-3594-4F07-8369-FC3C3CAE4919}...}
Source             : DCOM
TimeGenerated      : 2020/06/10 17:47:05
TimeWritten        : 2020/06/10 17:47:05
UserName           : NT AUTHORITY\SYSTEM

Index              : 421118
EntryType          : Error
InstanceId         : 10016
Message            : ソース 'DCOM' のイベント ID '10016' の説明が見つかりません。必要なレジストリ情報またはメッセージを表示するメッセージ DLL ファイルがローカル コンピューターに存在しない可能
                     性があります。または、これらのデータへのアクセス許可がユーザーに与えられていない可能性があります。次の情報はイベントの一部です:'アプリケーション固有', 'ローカル', 'アクティブ化', '{
                     D63B10C5-BB46-4990-A94F-E40B9D520160}', '{9CA88EE3-ACB7-47C8-AFC4-AB702511C276}', 'NT SERVICE', 'M
                     SSQL$SQLEXPRESS', 'S-1-5-80-3880006512-4290199581-1648723128-3569869737-3631323133', 'LocalHost (L
                     RPC 使用)', '利用不可', '利用不可'
Category           : (0)
CategoryNumber     : 0
ReplacementStrings : {アプリケーション固有, ローカル, アクティブ化, {D63B10C5-BB46-4990-A94F-E40B9D520160}...}
Source             : DCOM
TimeGenerated      : 2020/06/10 17:46:42
TimeWritten        : 2020/06/10 17:46:42
UserName           : 

Index              : 421117
EntryType          : Error
InstanceId         : 10016
Message            : ソース 'DCOM' のイベント ID '10016' の説明が見つかりません。必要なレジストリ情報またはメッセージを表示するメッセージ DLL ファイルがローカル コンピューターに存在しない可能
                     性があります。または、これらのデータへのアクセス許可がユーザーに与えられていない可能性があります。次の情報はイベントの一部です:'アプリケーション固有', 'ローカル', 'アクティブ化', '{
                     D63B10C5-BB46-4990-A94F-E40B9D520160}', '{9CA88EE3-ACB7-47C8-AFC4-AB702511C276}', 'NT SERVICE', 'P
                     owerBIReportServer', 'S-1-5-80-1730998386-2757299892-37364343-1607169425-3512908663', 'LocalHost (
                     LRPC 使用)', '利用不可', '利用不可'
Category           : (0)
CategoryNumber     : 0
ReplacementStrings : {アプリケーション固有, ローカル, アクティブ化, {D63B10C5-BB46-4990-A94F-E40B9D520160}...}
Source             : DCOM
TimeGenerated      : 2020/06/10 17:46:42
TimeWritten        : 2020/06/10 17:46:42
UserName           : 

Index              : 421116
EntryType          : Error
InstanceId         : 10016
Message            : ソース 'DCOM' のイベント ID '10016' の説明が見つかりません。必要なレジストリ情報またはメッセージを表示するメッセージ DLL ファイルがローカル コンピューターに存在しない可能
                     性があります。または、これらのデータへのアクセス許可がユーザーに与えられていない可能性があります。次の情報はイベントの一部です:'アプリケーション固有', 'ローカル', 'アクティブ化', '{
                     D63B10C5-BB46-4990-A94F-E40B9D520160}', '{9CA88EE3-ACB7-47C8-AFC4-AB702511C276}', 'NT SERVICE', 'S
                     QLTELEMETRY$SQLEXPRESS', 'S-1-5-80-1985561900-798682989-2213159822-1904180398-3434236965', 'LocalH
                     ost (LRPC 使用)', '利用不可', '利用不可'
Category           : (0)
CategoryNumber     : 0
ReplacementStrings : {アプリケーション固有, ローカル, アクティブ化, {D63B10C5-BB46-4990-A94F-E40B9D520160}...}
Source             : DCOM
TimeGenerated      : 2020/06/10 17:46:42
TimeWritten        : 2020/06/10 17:46:42
UserName           : 

Index              : 420948
EntryType          : Error
InstanceId         : 10016
Message            : ソース 'DCOM' のイベント ID '10016' の説明が見つかりません。必要なレジストリ情報またはメッセージを表示するメッセージ DLL ファイルがローカル コンピューターに存在しない可能
                     性があります。または、これらのデータへのアクセス許可がユーザーに与えられていない可能性があります。次の情報はイベントの一部です:'アプリケーション固有', 'ローカル', 'アクティブ化', '{
                     D63B10C5-BB46-4990-A94F-E40B9D520160}', '{9CA88EE3-ACB7-47C8-AFC4-AB702511C276}', 'NT AUTHORITY', 
                     'SYSTEM', 'S-1-5-18', 'LocalHost (LRPC 使用)', '利用不可', '利用不可'
Category           : (0)
CategoryNumber     : 0
ReplacementStrings : {アプリケーション固有, ローカル, アクティブ化, {D63B10C5-BB46-4990-A94F-E40B9D520160}...}
Source             : DCOM
TimeGenerated      : 2020/06/10 17:46:20
TimeWritten        : 2020/06/10 17:46:20
UserName           : NT AUTHORITY\SYSTEM

Index              : 420939
EntryType          : Error
InstanceId         : 3221232506
Message            : GETPERF Agent サービスは予期せぬ原因により終了しました。このサービスの強制終了は 4 回目です。
Category           : (0)
CategoryNumber     : 0
ReplacementStrings : {GETPERF Agent, 4}
Source             : Service Control Manager
TimeGenerated      : 2020/06/10 17:38:03
TimeWritten        : 2020/06/10 17:38:03
UserName           : 

Index              : 420935
EntryType          : Error
InstanceId         : 3221232506
Message            : GETPERF Agent サービスは予期せぬ原因により終了しました。このサービスの強制終了は 3 回目です。
Category           : (0)
CategoryNumber     : 0
ReplacementStrings : {GETPERF Agent, 3}
Source             : Service Control Manager
TimeGenerated      : 2020/06/10 17:34:27
TimeWritten        : 2020/06/10 17:34:27
UserName           : 

Index              : 420932
EntryType          : Error
InstanceId         : 3221232506
Message            : GETPERF Agent サービスは予期せぬ原因により終了しました。このサービスの強制終了は 2 回目です。
Category           : (0)
CategoryNumber     : 0
ReplacementStrings : {GETPERF Agent, 2}
Source             : Service Control Manager
TimeGenerated      : 2020/06/10 17:30:36
TimeWritten        : 2020/06/10 17:30:36
UserName           : 



